# 2025-12-16 17:42:37.851817

# field.xml config.pdb
#   601 molecules 9920 atoms 10980 bonds
#   box 4.1888 4.2678 10.0 nm
# Langevin integrator 323.0 K
#   barostat (1.0, 1.0, 0.0)
# platform CUDA
#   DeviceIndex 0
#   DeviceName NVIDIA GeForce RTX 2080 SUPER
#   UseBlockingSync false
#   Precision single
#   UseCpuPme false
#   CudaCompiler 
#   TempDirectory /tmp
#   CudaHostCompiler 
#   DisablePmeStream false
#   DeterministicForces false
# PotentielEnergy -23001.639542600955 kJ/mol
#   HarmonicBondForce 468.0525684952736 kJ/mol
#   RBTorsionForce -1580.6307749009575 kJ/mol
#   NonbondedForce -14186.32205906135 kJ/mol
#   LennardJones -26964.212869281793 kJ/mol
#   CMMotionRemover 0.0 kJ/mol
#   HarmonicAngleForce 1737.248935090378 kJ/mol
#   LennardJones14 17524.220458984375 kJ/mol
#   MonteCarloAnisotropicBarostat 0.0 kJ/mol
#"Step"	"Potential Energy (kJ/mole)"	"Total Energy (kJ/mole)"	"Temperature (K)"	"Density (g/mL)"	"Speed (ns/day)"
1000	-62117.27345838939	-25447.71877088939	333.39635639971726	0.8541964897588139	0
2000	-66299.96537661884	-30580.445845368842	324.75872056681317	0.8509943264391225	131
3000	-67970.0280933553	-32351.6296558553	323.8393365028748	0.8463159784336446	133
4000	-68564.32918527428	-33111.032310274284	322.3382476611233	0.842976369083024	133
5000	-69513.90625244418	-33933.53515869418	323.49359524809665	0.8416521283535253	133
6000	-69862.55796330798	-33907.718119557976	326.89823208919023	0.8398323084879383	134
7000	-70448.71993542799	-35031.53634167799	322.0099088937455	0.8405843194277409	134
8000	-70716.98141308843	-35229.05172558843	322.6531261372263	0.8410964894491699	134
9000	-70982.1130252049	-35632.343493954904	321.3969861844532	0.8410968990501085	134
10000	-71292.56942517887	-35600.47567517887	324.5093677830641	0.8405821804612891	134
11000	-71263.64158900357	-35157.17674525357	328.27679321353185	0.8404368172408994	134
12000	-71601.31136792628	-36288.420742926275	321.0616864221153	0.8414925946163343	134
13000	-71748.45565965335	-36285.78769090335	322.42344881882366	0.8406147418943727	134
14000	-72277.3409352631	-36650.5362477631	323.91576538631415	0.8411285309336987	134
15000	-73356.38253117139	-37989.01924992139	321.5569470074138	0.8405829040027096	134
16000	-72541.98365210045	-37426.22583960045	319.26937228101303	0.8403217043698968	134
17000	-72048.10829413023	-36426.25673163023	323.870732010756	0.8408930163357158	134
18000	-72636.70036973237	-37104.80974473237	323.0528151029451	0.8411809764294307	134
19000	-72192.59844174793	-36565.668754247934	323.91690187528724	0.8411853486048824	134
20000	-72999.96572732147	-37493.12197732147	322.82509112496496	0.8405156984817028	134
21000	-72901.3889312383	-36664.549087488296	329.4621512124505	0.8408997108669891	134
22000	-72447.36205815375	-37429.350339403754	318.3806734193477	0.8395685299158457	134
23000	-72565.8875664638	-36795.6297539638	325.22002854404093	0.8402130341266745	134
24000	-73475.55205906389	-37556.05987156389	326.5768543167725	0.840919456421729	134
25000	-73269.77391687171	-37783.70751062171	322.6361853484714	0.8408823732997835	134
26000	-73940.08199312216	-39365.92183687216	314.345214167636	0.8402606351266338	133
27000	-73665.17107808682	-38015.741390586816	324.121469890441	0.8402749564820733	133
28000	-73105.43142127567	-37341.38845252567	325.1635237329108	0.8398058511985559	133
29000	-73399.56817715232	-37930.08770840232	322.4853874678563	0.8402704321343025	133
30000	-74089.09451130172	-38910.53201130172	319.84038695942314	0.8404962730022116	133
31000	-73991.19515129375	-38623.42171379375	321.5606761118567	0.8413085353561026	133
32000	-73754.30155185034	-38120.14920810034	323.9825696287628	0.8408738076854712	133
33000	-73903.26982772173	-38342.71514022173	323.3134262305837	0.8419440648341363	133
34000	-74121.81524275843	-38841.70586775843	320.76364218892604	0.8415189796183348	133
35000	-74840.27732562242	-39224.25388812242	323.81774321238635	0.8410156797739913	133
36000	-74659.19788554918	-38906.768198049176	325.0579368042559	0.8404001603178783	133
37000	-74691.26291673056	-39348.89572923056	321.32968472807886	0.8414065582692565	133
38000	-74565.2862502772	-39367.274531527204	320.0172175405777	0.8397138788006684	133
39000	-74312.6276344603	-38675.463571960296	324.00995190995786	0.8408467922788284	133
40000	-74977.2483410569	-39843.9241223069	319.4290844970107	0.8406600294722302	133
41000	-74709.69388563678	-38791.20951063678	326.56769137442706	0.8410769957486672	133
42000	-74585.85497790124	-39153.87060290124	322.14447629121383	0.8410708573107375	133
43000	-74558.75405702702	-39087.91811952702	322.49771127015816	0.8409444228891307	133
44000	-74510.35247109328	-38847.80168984328	324.24076571733355	0.8411898440128553	133
45000	-74729.59132043351	-38920.20069543351	325.57582062317465	0.840254012717018	133
46000	-75036.93378623361	-40290.48066123361	315.91168664061973	0.8402473036530467	133
47000	-75177.39089983281	-39356.39871233281	325.6813010059883	0.8399449157423329	133
48000	-74772.22040650052	-39011.64228150052	325.1320216791883	0.8411817335952578	133
49000	-75121.1652604308	-39740.204322930804	321.68057569851624	0.8408897833609726	133
50000	-74892.44098524717	-39572.94098524717	321.1217782765667	0.8409412194843312	133
51000	-74679.26478451514	-39232.15540951514	322.28199145695606	0.8411633240683812	132
52000	-74699.60529749445	-39272.48029749445	322.1002952823855	0.840745007209505	132
53000	-75062.43181367828	-39407.21696992828	324.17406802072617	0.8409685435529707	132
54000	-75047.20763396953	-39533.035758969534	322.89171779101156	0.8412351629413835	132
55000	-75150.18542937457	-39283.99792937457	326.09221280031625	0.8396249615632895	132
56000	-75256.41505135776	-39461.38380135776	325.4452664523925	0.8406975286538991	132
57000	-74825.1207871559	-39418.3864121559	321.91490551865235	0.8401668998385992	132
58000	-75628.04041147111	-39815.43884897111	325.60501418367056	0.8413233780901724	132
59000	-75825.51231065036	-40962.02402940036	316.9757599569429	0.8401468624909929	132
60000	-75777.67469025642	-40681.88953400642	319.0877826522837	0.8400209312171611	132
61000	-75614.05251788735	-39860.62283038735	325.06702871604057	0.8406638483861548	132
62000	-75718.65041779513	-39745.22463654513	327.0672137933745	0.8406051770799552	132
63000	-74948.52145752117	-39219.21286377117	324.8477218595172	0.8408522272779998	132
64000	-75335.14290689887	-39999.588219398865	321.2677460790462	0.8402097905707925	132
65000	-75688.58962667146	-39872.851345421455	325.63353295383865	0.8395087782746685	132
66000	-75320.81780043531	-40145.03655043531	319.81510007977215	0.8405212717393462	132
67000	-75520.95933623923	-39801.56480498923	324.7575840778401	0.8412070575091096	132
68000	-76176.47084357103	-39918.213031071034	329.65688149493104	0.8404596487534314	132
69000	-75530.94927700402	-39926.12505825402	323.71592090345473	0.8402129948366461	132
70000	-75674.77797409105	-40254.53578659105	322.03771735830543	0.8405495527388421	132
71000	-75078.54395937969	-39518.73927187969	323.3066072967452	0.8410061139121702	132
72000	-76337.61425679298	-40863.36816304298	322.52871610995487	0.8406897274349125	132
73000	-75620.80940136124	-40227.61408886124	321.79180955675605	0.8406817746589874	132
74000	-75656.2924122185	-40303.43303721851	321.4250787712565	0.840082384992728	132
75000	-75641.54068259787	-39767.30240134787	326.16540979323844	0.8398363285646206	132
76000	-75584.09951124113	-39558.22060499113	327.54411297870166	0.8398445734371498	132
77000	-75408.99881646996	-39799.72537896996	323.7563728078402	0.8399382520780836	132
78000	-75877.88896470581	-40111.03740220581	325.1890592195246	0.8408395161747634	132
79000	-75530.47944799978	-39545.22944799978	327.17471854717144	0.8407542735280755	132
80000	-76164.6077114056	-40431.693648905595	324.8805024633344	0.8405199481424516	132
81000	-75620.81473097326	-40099.43191847326	322.9572789986459	0.8406234072942672	132
82000	-75179.56143508773	-39903.44424758773	320.7273455723484	0.8402627981261168	131
83000	-75923.73566779285	-40515.45441779285	321.9289695696942	0.839970533074405	131
84000	-75398.34921054327	-39160.22421054327	329.47383573970495	0.8403425119131644	131
85000	-75792.69901675079	-40345.65214175079	322.2814232124695	0.840025201807639	131
86000	-76152.38750405428	-40603.77031655428	323.2048915336549	0.8396845042331038	131
87000	-76270.28105679702	-40883.972463047015	321.72919611739565	0.840390306561765	131
88000	-76652.62708738362	-41548.73646238362	319.1614768591316	0.840011544215293	131
89000	-75921.21338959654	-39699.45557709654	329.3250267147928	0.8395940620051352	131
90000	-75356.68833471526	-39815.05552221526	323.14139021228425	0.8400019133137357	131
91000	-75974.65783799368	-40573.876587993684	321.86078023130966	0.8396963868166022	131
92000	-76140.12834356059	-40674.83146856059	322.4473506025387	0.8400384538449963	131
93000	-76111.99982677416	-40601.58576427416	322.8575520912584	0.8408728534590469	131
94000	-75868.25256765609	-40874.60413015609	318.15916461543907	0.8409949371868721	131
95000	-76013.19785861846	-40718.846296118456	320.8931309012959	0.8404531120760039	131
96000	-76159.77739455175	-41075.796925801755	318.9804554748888	0.8398556511954369	131
97000	-76246.04565272538	-40893.998777725385	321.4176915929315	0.839857258719006	131
98000	-76710.68152912045	-41251.142466620455	322.39500107921634	0.8401497662131128	131
99000	-75437.15356239167	-40197.89574989167	320.39222338641247	0.8408309608828132	131
100000	-75798.32011625911	-40454.058397509114	321.34690963907707	0.8411182144977277	131
101000	-76100.27696954586	-41169.480094545856	317.58772375366414	0.8405553928858583	131
102000	-76317.44250300595	-40611.55969050595	324.6347367229066	0.8403248688149975	131
103000	-76009.74236749327	-40118.179867493265	326.3229200618507	0.8407533354794214	131
104000	-75552.86709767638	-39738.92178517638	325.6172314401311	0.840031764988516	131
105000	-76259.44655405104	-40919.74342905104	321.3054633068402	0.8399128830370971	131
106000	-76005.63039998928	-40801.333524989284	320.0743616267552	0.8406871987380683	131
107000	-76857.90670161809	-41627.47310786809	320.3119943679694	0.8407565819663319	131
108000	-75768.22934682714	-40364.36215932714	321.8888373028325	0.8405562267321588	131
109000	-76334.39141841298	-40938.41485591298	321.817096436407	0.8409631918376574	131
110000	-76078.52299092509	-41122.81205342509	317.8142402121104	0.8407053835032126	131
111000	-76437.25499796562	-40944.52843546562	322.69673890156815	0.8402802367298637	131
112000	-75939.99481079623	-40642.33074829623	320.92324785908244	0.8411354458476424	131
113000	-75726.05061744823	-40282.21467994823	322.25222965197366	0.8402483684074683	131
114000	-76675.60865374384	-41494.97974749384	319.8591745427593	0.8409431913727512	131
115000	-76019.91910324516	-41094.23941574516	317.5411987363288	0.8405404464878597	131
116000	-75864.23325650116	-40682.65122525116	319.867840271179	0.8400035283246464	131
117000	-76261.64233927785	-40769.39233927785	322.6924060373583	0.8401783757437575	131
118000	-76250.11105484494	-40854.915742344936	321.8099933803253	0.8410345130204843	131
119000	-76193.80219588816	-40383.17719588816	325.5870434517838	0.8401601067536362	131
120000	-75837.18880294896	-40812.352865448964	318.44271861422163	0.8415413391194719	131
121000	-75906.41098918543	-39928.95786418543	327.10383004747587	0.8412600846230555	131
122000	-76186.1650936681	-41159.961968668096	318.45514896236466	0.8417307847011675	131
123000	-75896.83590841912	-40321.11715841912	323.45129654913	0.842078078248733	131
124000	-76667.19946212754	-41468.82446212754	320.02052046165574	0.8412432025224278	131
125000	-76455.46198307615	-41156.48542057615	320.93518099329975	0.8405945426510227	131
126000	-76533.4108358579	-41050.750679607896	322.6052160239551	0.8409832234867634	131
127000	-76313.88683087501	-40677.51964337501	324.0027067927545	0.840736441343605	131
128000	-76234.19972857516	-40995.06691607516	320.39108689743944	0.84080491800398	131
129000	-75983.71128887939	-39834.30503887939	328.66721269106404	0.8407848276800589	131
130000	-76514.16077528377	-40337.01233778377	328.9194422125262	0.840489306532201	131
131000	-76873.80475937812	-41287.34382187812	323.54896357025376	0.8408611625506387	131
132000	-75593.26111903976	-39731.73768153976	326.0498075555083	0.8410215325482664	131
133000	-76403.87492499097	-41150.999924990974	320.51602965391703	0.8406026368504037	131
134000	-76196.86061786745	-40390.99343036745	325.5437858402461	0.8404660521214842	131
135000	-76599.41256301718	-40822.29537551718	325.2823933764385	0.8406977643219673	131
136000	-76388.29621586736	-40842.88215336736	323.1757690037198	0.840415463091536	131
137000	-75914.19112521358	-40789.761437713576	319.3482162035202	0.8404107982035599	131
138000	-76529.12742098626	-41238.84617098626	320.8561239791101	0.8399613767380543	131
139000	-76275.49117340732	-40407.248985907325	326.11089383781115	0.8406548551564801	131
140000	-77290.51425425573	-41915.61581675573	321.62545598332196	0.8403401823708081	130
141000	-76637.64845113317	-40883.847669883166	325.07040266767933	0.840703920424566	130
142000	-76525.56706422556	-41372.20768922556	319.6112423702266	0.8399847863909367	130
143000	-76275.61880068312	-40573.41567568312	324.6012813287617	0.8404278383448971	130
144000	-76429.64811209084	-40656.59342459084	325.2454574848135	0.8402286518910104	130
145000	-76403.02458922434	-41029.61443297434	321.6119246614863	0.8407065289370826	130
146000	-76872.96655913923	-40825.005621639226	327.74488085885173	0.8412598271264244	130
147000	-76701.54796924366	-40924.985469243664	325.27735020662044	0.840174291708958	130
148000	-76258.54547561826	-40735.68610061826	322.9707037746403	0.8402428915057202	130
149000	-76148.25348027614	-40845.98394902614	320.9651203746842	0.8402228394031149	130
150000	-76605.1537283587	-40820.071697108695	325.3548090331917	0.8398170712685119	130
151000	-76270.03838706655	-41060.304012066554	320.12379889708404	0.8404118717764212	130
152000	-76769.48333675237	-41774.88177425237	318.1678303438588	0.8407543850637738	130
153000	-76569.78935060136	-41295.601850601364	320.7098010238265	0.8410719290662231	130
154000	-76829.98933637663	-40894.89558637663	326.71870234672457	0.8410210840275745	130
155000	-76438.98927907884	-40789.37209157884	324.12317462390064	0.8404630754174045	130
156000	-76394.18748991955	-40964.95311491955	322.1194735338062	0.8396167374737856	130
157000	-75868.48717232501	-40026.01060982501	325.8766350482358	0.8404597386594369	130
158000	-76786.85976959243	-40909.070707092425	326.19769318312984	0.8401382175828223	130
159000	-76435.61651157594	-40898.569636575936	323.09969527308454	0.8397189787754057	130
160000	-76381.83296921676	-40462.69234421676	326.5736579415357	0.8399590033786378	130
161000	-76578.81769285719	-41378.23956785719	320.04055107980616	0.8405959522976326	130
162000	-76847.60848376738	-41187.116296267384	324.22204916455826	0.8405778748437732	130
163000	-76364.49258852137	-40917.715244771374	322.27897265812135	0.841324341455576	130
164000	-76189.40868828508	-40414.34618828508	325.2637123389436	0.8404024806056384	130
165000	-76854.28668201833	-41436.794494518326	322.01271460089777	0.8406547928750965	130
166000	-76782.40973617896	-40820.73786117896	326.9603483146249	0.8399394991220739	130
167000	-76441.44867783558	-41252.86274033558	319.9315191689517	0.8406108786060966	130
168000	-76632.97768428006	-40885.446434280064	325.0134006426235	0.8410325455079285	130
169000	-76790.353203237	-41191.282890737	323.66360689541284	0.8399697659458805	130
170000	-76298.74603822443	-40936.45697572443	321.51081265816293	0.8399976237335834	130
171000	-76593.05784629217	-41240.01097129217	321.42678350471607	0.8403774238615433	130
172000	-76525.99568094086	-40904.60505594086	323.86654120766775	0.840663578624915	130
173000	-76701.6213656095	-41326.777615609506	321.6249587693963	0.84044703704043	130
174000	-76952.28930871181	-41833.883058711814	319.2934516411301	0.8400519630776636	130
175000	-76728.77184633455	-41444.12340883455	320.8049109447609	0.8401939541178206	130
176000	-76694.77502133229	-41385.50158383229	321.0287992724569	0.8399727902579338	130
177000	-76885.76537029476	-41607.47630779476	320.74709206825565	0.8400978739389763	130
178000	-77069.40203273582	-41514.855157735816	323.2588037293152	0.8403456325091032	130
179000	-76037.3412306857	-40696.161543185706	321.31888808283463	0.8402639600300993	130
180000	-77117.23734656541	-41497.91703406541	323.84771810905124	0.8404305510848711	130
181000	-76678.82366905731	-41291.35491905731	321.73974415567704	0.8399557381240168	130
182000	-76995.08954217337	-41566.03485467337	322.11783983090737	0.8401771800149075	130
183000	-77378.06834083947	-41654.72849708947	324.7934545110528	0.8400889026443078	130
184000	-76652.78710954938	-40790.248047049376	326.0590415284146	0.8408449552529922	130
185000	-75892.4927595707	-40802.1021345707	319.03873605003935	0.8408764320545044	130
186000	-77021.42002774883	-41568.04502774883	322.3389579667315	0.8402555955741116	130
187000	-77277.74301380034	-41483.92270130034	325.43425671546584	0.8409333939659119	130
188000	-77030.42988965113	-41849.16035840113	319.8649990487463	0.8401315883878209	130
189000	-76731.6891744801	-41222.032924480096	322.85066212685916	0.840956015846833	130
190000	-77133.259122329	-42121.05599732899	318.3278621973801	0.8400329452086543	130
191000	-76738.39725143269	-40352.36990768269	330.81855080181714	0.840251212495906	130
192000	-76342.7437028738	-39864.263234123806	331.6591264585288	0.8404669010913889	130
193000	-76415.51771017542	-41179.67005392542	320.36121854661576	0.8398392907058564	130
194000	-76441.45744265622	-39793.05509890622	333.20404115630447	0.8394981516776365	130
195000	-76570.3316546366	-41185.6910296366	321.7140310926612	0.8404498722962058	130
196000	-76111.96113399103	-41223.23066524103	317.2052596989435	0.840358619423053	130
197000	-76904.19767179854	-41834.73673429854	318.8484451776099	0.8402960555775753	130
198000	-76309.44826397263	-40802.010763972634	322.830489447587	0.840052872315817	130
199000	-77277.32259156166	-41828.982747811664	322.2931787702848	0.841086929951332	130
200000	-77257.42879920368	-41418.420986703684	325.84509747923295	0.8399916491048969	130
201000	-76863.68257441881	-41274.63179316881	323.5725102011647	0.8405265529457574	130
202000	-76697.05436319897	-41203.35123819897	322.70561772167025	0.8407325948874935	130
203000	-76549.74113621522	-40934.65519871522	323.80921954508824	0.840264516696179	130
204000	-76883.02415366017	-41660.86790366017	320.2367374887835	0.8402914088836921	130
205000	-76703.13537710029	-41327.09631460029	321.63582644520136	0.8412557832668248	130
206000	-76467.63215759264	-41213.75715759264	320.5251215657016	0.840517395654313	130
207000	-76406.72101822437	-40926.91633072437	322.57925435397635	0.840101865072355	130
208000	-76751.3730800595	-41295.90433005949	322.35799415703053	0.8401225810863847	130
209000	-76914.7232319969	-41932.754481996904	318.05297392701726	0.8400988996152016	130
210000	-77012.02732801359	-41510.14842176359	322.7799512035656	0.8400218611020945	130
211000	-76677.72120095044	-41400.162607200444	320.7404507108192	0.8405701070840684	130
212000	-77258.65213055079	-41293.57009930079	326.9913531544217	0.8405465633349903	130
213000	-76524.7963269774	-41531.597108227405	318.1550803581921	0.8405044967756649	130
214000	-76917.06863531926	-40876.31082281926	327.6793906817782	0.8399744893967466	130
215000	-76791.85329119887	-41656.62672869887	319.4463804385697	0.8401330418816412	130
216000	-76837.65111155261	-41047.84251780261	325.3977825224861	0.8400084535191344	130
217000	-76564.68570484513	-40992.662267345135	323.4176990938634	0.8407227392919917	130
218000	-76805.33274842965	-41327.844467179646	322.558193792694	0.8403709368371549	130
219000	-76808.92023173172	-40918.963200481725	326.3083232816027	0.8398691071517588	130
220000	-76680.6089959714	-41353.1089959714	321.1945135708436	0.8405110331605933	129
221000	-76808.13150294503	-41147.416659195034	324.22407353554155	0.8403633164146166	129
222000	-76939.52210090595	-41077.764288405946	326.05193847233284	0.8401360414801666	129
223000	-76766.21408985672	-40957.128152356716	325.5730504313028	0.8402830201000299	129
224000	-77122.2634896024	-41847.337708352396	320.71651341182377	0.839601757563885	129
225000	-76934.63403828774	-41329.02466328774	323.72305947481686	0.8410956897057887	129
226000	-77259.3876316424	-41695.9813816424	323.339352385282	0.8404086782850235	129
227000	-76796.41031528512	-41791.35953403512	318.26283371895187	0.8410820944762494	129
228000	-76540.73212133924	-41437.02118383924	319.1598431562328	0.8408640257514589	129
229000	-77427.75974394249	-42122.134743942486	320.99562800055526	0.83999961134024	129
230000	-76872.34799665122	-41662.769871651224	320.1223782858677	0.8407511171122796	129
231000	-76978.34639349596	-41261.28389349596	324.7363814554361	0.8406695439763024	129
232000	-77593.09130403442	-42140.95067903442	322.3277351381224	0.8403166497169876	129
233000	-76846.24747866948	-41369.56779116948	322.5508421296495	0.8404393994060307	129
234000	-77072.51915243008	-41821.901964930075	320.49550182184083	0.8392451180325426	129
235000	-77301.20144968817	-41690.232699688175	323.77178643953755	0.8410625162159742	129
236000	-76499.60785518523	-40566.068792685226	326.7045672651219	0.8406678788868581	129
237000	-76934.5564918619	-41278.337741861906	324.18319544779115	0.8409782238659148	129
238000	-77275.88938985443	-41329.951889854434	326.8172927651389	0.8411271268400589	129
239000	-76943.59397244189	-41382.765847441886	323.3159123002123	0.8398054114879457	129
240000	-76963.08380710921	-40616.810369609215	330.4571117930985	0.8406184860023443	129
241000	-76633.07984879123	-41245.911880041225	321.7370094790855	0.840931573767549	129
242000	-76962.28424326493	-41257.221743264934	324.6272785140208	0.8396967001109855	129
243000	-76311.12798435216	-40087.70220310216	329.34019173952726	0.8403195355262321	129
244000	-76894.49910772462	-41505.60457647462	321.7527072330261	0.8405571405032534	129
245000	-76312.5051097953	-40843.5324535453	322.4807704814032	0.8405819878242881	129
246000	-77350.0487369859	-42222.681549485904	319.3749236943875	0.8396874458709042	129
247000	-77242.07640466931	-41159.99437341931	328.05510683322115	0.8408794211586654	129
248000	-77240.31519548458	-41222.17066423458	327.4737927234926	0.8412598750800145	129
249000	-77084.62178892609	-41535.04366392609	323.2136282926354	0.8410573698377983	129
250000	-77139.24009851119	-41486.88072351119	324.14810635074747	0.8413743101628334	129
251000	-77214.93025099183	-41907.125563491834	321.01544552702325	0.8415875592581261	129
252000	-77197.60923343239	-40853.69126468239	330.4356960790121	0.8407568650497497	129
253000	-76620.758498652	-41092.336623651994	323.0212775339422	0.8400535137958068	129
254000	-77697.43171890582	-42456.31453140582	320.409128659887	0.8399785192088379	129
255000	-76663.96263830314	-41741.86498205314	317.5086312241941	0.841276154590435	129
256000	-76607.50121117652	-41336.915273676525	320.6770559352898	0.8406494451452227	129
257000	-76891.14430932509	-41443.394309325085	322.2878159629431	0.8409440116427371	129
258000	-77051.5930852835	-41771.3196477835	320.76513383070323	0.840539846734186	129
259000	-76546.21262656066	-40812.493876560664	324.88781861109857	0.8405744796313388	129
260000	-77413.7369516997	-41440.2174204497	327.0680661601043	0.8399112240400287	129
261000	-76803.80682772705	-40886.25214022705	326.5592387376898	0.8402471043500602	129
262000	-76763.24730216741	-40794.74730216741	327.0224290247792	0.8403536831028702	129
263000	-77119.73752460367	-41181.42111835367	326.7480024530617	0.8400025577532269	129
264000	-77314.71393372858	-41816.26862122858	322.7487332720864	0.8407248636595402	129
265000	-77382.4480542077	-42027.74883545771	321.44180646832893	0.8399394940367761	129
266000	-77546.86692462908	-41965.26536212908	323.5047825614254	0.8408211281353201	129
267000	-76813.06136452906	-41105.03792702906	324.6541990965705	0.8401351844308435	129
268000	-76620.76378199666	-40885.81065699666	324.8990414397077	0.8404189024729339	129
269000	-77071.57443702791	-41633.75021827791	322.1975716354247	0.8394459386269497	129
270000	-76841.5670639498	-41144.0670639498	324.5585209311497	0.8394641402170767	129
271000	-77527.49561793332	-42261.612805433324	320.6342955376778	0.8394430597191751	129
272000	-77398.14836726614	-42429.21867976614	317.9344239210132	0.8395871134458345	129
273000	-77261.7065150064	-42202.9057337564	318.75152397737475	0.8401154885032963	129
274000	-77029.44189826642	-41338.41846076642	324.49963659623216	0.8400423884228451	129
275000	-77648.12903115294	-42098.925906152945	323.2102188257162	0.839949887029786	129
276000	-77502.97218414176	-41224.00343414176	329.84518351165764	0.8402319196153355	129
277000	-77974.22795181855	-41455.90763931855	332.02134680341646	0.8403919517326488	129
278000	-77399.72098339787	-41866.50223339787	323.06489029828407	0.8399160825710634	129
279000	-77120.09707480767	-41436.499418557665	324.43212204817536	0.8397290349096739	129
280000	-77363.15600403679	-41715.46850403679	324.1056300753787	0.8396516650246416	129
281000	-76893.64465473082	-41622.879029730815	320.6786896381886	0.8407605757765857	129
282000	-77206.91858691581	-41936.45764941581	320.6759194463167	0.8404088570850771	129
283000	-77255.26613924366	-41037.94582674366	329.28468135624854	0.8403327394114737	129
284000	-77328.02964762381	-41772.287460123815	323.2696714051203	0.8399930702653392	129
285000	-77272.61832215001	-41868.02457215001	321.89544314498846	0.840493805877009	129
286000	-77012.7960181098	-41400.2491431098	323.78613461282265	0.8412306132900622	129
287000	-77324.42251912468	-41808.20376912468	322.9103277979456	0.8406233020361167	129
288000	-76985.34961295582	-41568.08789420582	322.01061919935364	0.8397670816288355	129
289000	-77255.74543446433	-41622.245434464334	323.97663857693453	0.8396657957309712	129
290000	-76858.93160202313	-41285.033164523134	323.4347464284596	0.839986969411632	129
291000	-77018.469354595	-41228.887323345	325.39572263622244	0.8406477465913994	129
292000	-77137.81862052459	-41640.35377677459	322.7398189367038	0.8399547837914025	129
293000	-76656.0981804182	-41312.363805418194	321.3421150762219	0.8406337675942198	129
294000	-77561.50718433585	-41991.085309335846	323.4031378288959	0.8408654043656664	129
295000	-77125.5392420397	-41367.3204920397	325.1105704498215	0.8405910358085225	129
296000	-77277.48109254111	-41395.871717541115	326.23242712736953	0.8404601434083111	129
297000	-77608.07063087096	-42245.42219337096	321.51408006396053	0.8399831579997501	129
298000	-76423.85178027615	-40785.14865527615	324.02394493043886	0.839520935490381	129
299000	-76943.26904176676	-41523.00341676676	322.0379304499879	0.8408618245824967	129
300000	-77663.72281851024	-42141.51578726024	322.9647727228121	0.8402486908824137	129
301000	-77267.62263085094	-41282.599193350936	327.17265866090776	0.8401387069523133	129
302000	-77001.16486264484	-41995.297675144844	318.2702564125573	0.8406628060415867	129
303000	-77066.73425376129	-40875.507691261286	329.0474392831189	0.8401517387943551	129
304000	-76368.10862344189	-40540.19456094189	325.7442340828724	0.8397482885765996	129
305000	-76924.40131263969	-41342.89350013969	323.5039301946956	0.8402083796047192	129
306000	-77492.66116087127	-42191.79397337127	320.9523703890175	0.8400376237341709	129
307000	-78388.75312049934	-42852.06952674934	323.0963923520065	0.8392675159934235	129
308000	-76711.49146613338	-41380.366466133375	321.2274717510628	0.8407762727844459	129
309000	-77052.17818135076	-41447.330525100755	323.7161339951372	0.8402098738979791	129
310000	-77168.1505185195	-41783.7950497695	321.7114384771913	0.840093600455181	129
311000	-77313.52087187895	-41682.09118437895	323.95781547831797	0.8402825595576088	129
312000	-76792.07400382287	-41736.38259757287	318.7232538141694	0.8394200811784707	129
313000	-77011.93682939904	-41244.18292314904	325.197263249299	0.8388726391323735	129
314000	-77234.72790413552	-41854.96227913552	321.6697080227112	0.8409637699133021	129
315000	-77112.14502573336	-41775.38721323336	321.2786847854121	0.8410951774907499	129
316000	-77299.50110698148	-41871.21204448148	322.11087883594723	0.8413073084308077	129
317000	-77696.53476859357	-42234.77304984357	322.4152092737689	0.8406645292316532	129
318000	-77146.30576816057	-41766.01670566057	321.6744670702859	0.84047271217528	129
319000	-77621.42816131121	-42140.54534881121	322.58905657136916	0.8402928053496959	129
320000	-77217.9919978868	-41731.1248103868	322.64346598095517	0.8408238018681322	129
321000	-77118.31338564117	-41193.17276064117	326.62820941224334	0.8407811939097478	129
322000	-77000.99562100007	-41409.73780850007	323.5925763345956	0.8412375157057883	129
323000	-77450.82589385964	-42468.32980010964	318.05776848987244	0.8400919396672472	129
324000	-77243.38279110478	-41765.539041104785	322.5614256832112	0.840498435940576	129
325000	-76875.97306497568	-41779.42228372568	319.0947436472438	0.8398170281613192	129
326000	-77377.48441739059	-42014.64457364059	321.51582031270055	0.8399756690234037	129
327000	-77630.56535063895	-42157.75285063895	322.5156820020449	0.8405766148322515	129
328000	-77520.22546896634	-41452.60046896634	327.9236647804288	0.8401948689882376	129
329000	-76951.30149682103	-41628.910871821034	321.14805958406913	0.8403800024438407	129
330000	-77626.17502970848	-41932.65159220848	324.52236637569365	0.8402464984201472	129
331000	-77779.94080931944	-42185.550184319436	323.6210595894833	0.8393604530346185	129
332000	-77432.12028645934	-41977.409348959336	322.3511041926312	0.8406575552570436	129
333000	-76779.66489427754	-40887.754738027535	326.3260809218071	0.8408182971027505	129
334000	-76951.9843397024	-41803.367152202394	319.5681268198105	0.8407369827315914	129
335000	-77289.26375233098	-41345.00984608098	326.80198567928284	0.8405094726938617	129
336000	-77102.29203990339	-41780.78813365339	321.13999761541635	0.8401504146226919	129
337000	-77317.18612903083	-42007.55722278083	321.0320311629741	0.8404449230953608	129
338000	-77128.15086468354	-41772.42430218354	321.4511469870764	0.8407594956775991	129
339000	-77263.9799958921	-41731.49562089211	323.0582134255672	0.8403280136126451	129
340000	-77466.81967981959	-41425.186867319586	327.6873461045897	0.8408346242366594	129
341000	-77425.39954736519	-41872.82532861519	323.24086851270886	0.8401388122977111	129
342000	-77241.0675237626	-42211.1417425126	318.4889950245941	0.8399999213417826	129
343000	-76905.67779985412	-40898.64654985412	327.37275175073006	0.8401373649298733	129
344000	-77202.33559863194	-41630.85512988194	323.4127624698867	0.8406299657586376	129
345000	-77615.71041817525	-41787.37448067525	325.74806973315657	0.8403387392780343	129
346000	-77670.36519033952	-41750.23628408952	326.5826433074791	0.8401864735569099	129
347000	-77459.10969817267	-41489.82844817267	327.0295320808609	0.8398376102047084	129
348000	-78269.71765340425	-42605.55359090425	324.25543352814236	0.8398889682494616	129
349000	-76700.25298677901	-41270.569393029014	322.12355779105314	0.8398855468080815	129
350000	-76876.88185670738	-41496.264669207376	321.67745035384024	0.8398489806335876	129
351000	-77731.82370406689	-41898.03464156689	325.797649064607	0.8397937667269118	129
352000	-77203.60647141929	-41567.79397141929	323.99766362293644	0.8402085075108264	129
353000	-77669.32204302533	-41563.29079302533	328.2728510174065	0.8404663717936202	129
354000	-77518.06571329525	-42570.63602579525	317.7389478176441	0.8409104827761663	129
355000	-77731.08712622327	-42291.47775122327	322.2138021185715	0.8409108131309525	129
356000	-77334.03730102183	-41338.80292602183	327.26549560389594	0.8402244102130864	129
357000	-77111.92142585819	-42000.49955085819	319.2299503197595	0.8404259571498542	129
358000	-77026.54471724431	-41709.69315474431	321.0976989164497	0.8401211839175048	129
359000	-77316.44206030555	-41652.33268530555	324.25493631421665	0.8404981685048416	129
360000	-77180.05484748646	-41448.99234748646	324.86366822042066	0.8403413378434805	129
361000	-77602.99526336705	-42181.75307586705	322.04680927009	0.8399047058887065	129
362000	-77664.22347001765	-42191.06722001765	322.51880734672085	0.8405142839466966	129
363000	-77231.49270214161	-41647.03957714161	323.53070871612374	0.8406626618972834	129
364000	-77335.17083260664	-42149.561457606644	319.9044565252803	0.8412526076740616	129
365000	-77008.81565518885	-41223.79221768885	325.35427630398556	0.8406426933179003	129
366000	-77746.72662348529	-42442.91412348529	320.97914891044564	0.8408797852670865	129
367000	-77475.92065373511	-42072.82299748511	321.88184079259196	0.839673962062722	129
368000	-77443.01410846946	-42088.00629596946	321.4446121754812	0.8408123738723223	129
369000	-77555.85772238759	-41510.75615988759	327.7188836735926	0.8401292437735982	129
370000	-77498.24915463617	-42035.76477963617	322.42177960064447	0.8412770083955861	129
371000	-76862.63304883998	-41186.14867383998	324.3674487225512	0.8406095081849018	129
372000	-77963.07715835585	-42870.08887710585	319.0623537115111	0.8398395890796853	129
373000	-76711.21880706264	-41364.85943206264	321.3659813446565	0.8407879562891886	129
374000	-77194.17292868561	-42229.18464743561	317.89858900308093	0.8396670028752699	129
375000	-76715.14356141977	-40643.20606141977	327.96287364999995	0.8400542769992032	129
376000	-77116.1485097243	-41776.9844472243	321.3005621981438	0.8402296097113009	129
377000	-77670.856846374	-41549.052158873994	328.4162617196966	0.8400092617298669	129
378000	-77756.49307216032	-42241.696197160316	322.89740023587694	0.8406484725912169	129
379000	-77871.73749521235	-42335.54999521235	323.0918819113946	0.8415533883251045	129
380000	-78043.93836292773	-42660.03211292773	321.70735421994436	0.840205397397451	129
381000	-77530.10042733318	-41952.98323983318	323.4640110195163	0.8400951207511396	129
382000	-77490.3774163743	-42257.68991637429	320.3324866847652	0.8406656135513546	129
383000	-77562.87091730388	-42124.70685480388	322.2006614648203	0.8399156141612044	129
384000	-77912.32980795667	-42869.064182956674	318.6102797071896	0.840154148117831	129
385000	-77992.63433166506	-42261.04839416506	324.8684272679954	0.8396860507797006	129
386000	-77018.5675767737	-41087.0910142737	326.6858151970662	0.840572346929564	129
387000	-76835.96399565529	-41227.870245655286	323.7456471931568	0.8404037818922228	129
388000	-77781.05299469785	-42690.24049469785	319.0425717003235	0.8411397669813628	129
389000	-76922.95353292207	-41662.63712667207	320.58368626309544	0.8401648998459544	129
390000	-77252.60005218124	-41343.75630218124	326.48003966237854	0.8406645718074772	129
391000	-77692.65684450224	-42291.38340700224	321.8652551566411	0.8399904715939213	129
392000	-77370.52413402768	-42341.617884027684	318.4797255364074	0.8408492104836741	129
393000	-77457.42351313503	-41470.91570063503	327.1861544674631	0.8399135499828773	129
394000	-77642.48799677828	-41914.960653028276	324.83152689165087	0.8398883050586181	129
395000	-76891.7261142582	-41827.4136142582	318.8016360380313	0.8403604846471329	129
396000	-77303.98196929895	-41721.630406798955	323.51160149526385	0.8409249969132239	129
397000	-77540.46015309465	-41446.08905934465	328.1668379053867	0.8409612097440876	129
398000	-77748.492956578	-42333.914831578004	321.9862202017129	0.8402614497238563	129
399000	-77571.36794255959	-41843.64138005959	324.83333817095166	0.8405316139822241	129
400000	-77518.59976895594	-42008.986487705944	322.85027145877467	0.8401785883661147	128
401000	-77558.15281194304	-41928.875468193044	323.9382465588128	0.8406892139397009	128
402000	-76863.08251546817	-41471.246577968166	321.77945023917385	0.8401894425502308	128
403000	-77902.51407290249	-42458.260166652486	322.25602978697736	0.84090515808463	128
404000	-78195.6866240195	-42681.905374019494	322.8881662629707	0.8411192362778952	128
405000	-77548.88605219916	-42006.81573969916	323.14536792369	0.8400379130161577	128
406000	-77942.85296680022	-42241.407654300216	324.5943913643624	0.8402749566351905	128
407000	-77231.69794948747	-41789.60419948747	322.23638983691137	0.8408509207478629	128
408000	-77189.0464332795	-41427.710495779495	325.1389116435876	0.8404314430294039	128
409000	-77298.87559164353	-42071.46152914353	320.2845410562135	0.8401173775977407	128
410000	-77174.74411028964	-41773.11911028964	321.8684515318779	0.8403957606188422	128
411000	-77343.4399308901	-42001.158680890105	321.3289033919099	0.8407166643251943	128
412000	-77521.93912666984	-42272.01725166984	320.48918010192807	0.8410196437090159	128
413000	-77412.91140872179	-42322.73953372179	319.0367471943365	0.8401818909868188	128
414000	-77628.36162552403	-42200.166313024034	322.1100264692174	0.8403771074351877	128
415000	-77105.1877540498	-41784.148691549795	321.1357712970477	0.8402944673315356	128
416000	-77370.13546206932	-42084.04952456932	320.8179805679512	0.8396908185624572	128
417000	-77060.46498620091	-41341.11342370091	324.7571934097556	0.8409526029881386	128
418000	-77512.10969093602	-42297.01594093602	320.1725258618047	0.8408932628347545	128
419000	-77039.56854748726	-40731.23260998726	330.11218738976976	0.8409489776283928	128
420000	-77266.30851516129	-41809.27726516129	322.372200269194	0.8400275733529532	128
421000	-77409.71697431525	-42139.86150556525	320.6704145778533	0.8395288066499123	128
422000	-77907.57543334621	-42221.58715209621	324.4538573997854	0.8405425707043779	128
423000	-76981.19259461257	-42306.85665711257	315.25600353371544	0.8405773532385107	128
424000	-77772.68410802062	-42164.93801427062	323.7424863332004	0.8399857007233833	128
425000	-77897.38793306677	-42390.56762056677	322.82487803328246	0.8405005116004318	128
426000	-77493.76990842396	-42239.35193967396	320.53005818967847	0.840058626872988	128
427000	-77339.6537739469	-42156.790492696906	319.879489283153	0.8393642950703977	128
428000	-76953.65447875997	-41036.98651000997	326.55117676903706	0.8398467257744219	128
429000	-77596.36823361923	-41538.60260861923	327.8340242126774	0.8394008779000542	128
430000	-77408.33043908312	-41725.76793908312	324.42271049886705	0.8400574407701957	128
431000	-77140.44825795895	-41613.65919545895	323.0064321467314	0.841131287163288	128
432000	-77326.9518190105	-41436.3111940105	326.31453845567427	0.8414101466267748	128
433000	-77001.51589073567	-41140.03932823567	326.0493813721434	0.8399585108508995	128
434000	-77128.81878130959	-41607.35784380959	322.95798930425406	0.8403931560722485	128
435000	-77639.10405539413	-42090.51421164413	323.20464292669203	0.8401637699815689	128
436000	-77038.22023241674	-41744.454607416745	320.88780360923465	0.840378804380791	128
437000	-77267.86832341785	-41515.516760917846	325.05722649864776	0.8390592530594245	128
438000	-76853.9400674906	-41905.88928624061	317.74459474722903	0.8404081943785755	128
439000	-76519.54533804627	-41012.04533804627	322.8310576920736	0.840104158249854	128
440000	-77310.09144825567	-41805.59144825567	322.8037819567198	0.8393388644687388	128
441000	-76852.07339731303	-41356.83511606303	322.7195752268709	0.8402176092959429	128
442000	-77436.06384586793	-41963.98572086793	322.50900512932805	0.8412002747880776	128
443000	-77842.16020125401	-42371.14848250401	322.4993094577765	0.8399211970633087	128
444000	-77251.98481965228	-41453.02778840228	325.4809593092032	0.8403254527791473	128
445000	-77373.36638479582	-41448.24919729582	326.62799632056095	0.8389744455684041	128
446000	-77565.14547902699	-42016.36813527699	323.20634766015166	0.8395285781603207	128
447000	-77070.155301299	-41386.155301299004	324.43578012205745	0.8404151913811505	128
448000	-77374.59083903325	-42068.73537028325	320.9977234020994	0.841015081390131	128
449000	-77436.74079852093	-42017.43611102093	322.02919369100744	0.840281086862239	128
450000	-77609.27941350256	-42594.97081975256	318.34700493352034	0.8412986727733555	128
451000	-77647.28379357871	-41510.25254357871	328.5547002827294	0.8406841581514719	128
452000	-77849.85594739363	-42578.79735364363	320.6813532842192	0.8408585934280653	128
453000	-77288.7953440647	-41902.877375314696	321.7256445893548	0.840683578337154	128
454000	-77060.24972909587	-41601.99191659587	322.38335206724236	0.8396275325172474	128
455000	-77399.96257717875	-42089.126639678754	321.04300538462036	0.8397093276887687	128
456000	-77427.8761916462	-41639.868379146195	325.3814099782178	0.8410720557247121	128
457000	-77341.4056013846	-41377.2298201346	326.9831136093669	0.8414263343059031	128
458000	-77155.76228388667	-41520.48103388667	323.99283354480093	0.8413087916958347	128
459000	-77399.20134780846	-41544.537285308455	325.98744272311075	0.8400149013900989	128
460000	-77507.42717726619	-41779.59905226619	324.8342615682423	0.8411411877334186	128
461000	-77755.45187236415	-42230.91280986415	322.98597534521605	0.8399471785832019	128
462000	-77675.0020839613	-42061.2677089613	323.7969312580669	0.8392764881142635	128
463000	-77867.2701076087	-42208.047451358696	324.21050669842543	0.8409059215857149	128
464000	-76841.78213901905	-41598.67276401905	320.42724145289543	0.8406914536675768	128
465000	-77860.75869667094	-42094.149321670935	325.18685727213926	0.8394159122633406	128
466000	-77517.71530652115	-41855.945775271146	324.23366266125186	0.8397475965756738	128
467000	-77844.2427575999	-42487.3599450999	321.46165951007737	0.8406689403788555	128
468000	-78084.57397426557	-41997.81225551557	328.09765413915073	0.8405778377187928	128
469000	-77462.33104454727	-41799.932607047274	324.2393806213977	0.8399038940383778	128
470000	-77979.14056841536	-42427.64447466536	323.23106629531605	0.8399952261783249	128
471000	-78130.66026633067	-42411.34776633067	324.7568382569515	0.8398600205144465	128
472000	-77534.26393582055	-41668.01784207055	326.09274552952235	0.8409378644158254	128
473000	-78009.13497892668	-42444.08810392668	323.3542688030536	0.8399450205051796	128
474000	-77790.99733518157	-42551.08327268157	320.3981899535211	0.8407605716689426	128
475000	-77718.41623475494	-41712.61545350494	327.36156443740134	0.8408443820540158	128
476000	-77611.86158205605	-41976.96705080605	323.98931753204045	0.8400823870023609	128
477000	-77717.07270403941	-41581.01801653941	328.54582146262726	0.8402175138922449	128
478000	-77465.82964270693	-41907.17339270693	323.2961658043051	0.8403791258722425	128
479000	-77350.10976067335	-41719.80507317335	323.9475870775603	0.8412477551321494	128
480000	-77525.30972380115	-41962.223786301154	323.3364401322885	0.8405369960922129	128
481000	-77748.02306037146	-42129.97227912146	323.83617564291836	0.8403962745156633	128
482000	-77127.07631187576	-41716.69349937576	321.948076790554	0.840995058341095	128
483000	-77901.03008849414	-42709.37383849414	319.95943417935285	0.8408135635595535	128
484000	-77332.65450225062	-41853.00997100062	322.5777982274796	0.8395667061777399	128
485000	-77434.75670606052	-41454.34654981052	327.13071511474516	0.8401060843460333	128
486000	-77790.23622434752	-42286.60341184752	322.79589756446904	0.8403778396520482	128
487000	-77292.85679183161	-42146.30601058161	319.54933923647434	0.8411092316638056	128
488000	-77048.32430666569	-41143.88680666569	326.4399784260776	0.8407619305267688	128
489000	-77993.88887847109	-41874.38887847109	328.3953077042555	0.8413680593833753	128
490000	-77338.53366487192	-41587.939914871924	325.04124462246386	0.8402130816193429	128
491000	-77348.3206147025	-41798.586239702505	323.21504890385177	0.8398904722648904	128
492000	-76991.38566124992	-41397.32706749992	323.61804079064854	0.8397150988697875	128
493000	-77100.31325528177	-41082.84841153177	327.46761306470154	0.8413677163238897	128
494000	-77795.4127758195	-42314.197932069495	322.5920753702039	0.8408319143475762	128
495000	-77466.81407726456	-42481.90782726456	318.07968141788456	0.8391579579793621	128
496000	-77375.99094018432	-42205.67062768432	319.7654497177609	0.8409044466303549	128
497000	-77246.72375768395	-42119.333132683954	319.37513678607	0.8412875256866178	128
498000	-77707.97687205895	-41886.39874705895	325.68662829804964	0.8411418776315459	128
499000	-77265.30359336175	-41699.26843711175	323.363254168997	0.8394623880216299	128
500000	-77311.61331820997	-41704.70706820997	323.7348505479126	0.8398910536542037	128
501000	-77278.18923050156	-42112.302511751564	319.7251398744971	0.8398354900296298	128
502000	-77317.04164071272	-42224.77992196272	319.0557478693551	0.8395518454884348	128
503000	-77864.01101737877	-42335.41726737877	323.02284020628025	0.8397303013752259	128
504000	-78216.61744380968	-42916.52369380968	320.9453383634966	0.8398885673504043	128
505000	-78191.83303265672	-42456.47365765672	324.90273502887015	0.8397102435669993	128
506000	-78130.12390188145	-42530.04577688145	323.67276983775827	0.840514357726242	128
507000	-77322.88111038545	-41700.78345413545	323.87296947342173	0.8403675389393452	128
508000	-77876.36715132793	-42156.718713827926	324.75989257106664	0.8406231337847077	128
509000	-77306.28186390252	-41423.68811390252	326.2413769780325	0.8404574811385782	128
510000	-77469.45462132551	-42284.76321507551	319.89611043438424	0.8406114669384768	128
511000	-77119.4518330847	-41436.194020584706	324.42903221877975	0.8409233290112796	128
512000	-77563.94507231396	-42458.02319731396	319.1799448049441	0.8414331242221391	128
513000	-77693.53345844461	-42502.26392719461	319.9559181665924	0.8405848556527209	128
514000	-77180.82584628281	-41618.20084628281	323.33224932920024	0.8400965371579234	128
515000	-77454.16928420003	-41905.341159200034	323.206809358797	0.8398283413828298	128
516000	-78163.78453009894	-42618.55796759894	323.1740642702602	0.8403195685668957	128
517000	-77826.82693047471	-43028.22927422471	316.3857801187946	0.8398221092615284	128
518000	-78250.79689705993	-42352.20314705993	326.38684756658625	0.8395814306791756	128
519000	-77655.24504342543	-41918.94816842543	324.91125869616826	0.8400101418255915	128
520000	-77867.48614776999	-42428.15802276999	322.21124501838204	0.8403189315747567	128
521000	-77554.77667277247	-41656.69073527247	326.3822305801332	0.840240797769197	128
522000	-77766.9298580792	-42672.129076829195	319.07883280162076	0.8401696213403242	128
523000	-78049.41334744342	-42724.87037869342	321.1676285035743	0.8401751089335052	128
524000	-77953.55013233215	-42233.68294483215	324.76188142676955	0.8412305541220616	128
525000	-78124.94204282989	-42292.89516782989	325.7818092495448	0.8403978796995885	128
526000	-77377.23404030534	-42293.79654030534	318.975518850912	0.8401753468537358	128
527000	-78146.29647066271	-42702.91365816271	322.24810987944625	0.8402397352095161	128
528000	-77799.67039043854	-42176.779765438536	323.8801790753447	0.8401332817921708	128
529000	-78157.1558280694	-42584.0659843194	323.427394765415	0.8406891466115418	128
530000	-78177.35193904022	-42635.84412654022	323.14025372331116	0.8411927956566961	128
531000	-77637.09772648402	-41553.41803898402	328.0696325829083	0.8403797164141582	128
532000	-77927.2936828176	-42235.5241515676	324.5064200147902	0.8403430813279122	128
533000	-77127.63785918878	-41501.45817168878	323.9100829414488	0.8407063491747707	128
534000	-77597.86824601356	-42174.66902726356	322.0646024255748	0.8399664451920066	128
535000	-77481.31872249505	-42601.75622249505	317.12190533582447	0.8400085772986864	128
536000	-77856.07363306456	-41910.04238306456	326.81814513186873	0.8408759690312275	128
537000	-77462.79329583314	-41851.98079583314	323.7703658283212	0.8398463661607553	128
538000	-77684.37753352929	-42436.38534602929	320.47163555340626	0.8400266462035021	128
539000	-77156.56077121476	-41264.14670871476	326.33066239297983	0.8402340946186352	128
540000	-77450.9851958871	-41342.0476958871	328.2992743860305	0.8398923330250253	128
541000	-78100.89616893027	-42514.11491893027	323.5518758232473	0.8406563260787564	128
542000	-77393.32076645058	-41952.539516450575	322.22445670269406	0.8409661017276793	128
543000	-77299.89478833787	-41995.84791333787	320.98127982727016	0.8406268769695371	128
544000	-77564.34817959987	-41967.49271084987	323.64346973142113	0.8404414277106478	128
545000	-77774.11132403166	-42263.24804278166	322.8616363485054	0.8409173144465113	128
546000	-77678.14604453287	-41969.48198203287	324.66002360255754	0.8408511552359166	128
547000	-77295.12333264136	-41804.787395141364	322.67500354995803	0.8404764674160425	128
548000	-77564.63787545462	-42550.37225045462	318.34661426543585	0.84104020481142	128
549000	-77359.2762907928	-41493.1591032928	326.09157352526887	0.8398644669770009	128
550000	-78336.2091329904	-43178.94350799041	319.6467576506352	0.8410560387841896	128
551000	-77625.40949712123	-42109.30402837123	322.9092978548138	0.8402476141890025	128
552000	-77071.4356037525	-41369.6973225025	324.59705501039303	0.8400355151099138	128
553000	-77703.19849272618	-42230.85474272618	322.51142016839583	0.8405327451886558	128
554000	-77088.26191908636	-41858.26973158636	320.3079811412832	0.8404124053686505	128
555000	-77570.33643293784	-41938.85987043784	323.9582416616829	0.8401599884165343	128
556000	-77843.77252759742	-42544.63580884742	320.9366371197965	0.839248097126235	128
557000	-77465.82677342366	-41969.90099217366	322.7258259162228	0.840206904899757	128
558000	-78129.0485498261	-42512.6579248261	323.8210816487447	0.8400305299197772	128
559000	-77977.95676966936	-42019.187238419356	326.9339604612813	0.8402340007791417	128
560000	-78219.4633310366	-43054.963331036604	319.71253194995205	0.8409917962987046	128
561000	-77683.43508551334	-42179.07180426334	322.80253892190547	0.8400088488267514	128
562000	-77869.06573739013	-42597.768862390134	320.68351971632416	0.8404592881851339	128
563000	-77837.6543445849	-42025.474657084895	325.6011785333864	0.8404439614805634	128
564000	-77439.78174672123	-41780.87159047123	324.2076654759927	0.8398594866294877	128
565000	-77630.31671008102	-42465.406553831024	319.7162610543949	0.8403960573068903	128
566000	-77639.21559677825	-41987.016378028246	324.1466502242507	0.8403915707779207	128
567000	-78440.14126646944	-42779.102203969436	324.2270213038155	0.8405445095350602	128
568000	-77401.41577959659	-41844.55640459659	323.2798287753171	0.8399298446309043	128
569000	-77924.89430922603	-42472.74587172603	322.32780616868325	0.840316785741801	128
570000	-77974.72423571705	-42572.50548571705	321.8738498545	0.8401471999297976	128
571000	-78076.89660465534	-42209.17785465534	326.1061347902364	0.8398790712766434	128
572000	-77686.32521059852	-42772.102554348516	317.4370324188903	0.8403105456518446	128
573000	-77647.75316847902	-42491.315668479016	319.6392284111886	0.8410988552616468	128
574000	-77645.7067432577	-42564.8629932577	318.95193670472065	0.8400423161175271	128
575000	-77588.41742222165	-41799.71820347165	325.3876961828501	0.8401464129265593	128
576000	-77761.59526335991	-42264.57963835991	322.7357346794568	0.8395478816806928	128
577000	-78373.57394465053	-42642.45285090053	324.8642009496268	0.8395820159979924	128
578000	-77910.73702797765	-42901.97921547765	318.2965377200597	0.8401810971858177	128
579000	-77533.07382566738	-42409.60898191738	319.3394439292593	0.8406868800207091	128
580000	-77310.73130691056	-41666.82505691056	324.0712512839431	0.8398658790828432	128
581000	-77849.70565689617	-42130.95175064617	324.75175957185303	0.8398879289037289	128
582000	-77245.49045183508	-41692.00607683508	323.2491435730441	0.8403261393907739	128
583000	-78006.13115089489	-41748.791307144886	329.64853540403504	0.8396587263091642	128
584000	-77993.46140746243	-42752.492657462426	320.4077790792315	0.8398838800445269	128
585000	-77705.36958121869	-42370.38520621869	321.26256084810655	0.8396445417458239	128
586000	-77730.93454098704	-42264.161103487044	322.4607753785331	0.8397067842387006	128
587000	-77509.27966396124	-41989.592163961235	322.94186536694855	0.8410903830775055	128
588000	-78361.99802402174	-43421.15818027174	317.6790335395947	0.8408360807465138	128
589000	-78001.96327223847	-42746.82264723847	320.536628516554	0.8404562571056512	128
590000	-77669.94310289188	-41888.19310289188	325.3245144990031	0.8398165173795175	128
591000	-78129.86469377403	-42555.07563127403	323.44284391239273	0.839978720061574	128
592000	-78460.61546147626	-42756.73264897626	324.61655289933736	0.840157178019005	128
593000	-78203.06616430543	-42799.90600805543	321.8824090370785	0.8402049513292649	128
594000	-77891.96733097876	-42316.52983097876	323.4487394489406	0.8396976803516454	128
595000	-77978.73446478107	-42114.25008978107	326.07672813805806	0.8400403983064761	128
596000	-77913.81604312801	-42413.86291812801	322.76244217032405	0.8400473559086863	128
597000	-77916.4434297815	-41963.5567110315	326.8804744489859	0.8402777362443582	128
598000	-77250.3386065557	-41639.1081378057	323.77416596332495	0.8396525522604987	128
599000	-77783.79512449188	-42242.19356199188	323.141106090041	0.8399971570645306	128
600000	-77584.706411582	-41868.077505331996	324.73243925931075	0.8396278071464142	128
601000	-77992.5914934137	-42674.130555913696	321.112331211978	0.8404754822736604	128
602000	-78293.18744342281	-42810.33197467281	322.60699178797546	0.8401977912547209	128
603000	-77371.21908773665	-41961.50424398665	321.9420036776042	0.8407008875302785	128
604000	-77655.90279640115	-41820.51217140115	325.8122103295745	0.8399784583740683	128
605000	-78235.51778256893	-42734.04903256893	322.77622209912266	0.8388994262614932	128
606000	-78020.9388664672	-42438.4388664672	323.51295107591943	0.8404424504028924	128
607000	-77607.80764680612	-41614.96389680612	327.2437602522859	0.8404153162918209	128
608000	-77719.3861221212	-42023.1986221212	324.54658779693233	0.8402858607068392	128
609000	-78507.02030724443	-43418.41093224443	319.02254108217306	0.8397228700212999	128
610000	-78042.4361006795	-42711.92047567949	321.2219313673191	0.8404345985173276	128
611000	-78030.63201390453	-42822.06170140453	320.11321534352226	0.8407117812831443	128
612000	-77729.54549356899	-42179.11971231899	323.2213351084841	0.840010976604138	128
613000	-78223.63601486714	-42870.76101486714	321.4252208323781	0.8395453394707105	128
614000	-78432.15489906723	-43074.70177406723	321.46684474101704	0.8401069529415228	128
615000	-77905.87305807372	-41949.42774557372	326.91282886943816	0.8407438829031294	128
616000	-78242.61487788722	-42813.403940387216	322.1192604421237	0.8401514505794133	128
617000	-77902.02865772537	-42310.09897022537	323.59868496282587	0.8404174084185324	128
618000	-77958.65188082251	-42902.14797457251	318.73064099249444	0.8404033384789694	128
619000	-78405.48702415424	-43022.79952415424	321.6962734524568	0.8403490119162116	128
620000	-77282.4011314545	-41693.518318954506	323.57098304410715	0.8406120021697523	128
621000	-77716.18291434491	-42376.772758094914	321.30279966080957	0.8401778600941198	128
622000	-77643.55982910097	-42182.93482910097	322.40487432717	0.8395398461474367	128
623000	-78009.39905716357	-42688.125619663566	321.1379022138722	0.8397092776954787	128
624000	-78177.61421829382	-42491.90328079382	324.4513358148764	0.8406524433652217	128
625000	-78140.31125327614	-42769.307347026144	321.5900472487546	0.8402977352203356	128
626000	-77767.36400226333	-42147.37962726333	323.8537557067207	0.8403362689760316	128
627000	-77249.31883609686	-41649.55321109686	323.66992861532555	0.8394752377918381	128
628000	-78548.01996129294	-43356.33246129294	319.9597183015961	0.839242730642757	128
629000	-78253.44497502178	-42178.444975021775	327.9907176298403	0.8398967585300732	128
630000	-77847.28145719592	-42307.16426969592	323.1276102834857	0.8403279445842119	128
631000	-77666.90358914698	-42128.07546414698	323.1158902409508	0.8397557299035745	128
632000	-77953.63114055997	-42866.81082805997	319.0062750837459	0.8403467527370972	128
633000	-77861.08943010967	-41947.11286760967	326.5267067408355	0.8401088213187353	128
634000	-78186.56958793853	-42410.90552543853	325.2691816921265	0.8392952364325517	128
635000	-77740.02642702428	-42121.92486452428	323.8366373415637	0.8401173099650754	128
636000	-77578.30206434216	-42036.13018934216	323.14629132098065	0.8398149882464089	128
637000	-77968.62623630035	-41585.46608005035	330.7924825859973	0.8402238214412735	128
638000	-78014.38246323049	-42669.37465073049	321.3536930576351	0.8406475532611912	128
639000	-77680.76440285628	-42333.12377785628	321.3776303566305	0.8407577811590105	128
640000	-78096.33190535627	-42788.45690535627	321.0160848020706	0.84030919383077	128
641000	-77916.82354144889	-42297.37041644889	323.8489256285851	0.8406063591283319	128
642000	-77978.48559202097	-42376.94652952097	323.6860525526311	0.8406946838230301	128
643000	-78412.93661821577	-42680.43661821577	324.87673784361107	0.8403719060860885	128
644000	-77895.48383497125	-42465.08539747125	322.1300570873679	0.8406681283737262	128
645000	-77769.28581849358	-42023.387380993576	324.99855525541267	0.8399745212866715	128
646000	-78130.82136356004	-42497.98542606004	323.9706009792651	0.8403295386920226	128
647000	-77977.41386272514	-42376.35136272514	323.68171968842125	0.8401569414443206	128
648000	-77443.92731251946	-41678.72418751946	325.1740717711922	0.8399796642375817	128
649000	-78037.74014130892	-42591.904203808925	322.27041347554285	0.8414478295077933	128
650000	-77733.53862918007	-42536.79253543007	320.0057105897253	0.8406851220576557	128
651000	-77207.07914904773	-41351.79008654773	325.99312516797613	0.8405757158551721	128
652000	-77769.50773483385	-42183.03898483385	323.5490346008146	0.8395133539003206	128
653000	-78099.94589835685	-42810.27792960685	320.85054808008596	0.8401001138042005	128
654000	-77994.60458121137	-41877.81161246137	328.37069561493234	0.8400190410714035	128
655000	-77808.50220192532	-42707.65845192532	319.1337749404129	0.840022885236391	128
656000	-77515.66292391409	-41743.28401766409	325.2393133413028	0.8393861807745502	128
657000	-78076.23801759243	-42359.20286134243	324.73613284847323	0.8410611207961336	128
658000	-77979.06104533256	-42888.842295332564	319.0371733777014	0.8407475332876035	128
659000	-77707.10200470315	-42338.09419220315	321.57189894046576	0.8413061749211669	128
660000	-77973.16826149133	-42484.44169899133	322.6603712544297	0.8402686875878269	128
661000	-78103.97619159725	-42532.00744159725	323.4172018799377	0.8404803202433612	128
662000	-77738.8978528136	-41559.25332156361	328.9421364767073	0.8402706098694247	128
663000	-78199.85970919134	-42046.51205294134	328.7030476089963	0.8399025346415444	128
664000	-77818.91570558604	-42621.20867433604	320.0144473487058	0.839489465516343	128
665000	-78014.30920247023	-42669.340452470235	321.35333790483105	0.8400185768811422	128
666000	-77802.94320186843	-42037.10726436843	325.17982524661835	0.8398216345947745	128
667000	-78076.68328062889	-42729.13640562889	321.37677798990075	0.8402915852298742	128
668000	-77340.70074116034	-41670.75152241034	324.3080316584275	0.8407907394285314	128
669000	-77773.02223946613	-42425.924583216125	321.3726937326538	0.8400488004382975	128
670000	-77955.98223497655	-42235.333797476545	324.76898448285124	0.8394630104875266	128
671000	-77705.5040368803	-42832.5470056303	317.06184899665345	0.84005060998567	128
672000	-77518.85139970393	-41885.937337203926	323.97131128487325	0.8403528779364076	128
673000	-77624.76008988768	-42320.705402387684	320.981350857831	0.8397366668698137	128
674000	-78362.70634833735	-42984.87041083735	321.6521634741893	0.8406020339992762	128
675000	-77761.10444311454	-42150.66694311454	323.766956361402	0.8402956283619165	128
676000	-77355.22407236503	-41762.29438486503	323.60777687461047	0.8399050390320552	128
677000	-77458.15284961276	-42165.40284961276	320.8785696363284	0.8402682920101281	128
678000	-77613.79700698027	-42593.11341323027	318.4049658711472	0.8394301183170538	128
679000	-77931.48949640202	-41936.88012140202	327.25981315903056	0.8404203493910746	128
680000	-77848.60115675029	-42352.56209425029	322.7268558593546	0.840497019397334	128
681000	-77602.31708823984	-41843.68036948984	325.1143705848252	0.8406538220889215	128
682000	-77827.97686160177	-42267.60967410177	323.31172149712404	0.8416660137952721	128
683000	-77317.0318818764	-41770.965475626406	323.18170005554805	0.8413354125194109	128
684000	-77321.33841152696	-41439.86966152696	326.23114857727484	0.8403740641311593	128
685000	-77506.23966429985	-41656.97013304985	325.93839612086646	0.8399510185556969	128
686000	-77901.88193958586	-42158.74912708586	324.9734104368834	0.8397003626631118	128
687000	-77029.90610576487	-41400.827980764865	323.936435279512	0.840162157906968	128
688000	-77340.08480990208	-41910.70980990208	322.12075208390087	0.8404968121178089	128
689000	-77747.27862859845	-42262.45050359845	322.6249270045818	0.8408893742498333	128
690000	-78171.75046600924	-42041.35984100924	328.49432430603474	0.841397078774057	128
691000	-78042.35790722702	-42613.90478222702	322.11237047772437	0.8406637429783264	128
692000	-78439.77553512402	-42929.17006637402	322.85929233999843	0.8410476161472528	128
693000	-77353.2772478647	-41943.804591614695	321.93980173021885	0.8403182826468805	128
694000	-77977.66511389992	-43073.719801399915	317.3435917161351	0.8403458526064113	128
695000	-77639.7197298796	-42248.204104879595	321.77653798618036	0.8398062478259434	128
696000	-77561.09292775928	-42346.35855275928	320.16925845600707	0.8401852358804223	128
697000	-77343.17774725168	-41686.056653501684	324.1913994775656	0.8409625747023471	128
698000	-77860.08770124686	-42294.220513746855	323.3617270119394	0.840931970849016	128
699000	-78286.71045898455	-42236.979990234555	327.76096928087685	0.8394470153976198	128
700000	-78124.21717021421	-42306.82263896421	325.64859143273196	0.8410872653783285	128
701000	-78053.61247078684	-41920.120283286844	328.52252343867923	0.8408225784544291	128
702000	-77869.20260019987	-42660.038537699875	320.11861366614437	0.8400451861137342	128
703000	-77647.49964287171	-42408.96839287171	320.3856175442565	0.8400996477127648	128
704000	-78471.57858209457	-42912.305144594575	323.30177721860963	0.8411541256141347	128
705000	-77602.26261753189	-42710.97746128189	317.22848669233076	0.8404837999359246	128
706000	-77954.58549135968	-42777.546428859685	319.8265360000637	0.8395850307323935	128
707000	-77958.05329264482	-42776.49469889482	319.86762717949654	0.8401138631955553	128
708000	-78084.73803017895	-42088.98021767895	327.2702546514707	0.8396735509570711	128
709000	-78787.0106986229	-42894.52632362289	326.33130166802715	0.8402856016850418	128
710000	-78250.12158256937	-42529.227051319365	324.77122194551697	0.8405874153027327	128
711000	-78456.35284787451	-42850.970035374514	323.72099958855324	0.8394764227208609	128
712000	-77941.56890348248	-41895.951715982475	327.72357169060655	0.8403201951969012	128
713000	-78148.54260868924	-42300.95667118924	325.92308903501026	0.8398092618675551	128
714000	-77668.3558448587	-42158.2738136087	322.8545332924237	0.8402465625276012	128
715000	-78127.71346640444	-42080.67831015444	327.73646373739484	0.8407242733258522	128
716000	-77405.90063890825	-41674.26782640825	324.86885345136034	0.84011084687853	128
717000	-78022.52935022282	-42634.400443972816	321.7457462380661	0.8396274491313213	128
718000	-78154.85283738916	-42543.97393113916	323.7709695880882	0.8399649473567268	128
719000	-77493.98132412015	-42410.80554287015	318.9731393271246	0.8402892341556769	128
720000	-78098.58784517615	-42424.86909517615	324.3423039040219	0.8404584956536224	128
721000	-77387.7092439523	-41980.8108064523	321.9163971604296	0.840213586353021	128
722000	-77339.21076666756	-41975.24592291756	321.52604871345824	0.8408440650603553	128
723000	-77368.63249147258	-41797.292647722585	323.4114839197919	0.8404825545180655	128
724000	-77649.86097914021	-41863.31410414021	325.36812726334495	0.8400274817009289	128
725000	-77197.88536529405	-42022.108021544045	319.81506456449176	0.8400670725370006	128
726000	-77292.93206550187	-41605.08050300187	324.47079818854036	0.8405370801079302	128
727000	-77977.08850014032	-42581.96350014032	321.8093541052779	0.8412607404633795	128
728000	-77854.44296209532	-42127.333587095316	324.8277267566471	0.8401728609559118	128
729000	-77987.26247094548	-42592.14528344548	321.80928307471714	0.839775483048794	128
730000	-78077.00128087387	-42005.49346837387	327.958966969155	0.8408919766807372	128
731000	-77468.17336346798	-41472.997582217984	327.2649628746898	0.839638861172285	128
732000	-78185.26111532179	-42478.34705282179	324.6441127569345	0.8400567350003435	128
733000	-78049.56279657884	-42620.101859078844	322.12153342006985	0.8413807063729704	128
734000	-77558.79322150501	-42555.42603400501	318.24752663309573	0.8404832761122053	128
735000	-78251.47373401583	-42055.50498401583	329.09055483353495	0.8395942188091753	128
736000	-78088.59541674971	-41987.77901049971	328.225438118061	0.8414279360730206	128
737000	-78067.13516722509	-42922.82657347509	319.5289534655198	0.8410251511374465	128
738000	-78501.88239545259	-42862.70270795259	324.0282777946487	0.8409480092670533	128
739000	-77950.56498742718	-42171.55717492718	325.29958277215627	0.8405165606413147	128
740000	-78450.01316778669	-43295.52879278669	319.6214707709843	0.8404744943633491	128
741000	-77987.04233210791	-42435.401707107914	323.2323803606912	0.8403936498250556	128
742000	-77710.30024581881	-42448.78071456881	320.59462496946134	0.8400055333812517	128
743000	-78332.25738366751	-43034.784727417515	320.9215076103424	0.8402424983645727	128
744000	-78414.99352050618	-42335.35289550618	328.03290978296576	0.8397286107720612	128
745000	-78715.52563777693	-43607.158450276926	319.2021773704799	0.8388483798803823	128
746000	-77800.1159747177	-42133.0222247177	324.2820699884488	0.8398372123891841	128
747000	-77765.89266036416	-42479.42781661416	320.8214255501509	0.8395916953202246	128
748000	-78187.4981905138	-43074.5411592638	319.24390782496005	0.8401754890199181	128
749000	-77794.91344715968	-42093.74157215968	324.5919052947338	0.8405307395294558	128
750000	-77894.86856520308	-42831.49356520308	318.79311237073324	0.8402238612392484	128
751000	-78139.8770697082	-41957.00206970821	328.97150761360524	0.8406587191393493	128
752000	-78012.47607544788	-42601.10888794788	321.95702664121706	0.8404977334137878	128
753000	-77639.09763018614	-42582.03513018614	318.7357196775929	0.8401792393899349	128
754000	-77865.35944049561	-42609.75787799561	320.54081931964225	0.8400303110177847	128
755000	-78462.66801540802	-43149.058640408024	321.06822123371046	0.8405422890778157	128
756000	-77787.28133068353	-41854.97664318353	326.6933444365128	0.8398712398195876	128
757000	-77873.30266540167	-42575.99797790167	320.91998045328484	0.8398358072521896	128
758000	-78298.66002031202	-42708.82408281202	323.5796487725268	0.8400276565937618	128
759000	-78343.06604408006	-42514.80823158006	325.74735942754836	0.8391733436414781	128
760000	-78655.27961767917	-42755.924148929174	326.39377304626595	0.840145738643116	128
761000	-77901.07630216506	-42299.677864665064	323.68477400253636	0.8400009799675994	128
762000	-77817.36221623328	-42108.205966233276	324.664498527889	0.8394733498755761	128
763000	-78685.4695098241	-42981.321072324106	324.61896793840515	0.8404260928683573	128
764000	-78085.60565364861	-42575.429872398614	322.8553856591535	0.8405025004028588	128
765000	-78677.6000701499	-43332.5141326499	321.3544033632433	0.8399149779630595	128
766000	-78194.46597339906	-42473.762848399056	324.76948169677695	0.8395048679295294	128
767000	-77650.02491265051	-41893.39210015051	325.09615124597565	0.840052227108783	128
768000	-77799.07396707687	-42501.65209207687	320.92104591169715	0.8403745972681423	128
769000	-77605.5800930285	-41817.248061778504	325.38435774649173	0.8407695885356952	128
770000	-77799.23431425098	-41286.58197050098	331.9698141315435	0.8397471083651902	128
771000	-78309.10267375663	-43723.73158000663	314.4471430224088	0.8402395302650267	128
772000	-78671.81689527234	-43284.004395272335	321.742869500353	0.8411518142888221	128
773000	-78097.35502702335	-42032.02299577335	327.90281731082894	0.8395061849197449	128
774000	-77862.77422603813	-42565.723444788135	320.91767196005827	0.8405145884755987	128
775000	-77908.9743942669	-42084.5759567669	325.7122703305046	0.8401116216271034	128
776000	-77814.33666386633	-41988.99291386633	325.7208650283635	0.8402050120579403	128
777000	-77491.13139590411	-42262.389208404114	320.2966162515525	0.8407330235133915	128
778000	-78525.8172527894	-43065.598502789406	322.40118073800744	0.8404238928551958	128
779000	-77849.21802410446	-42041.733649104455	325.5584891663352	0.8406984875735501	128
780000	-77332.10344823312	-41700.798760733116	323.95667898934494	0.8404271161405495	128
781000	-78380.15322526993	-42904.817287769925	322.53862487318884	0.8396771713651637	128
782000	-77635.67257504961	-42116.27804379961	322.9392017209179	0.8402874403424672	128
783000	-78342.6199318189	-43072.2957130689	320.6746764115024	0.8404454532654676	128
784000	-78110.59295581309	-42270.84295581309	325.85184538251053	0.8403626321886911	128
785000	-78390.1025675876	-42485.0556925876	326.44551880982135	0.8403872436601768	128
786000	-78019.94355891371	-42390.947465163714	323.9356894586234	0.8403827969640959	128
787000	-78027.93818102928	-42357.37568102928	324.3136075574517	0.840696902378796	128
788000	-78346.46564919568	-42557.492992945685	325.3901822524787	0.8404404882664321	128
789000	-78318.14211550438	-42967.86086550438	321.40163868618674	0.8410499810912438	128
790000	-77609.67707936617	-41969.45051686617	324.03779588979825	0.8407383412983855	128
791000	-78822.31435810318	-42997.275295603176	325.7180948364917	0.8401040002224053	128
792000	-78243.0592969206	-42813.797578170605	322.119722140769	0.8399118949510772	128
793000	-78406.5091770534	-42864.419333303405	323.14554550009206	0.8403350958250966	128
794000	-78356.68363706862	-42398.42582456862	326.92930795954777	0.8401826679430568	128
795000	-78602.03638990445	-43355.747327404446	320.456150891148	0.8401127925159135	128
796000	-78464.81515354745	-42786.498747297446	324.3841053890629	0.8405167693220164	128
797000	-77855.34908221973	-42711.356894719735	319.5260767278067	0.84032266252361	128
798000	-78501.18785021384	-42648.07066271384	325.9733786720689	0.8405207465164934	128
799000	-78376.39670430594	-42901.92795430594	322.53074048093816	0.8408259935048092	128
800000	-78328.02442626153	-43258.45020751153	318.8494751207417	0.8396445097021061	128
801000	-78151.01707125199	-42813.15769625199	321.2887000944873	0.8400286167155284	128
802000	-78046.52395200777	-42820.297389507774	320.2737444109693	0.8402041187534052	128
803000	-78622.10447175328	-43359.33103425328	320.60602537447255	0.8402651233788225	128
804000	-78543.75014076187	-42594.03139076187	326.8516715565745	0.8400520875332587	128
805000	-78583.5180359259	-43658.283660925896	317.5371499943622	0.8408517534938269	128
806000	-78225.47243884008	-42712.12868884008	322.88418855156493	0.8407202797392097	128
807000	-78711.76092097971	-42940.40935847971	325.22997282255534	0.8403480306005795	128
808000	-78275.85129330517	-42317.43332455517	326.9307640860445	0.8410755363349198	128
809000	-77731.8186963481	-41713.8733838481	327.4719814441918	0.8402018517150232	128
810000	-78906.43220504883	-43168.244705048826	324.928448091886	0.840580778499966	128
811000	-78467.7709733595	-43293.7826921095	319.7987985660646	0.8398315330006324	128
812000	-78206.2927156925	-42598.1989656925	323.7456471931568	0.8403709441146162	128
813000	-78847.23703620951	-43253.95187995951	323.6110087651277	0.840277495572551	128
814000	-78730.77357553493	-43361.46888803493	321.57459810177687	0.8399485020808692	128
815000	-78569.1287818833	-42963.39440688329	323.72419596379	0.839560717793725	128
816000	-78030.85283185616	-43056.24345685616	317.9860631387274	0.8398909705516462	128
817000	-77937.62880976309	-42180.26943476309	325.1027570881316	0.8401487213786029	128
818000	-78108.53316958722	-42831.533169587216	320.7353720257208	0.8400246495141218	128
819000	-78067.95172049422	-43038.232970494224	318.48711271473246	0.8397804716149722	128
820000	-78313.40462529389	-42669.205406543886	324.07391492997385	0.8391800280768068	128
821000	-78334.25832837183	-43037.34817212183	320.9163934099636	0.8397462971116952	128
822000	-77876.0564464428	-42576.7947276928	320.9377736087696	0.840155675099214	128
823000	-78113.50853983252	-42354.48900858252	325.11785108230526	0.8405777883699821	128
824000	-78355.04415145174	-42752.669151451744	323.69365282263857	0.8399741896397503	128
825000	-78362.2905733494	-42463.0171358494	326.3930272253774	0.8406300925640687	128
826000	-78275.75950767125	-42727.919663921246	323.19782399285356	0.8401625098495893	128
827000	-79218.31953925549	-43672.15547675549	323.18258793755825	0.8401470913080716	128
828000	-77686.49160905075	-42032.11270280075	324.1664677507187	0.8403082825437743	128
829000	-77779.41189918593	-42106.71658668593	324.33299890055486	0.840045679747687	128
830000	-78205.17997381404	-42641.03934881404	323.34602925799885	0.8403264248868795	128
831000	-78110.99001523103	-42483.50954648103	323.92190952982486	0.8398379957030763	128
832000	-78390.48536452469	-42899.88770827469	322.67738307374543	0.8407571393954605	128
833000	-78157.36246795407	-42565.975749204066	323.5937483388491	0.8407683372286993	128
834000	-78362.82733790262	-42481.76483790262	326.22745498811236	0.8407624686956303	128
835000	-77979.46490610283	-41618.12896860283	330.59405871435416	0.8405664372806979	128
836000	-78677.46762639236	-43173.45200139236	322.7993780619491	0.8398847589434653	128
837000	-77782.98170880553	-41802.75124005553	327.12908141184636	0.8403614878476858	128
838000	-77389.00749696213	-41966.577809462135	322.05760591533425	0.8407527587763538	128
839000	-77849.65495988139	-42574.24089738139	320.72095282187485	0.8397877834524885	128
840000	-78120.37460493612	-42868.76522993612	320.5045227030646	0.8405341617447831	128
841000	-78603.67772064502	-43012.06053314502	323.5958437403932	0.8407604793570127	128
842000	-78238.2746714438	-42810.587171443796	322.10540948276434	0.839716796004037	128
843000	-78487.76220728732	-43254.30908228732	320.33944767972525	0.8399881201201378	128
844000	-78601.41010351185	-43023.19135351185	323.4740263285915	0.8408062545428466	128
845000	-78279.03107561257	-42602.65216936257	324.3664898099802	0.839447435526083	128
846000	-78690.25334546667	-43392.01897046667	320.9284330900221	0.8411293334888506	128
847000	-78490.73682057651	-43060.28369557651	322.1305543012936	0.8405862257021057	128
848000	-78418.79531473797	-43080.631252237974	321.2914702863592	0.8407345084468442	128
849000	-78583.36065178784	-42929.032526787836	324.1660060520734	0.840709736274289	128
850000	-78153.62906767511	-43095.06266142511	318.74939306055023	0.8403957354654488	128
851000	-79043.61040833095	-43327.26275208095	324.72988215912136	0.8403714585765759	128
852000	-78294.94881456517	-42732.54647081517	323.33022495821695	0.8400556387879936	128
853000	-78706.41679709527	-43533.22929709527	319.79151793358085	0.8400883835114039	128
854000	-78634.37911492547	-43120.71505242547	322.88710080455843	0.8407633773543819	128
855000	-78905.50838585739	-43565.50447960739	321.3081979834316	0.841326839513113	128
856000	-78847.51403809067	-43463.55310059067	321.70785143387	0.8395940497111737	128
857000	-78252.26067016108	-42814.33879516108	322.19845951743497	0.8399168446889088	128
858000	-78500.1428768924	-42750.494439392394	325.032649924605	0.8403811994598082	128
859000	-77970.09724921011	-42159.526936710114	325.58654623785804	0.8397310415939784	128
860000	-78379.30894844477	-42928.04722969477	322.31974420003047	0.8401404012384275	128
861000	-78046.16632204632	-42714.50225954632	321.2323728597592	0.8398802773263528	128
862000	-78686.60029456405	-43427.38154456405	320.57370646930065	0.8413130992692114	128
863000	-78021.57380418036	-42675.218335430356	321.36594582937613	0.8404039207831804	128
864000	-77966.70157756002	-42050.350015060016	326.54830003132395	0.8397213730815662	128
865000	-78209.48479447415	-42591.96916947415	323.83131004950246	0.8398904272438646	128
866000	-78381.18823670043	-42474.08667420043	326.4641998473163	0.8396297100126907	128
867000	-77908.30576050142	-42454.62997925142	322.341692643323	0.8397863240471237	128
868000	-78563.35071828394	-42848.48353078394	324.71642186784646	0.839917312435924	128
869000	-79154.42767887742	-43579.646428877415	323.44277288183196	0.8403906756619065	128
870000	-78261.72944770695	-43086.29194770695	319.8119747350962	0.8403438763813307	128
871000	-77992.64444079033	-42646.48819079033	321.3641345500753	0.8401991742742065	128
872000	-77892.1844435976	-42657.051631097595	320.354719250301	0.8404146185369379	128
873000	-78170.66026577313	-42243.18370327313	326.64944754992774	0.8399819258252991	128
874000	-78476.81182216365	-42481.761040913654	327.2638263857167	0.8400671125182004	128
875000	-78254.70320567745	-42750.86726817745	322.7977443590503	0.8386493362852534	128
876000	-77917.81246239797	-42207.17964989797	324.6779233038835	0.84008909137485	128
877000	-78212.02421142849	-42682.51639892849	323.0311507818958	0.8402174083525067	128
878000	-78054.91840785979	-42544.48872035979	322.8576941523801	0.8400207605216888	128
879000	-78388.96891745228	-42503.40251120228	326.2684041064235	0.8399639628927266	128
880000	-78250.22347563745	-42480.45394438745	325.21558913398985	0.8405782892818249	128
881000	-78557.99141856513	-43025.10079356513	323.0619070147297	0.840494644097383	128
882000	-78144.51913413995	-42040.75741538995	328.2522166394891	0.8404564935016439	128
883000	-78904.24101891399	-43353.99883141399	323.2196658903049	0.8404874341689584	128
884000	-78332.81437477344	-42836.05656227344	322.73339067094986	0.8399765702749961	128
885000	-78549.23442937584	-43187.648491875836	321.50441990768934	0.8400091174161256	128
886000	-78733.95456047606	-43342.079560476064	321.7798053919779	0.8396191730646728	128
887000	-78595.1400764646	-43026.077576464595	323.3907785113137	0.8394307398148882	128
888000	-77845.36770001784	-42762.39504376784	318.9712925325434	0.83936295837066	128
889000	-77948.53570440317	-42486.21539190317	322.4202879588673	0.8403907732859537	128
890000	-78029.18362845876	-42676.18362845876	321.4263573213512	0.8403143424480081	128
891000	-78260.43663512816	-42883.499135128164	321.6439949596953	0.8406331350292959	128
892000	-79228.20406669745	-43393.65328544745	325.8045745442867	0.8404917405447636	128
893000	-78148.60855093108	-43265.90542593108	317.150459621273	0.840047413690798	128
894000	-78684.85234789706	-43362.39141039706	321.14869885911645	0.840676227870951	128
895000	-78164.10888263944	-42672.32763263944	322.6881442037092	0.8407019777098801	128
896000	-78223.51517907633	-42812.249554076334	321.9561032439264	0.8408863296226791	128
897000	-78617.67776745449	-43425.07229870449	319.9680643924921	0.840154189788608	128
898000	-77762.43022963608	-42901.488823386084	316.95260399411643	0.840813662746457	128
899000	-78154.2320827267	-42525.771145226696	323.93082386520746	0.8402776424873115	128
900000	-77794.64589882932	-42442.071680079316	321.42248615578666	0.8402383856124344	128
901000	-77780.9901222892	-42408.57996603919	321.6028327497017	0.8404240100481397	128
902000	-78064.85154395233	-42146.19920020233	326.56921853148464	0.839926004397106	128
903000	-78257.81454299553	-42689.68563674553	323.38229035929606	0.8402935674385732	127
904000	-78375.82995406225	-42204.494016562254	328.8665954752781	0.8405003279332477	127
905000	-78262.36547394971	-43211.482661449714	318.6795345039864	0.8405199784449959	127
906000	-78231.51519744756	-42741.37457244756	322.6732277859376	0.8407660423647089	127
907000	-78348.52685784444	-42624.67529534444	324.7981070127863	0.8400700193427438	127
908000	-77979.26856907146	-42026.50685032146	326.87933796001283	0.8402174122584286	127
909000	-78336.05128602638	-42547.625504776384	325.38521011322155	0.8405343104744727	127
910000	-78355.38296950904	-42904.89468825904	322.3127121745095	0.8408063949171158	127
911000	-78376.32234614035	-42548.189533640354	325.74622293857533	0.8391593257178644	127
912000	-77240.9567763534	-41593.8356826034	324.1004803597195	0.8393159744881475	127
913000	-78554.22492541854	-43173.619456668544	321.677343807999	0.8407954169294667	127
914000	-78318.3573759977	-42382.3690947477	326.7268353459382	0.8405923125745078	127
915000	-77766.41286867365	-42203.78786867365	323.33224932920024	0.8412027248202613	127
916000	-78458.02535757587	-43426.38863882587	318.50455071741305	0.8400726821451134	127
917000	-78474.6653968135	-42497.09508431351	327.1048955058881	0.8396352121980112	127
918000	-78837.81135344513	-42810.131665945126	327.56048552297005	0.8396541838787128	127
919000	-78369.8946041785	-42602.683666678495	325.1923266253222	0.8396194663145484	127
920000	-77665.07838656125	-42539.87526156125	319.35524822904114	0.8405363040976679	127
921000	-78728.43576351853	-43694.69357601853	318.5236934535533	0.8402959428525167	127
922000	-79134.62986466994	-43253.87986466994	326.22461376567963	0.8396568251444378	127
923000	-77772.58111028638	-42618.33892278638	319.61926882359893	0.8402643155219971	127
924000	-78101.28440446411	-42972.97581071411	319.383482876966	0.8396652591956514	127
925000	-78468.93533545997	-43042.15799170997	322.0971344224291	0.8402471022922698	127
926000	-78129.85763727124	-42618.44357477124	322.86664400304306	0.8398985708485145	127
927000	-79204.90947241787	-43665.44462866787	323.1216792316575	0.839686851742119	127
928000	-78177.70313677812	-42457.21094927812	324.76756387163493	0.8404157522110189	127
929000	-78129.37795409052	-42700.04201659052	322.12039693109676	0.8393741414670356	127
930000	-78773.47424096974	-42925.927365969736	325.9227338822062	0.8398834421510257	127
931000	-78117.6341298079	-42345.860692307906	325.2338084728395	0.8396645323969126	127
932000	-78461.94826735437	-43240.67482985437	320.22871103541115	0.8399406697125973	127
933000	-78342.79562019459	-42859.20968269459	322.61363314541194	0.8403960196186284	127
934000	-77852.28882257965	-42784.74585382965	318.83100717492925	0.8403367521802277	127
935000	-78407.32373270557	-42337.33154520557	327.9451870403564	0.840161518869534	127
936000	-78287.83853794292	-42544.940100442924	324.97127952005883	0.8405245906797969	127
937000	-78053.14454811953	-43017.003923119526	318.54549983572423	0.8399968643578947	127
938000	-78143.33941197385	-42357.44097447385	325.3622317267971	0.8401875108990976	127
939000	-78353.19418335402	-43368.19027710402	318.08056929989476	0.8405110918016313	127
940000	-78007.88036311182	-42459.37255061182	323.20389710580343	0.8395445688959395	127
941000	-78314.70421685671	-42495.24327935671	325.66737901606814	0.8401676178420487	127
942000	-78743.54699594836	-43214.67199594836	323.02539730646964	0.8409858021854408	127
943000	-77916.44437955596	-42267.917035805964	324.11326586066656	0.8409407884846569	127
944000	-77903.21528779266	-42605.66450654266	320.9222179159506	0.8403746910927142	127
945000	-77681.411309131	-42371.364434131	321.0358312979778	0.8395096697763547	127
946000	-78070.1509275424	-42372.0337400424	324.56413234545425	0.8399213241312319	127
947000	-77782.23775103451	-42030.55806353451	325.05111787041744	0.8406378123984534	127
948000	-78286.87769093284	-41854.073003432844	331.24384628471057	0.8402082203373465	127
949000	-78306.08686303855	-43150.99701928855	319.62697563944766	0.8403602657653704	127
950000	-78148.21499094454	-42926.50795969454	320.2326532315365	0.8404460509427089	127
951000	-78020.39868487828	-42253.39868487828	325.19040880018014	0.8406658962432019	127
952000	-78628.26608016106	-42721.32076766106	326.46277923609995	0.8396300180962025	127
953000	-78367.08348014069	-42873.62254264069	322.70341577428496	0.840096963627044	127
954000	-78437.3740991757	-42455.34284917569	327.14545395611475	0.8400183850072275	127
955000	-78311.80729036567	-42180.00260286567	328.5071808375427	0.8397957120902372	127
956000	-78214.4031668704	-42836.7469168704	321.6505297712905	0.8398263792778086	127
957000	-77798.21795126898	-42139.124201268976	324.20933469417196	0.8397225680441216	127
958000	-78006.8126519896	-42403.5782769896	323.7014661843284	0.8401478573659085	127
959000	-77976.53129599681	-42601.648483496814	321.6253139222004	0.8405071947112673	127
960000	-77826.19866806509	-42440.11663681509	321.7271362311319	0.8407833772786039	127
961000	-77949.07475378174	-42671.54350378174	320.74020210385635	0.8406561678472558	127
962000	-78155.09058849722	-42905.715588497216	320.48420796267084	0.8398097693062709	127
963000	-77553.22926979969	-41106.54176979969	331.3700675912829	0.8401445475210113	127
964000	-78474.67702608746	-42660.50515108746	325.61929132639483	0.8394242886741561	127
965000	-78205.77654583345	-42970.96404583345	320.35180699730745	0.8414954017418221	127
966000	-78286.38944704563	-42575.17069704563	324.6832505959448	0.8407672330133092	127
967000	-78530.3931076948	-42780.72904519481	325.0327919857266	0.8401036479387302	127
968000	-78701.95662777768	-43534.698815277676	319.73760573792055	0.8391879374764533	127
969000	-78053.73843309036	-42928.81655809036	319.35269112885175	0.8398197960577946	127
970000	-78381.68820910988	-42766.52414660988	323.8099298506964	0.839898980876958	127
971000	-78685.2855135274	-43526.9300447774	319.65666641386923	0.8405512047980002	127
972000	-78594.79278011982	-43193.831842619824	321.86241393420846	0.8396739563527331	127
973000	-78757.85562090704	-43401.13687090704	321.46016786830023	0.8405436656808194	127
974000	-78228.16921135077	-42911.692648850774	321.09428944953044	0.8402790322135367	127
975000	-77952.52635743	-41837.506826180004	328.3545716776268	0.8395535904215926	127
976000	-78316.31199794209	-42544.52293544209	325.2339505339611	0.8402338294381163	127
977000	-78261.25420961608	-42677.097959616076	323.5280095548126	0.8409713707068383	127
978000	-78428.92651148832	-43074.44994898832	321.43978209734564	0.840358188954283	127
979000	-78257.53185403536	-42475.64122903536	325.32579304909785	0.8400262696132246	127
980000	-78617.05545248039	-42989.96951498039	323.9183224865036	0.8403785056215132	127
981000	-78284.14247469015	-42907.64247469015	321.64001724828955	0.8396624062440842	127
982000	-78487.16982197422	-43530.099509474225	317.8265995296926	0.839460802021447	127
983000	-78385.76873286204	-43200.54217036204	319.90097602780025	0.840047039458975	127
984000	-77904.21647602519	-41772.37272602519	328.50753599034675	0.8397270151961472	127
985000	-77876.88869209329	-42083.107442093285	325.43390156266173	0.8406813339685402	127
986000	-78133.61980607972	-42625.22527482972	322.8391906912871	0.8398634157109731	127
987000	-77875.91968900587	-42669.69703275587	320.0918706599967	0.8411008669424439	127
988000	-77183.13258981734	-42099.21852731734	318.9798517151218	0.8397514952856678	127
989000	-77733.598807568	-42106.40349506801	323.919316914355	0.8405891255237118	127
990000	-77999.6203727099	-42058.018810209905	326.7778708038854	0.8397716374994161	127
991000	-78441.23444401874	-43116.875069018744	321.16595928539505	0.8394473205698078	127
992000	-78749.86543292495	-43578.068557924955	319.7788744937554	0.8408456487114576	127
993000	-78216.884306949	-42141.642119448996	327.9929195772257	0.8402986769983132	127
994000	-77465.07237484044	-41781.68565609044	324.4302042230333	0.84042933822304	127
995000	-78683.62724909715	-43176.787405347146	322.8250556096845	0.8408304962204665	127
996000	-77977.21077685345	-41921.35140185345	327.81669275583795	0.8409741197434313	127
997000	-77790.9424717741	-42548.348721774106	320.42255343588147	0.8406033960586915	127
998000	-77544.05953212609	-41400.38765712609	328.61507625942414	0.8404087690491245	127
999000	-78106.5014121019	-42772.259224601905	321.2558129448289	0.8403640557943185	127
1000000	-78608.26176671934	-42644.96489171934	326.9751226712749	0.8408327871691161	127
#   HarmonicBondForce 9605.706237792969 kJ/mol
#   RBTorsionForce 5786.310020446777 kJ/mol
#   NonbondedForce -88441.59018650276 kJ/mol
#   LennardJones -33197.69201554983 kJ/mol
#   CMMotionRemover 0.0 kJ/mol
#   HarmonicAngleForce 13530.12191772461 kJ/mol
#   LennardJones14 14108.879783630371 kJ/mol
#   MonteCarloAnisotropicBarostat 0.0 kJ/mol
# state saved to state-eq.xml

# 2025-12-16 17:53:59.875983
