nohup: ignoring input
# 2026-01-07 16:20:59.575701

# field.xml config.pdb
#   401 molecules 11120 atoms 12280 bonds
#   box 4.1888 4.2678 10.0 nm
# Langevin integrator 323.0 K
#   barostat (1.0, 1.0, 0.0)
# platform CUDA
#   DeviceIndex 0
#   DeviceName NVIDIA GeForce RTX 2080 SUPER
#   UseBlockingSync false
#   Precision single
#   UseCpuPme false
#   CudaCompiler 
#   TempDirectory /tmp
#   CudaHostCompiler 
#   DisablePmeStream false
#   DeterministicForces false
# PotentielEnergy 8530.79338156477 kJ/mol
#   HarmonicBondForce 440.7352890893817 kJ/mol
#   RBTorsionForce -1053.7242851257324 kJ/mol
#   NonbondedForce 6590.146035068188 kJ/mol
#   CMMotionRemover 0.0 kJ/mol
#   HarmonicAngleForce 2553.637044016272 kJ/mol
#   MonteCarloAnisotropicBarostat 0.0 kJ/mol
#"Step"	"Potential Energy (kJ/mole)"	"Total Energy (kJ/mole)"	"Temperature (K)"	"Density (g/mL)"	"Speed (ns/day)"
1000	-21536.643393261125	17881.036294238875	329.71848011513373	0.8240180736991185	0
2000	-25911.670579545622	13024.040357954378	325.68693881252926	0.821570555152517	135
3000	-27306.770955855027	11332.529825394973	323.2075461393874	0.8178692777148939	134
4000	-28158.616144575702	10049.657292924298	319.6021162461007	0.8159175488359548	133
5000	-29344.043937239898	8858.081062760102	319.55068619025633	0.8141768518353089	133
6000	-29753.11591883382	9114.01689366618	325.1133009088422	0.8140231538974877	133
7000	-29962.776919134092	9459.137143365908	329.75389954368217	0.8144250597068884	134
8000	-30936.52080772791	7436.928411022091	320.98376803223687	0.8153342619633005	134
9000	-29854.964947423636	8651.304583826364	322.0947748675734	0.8141699859088214	134
10000	-30847.35545678278	7872.019543217219	323.8773458310986	0.813891050254445	134
11000	-30733.836413903555	8122.851086096445	325.02592862845603	0.8143430670526157	134
12000	-31482.04263469389	6500.980802806109	317.7179594861206	0.8142813801853662	134
13000	-31136.959957170984	7176.852542829016	320.4849226303463	0.8138679995942634	135
14000	-30926.8073666235	7517.2981021265	321.5747889027024	0.8139414093787533	135
15000	-31461.68257439515	7674.208050604851	327.36138902968275	0.8137133051435547	135
16000	-31571.954723019968	7553.037464480032	327.2702264783449	0.8134297324971539	135
17000	-32312.683029565407	6208.473220434593	322.21929833823594	0.8127334342196236	135
18000	-32027.731791990023	6054.807270509977	318.55038140650856	0.8134850332132365	135
19000	-32044.412117659536	6011.470694840464	318.3274089153511	0.813513052883182	135
20000	-31602.801042512423	6606.359113737577	319.60953341425613	0.8142278646244393	135
21000	-32102.136946756887	6367.5153969931125	321.7884817649781	0.8141722680510083	135
22000	-31847.420991788837	6878.719633211163	323.93393849737714	0.814298656918564	135
23000	-31770.853033446954	6892.693841553046	323.4103583100519	0.8139775349499873	135
24000	-32453.834603302603	6242.884146697397	323.6878322835146	0.8145801275066761	135
25000	-32650.23266889424	5741.650143605759	321.1379601755212	0.8131567977592336	134
26000	-32601.154485429608	6000.314264570392	322.89109118967167	0.8139877695976093	135
27000	-32855.58218981922	5829.003747680777	323.58634451130837	0.8138993964589013	134
28000	-32638.044513378874	6066.533611621126	323.7535738796765	0.8133433457254841	135
29000	-32785.69215580716	5985.581281692837	324.3114625540643	0.8141141836481874	135
30000	-32785.33852093901	5940.153666560989	323.92851448894623	0.8131484799870072	134
31000	-32129.923646588883	6283.974790911117	321.32211506417354	0.813004778453809	135
32000	-33211.68954963055	4917.6854503694485	318.94215165401414	0.8129870818951341	135
33000	-32968.294761903744	5713.240394346256	323.56082553188367	0.8141413178407952	135
34000	-33019.09110389692	5128.612021103079	319.09546157905964	0.8131305072406112	135
35000	-33189.609939591435	5383.140060408565	322.65086643073414	0.8137424090207206	135
36000	-33113.02378392978	5760.230122320223	325.16450224143944	0.8144202393867143	135
37000	-32790.52378917391	5938.538710826091	323.9583792100655	0.8146562193643289	135
38000	-32742.012380519256	6450.042306980744	327.8311865791936	0.813239506494797	135
39000	-33051.56032140828	4968.04124109172	318.02392584122	0.813597669360402	135
40000	-32961.8775435594	5966.5716751906	325.6261964530536	0.8138210966518323	135
41000	-33058.84846469136	5374.206222808643	321.4823520361308	0.8138116653853124	135
42000	-33828.91832950004	4778.26526424996	322.93889434831226	0.8134053975027902	135
43000	-33522.65789036732	4642.002265882678	319.2373026670015	0.8137811101436906	135
44000	-33534.65010291622	4941.865522083783	321.84589129999625	0.8138346242227549	134
45000	-34243.66767751501	4131.683884984988	320.99968063528405	0.8130637176384589	134
46000	-33561.81573025284	5083.297550997158	323.25616616676757	0.8136008907419239	134
47000	-34339.06770764374	4030.5807298562577	320.9519755008922	0.8132711333905955	134
48000	-33729.18566936717	4924.5213618828275	323.32805061585117	0.8138943878087902	134
49000	-34048.48630961447	4829.873065385531	325.207208139145	0.8135653020303407	134
50000	-34446.25559685459	4379.959246895407	324.7710329069555	0.8131275975023793	134
51000	-33279.32446012358	5535.761477376422	324.6779425453923	0.813199102666284	134
52000	-35244.85242688088	3618.2022606191167	325.0791884702771	0.8120410990589163	134
53000	-33852.35933575888	4857.867226741117	323.80082156757413	0.8139165113223813	134
54000	-34059.74697420644	4506.885838293558	322.59969777288643	0.8139869517923413	134
55000	-33829.20214378125	4419.758793718749	319.9424564377619	0.8135565930256061	134
56000	-34106.09782203994	5024.933427960059	327.3207416412009	0.813922934118879	134
57000	-34482.152729011694	4139.058208488306	323.0562293740664	0.8138242718004697	134
58000	-35118.05389995285	2683.7429750471492	316.20204715394595	0.8138708197971418	134
59000	-34074.76130610019	4296.11369389981	320.9622353722614	0.8140158253071392	134
60000	-34073.01873655422	4349.309388445778	321.3926271737746	0.8139510168082045	134
61000	-34670.05704938491	3660.778888115092	320.627319189031	0.813766913443422	134
62000	-34056.63691074106	4513.120901758943	322.6258375725532	0.8137156781365085	134
63000	-34253.86000828151	3834.99155421849	318.60318380183537	0.8128365233038165	134
64000	-34624.97317202922	4698.026827970782	328.9265095347301	0.8134137751132625	134
65000	-33975.65181579572	4965.809121704282	325.73503604391607	0.813288150500724	134
66000	-34571.507417845336	3633.019925904664	319.5707811612501	0.8137752069457848	134
67000	-34838.73652627636	3858.8455049736367	323.6950534031725	0.813817774585342	134
68000	-34941.68007869227	3298.8042963077314	319.8715522311658	0.8135362006195661	134
69000	-34079.0754865022	4468.596388497797	322.44109453840844	0.8140635446751904	134
70000	-34801.852315491706	3777.6008095082943	322.7069363010193	0.8143642758911227	134
71000	-35135.13622277911	3518.4575272208895	323.32710304811326	0.8126633221627751	134
72000	-34361.17067790426	4538.044165845742	325.3816586271711	0.8136542181260882	134
73000	-34294.13653071059	4409.363469289412	323.7445556487914	0.8131716399796465	134
74000	-34356.77710110549	3974.2736801445135	320.62911630025815	0.8135166950937618	134
75000	-34113.27521923448	4146.349780765522	320.0316585041247	0.8137015590133141	134
76000	-35051.07234061444	3432.126878135561	321.9017977965336	0.8121979262071995	134
77000	-34891.47983300075	4093.977198249253	326.10305174847446	0.8136461642526799	134
78000	-34588.848089494204	4326.425348005796	325.5159845227086	0.8139077675958046	134
79000	-35341.76631524092	3541.8039972590777	325.25079625508937	0.813529647769802	134
80000	-34538.48626552295	4219.880921977048	324.20350518144056	0.8135018653371575	134
81000	-34882.0533678394	3802.0052259106014	323.5819334201146	0.8138361816072887	134
82000	-34566.909076600496	3702.0284233995044	320.10955510713165	0.8136421494171023	134
83000	-34984.8009564954	3936.4959185046027	325.5663689865663	0.8142196852734332	134
84000	-34418.214714041256	4411.832160958744	324.80308683629687	0.8127806682920306	134
85000	-34796.24583900627	3813.5236922437325	322.9605250325365	0.8128828957813118	134
86000	-34226.983282710295	4605.571404789705	324.8240640255294	0.8132215498852637	134
87000	-34922.141760856684	3967.1629266433156	325.2987627874778	0.813809709472116	134
88000	-34717.3540756639	3274.8802993361023	317.7950065456384	0.8132203868261674	134
89000	-35321.525615011255	2845.2595412387454	319.2550777307748	0.8143708755362881	134
90000	-34970.03212799427	4185.553809505727	327.5261351170825	0.8134531924094849	134
91000	-34483.437794801415	3515.1207989485847	317.8479069652139	0.8138743017521652	134
92000	-35252.8316208538	3542.1996291461983	324.51019038103084	0.8133161366261658	134
93000	-34769.901166852535	4123.7707081474655	325.3352931575121	0.8134481156024065	134
94000	-34594.492634100854	3750.784709649146	320.74811773824104	0.8134824454658953	134
95000	-34648.974860683986	3738.1892018160142	321.0984890780244	0.8127283592105994	134
96000	-35291.782339696336	2864.475472803664	319.1670192806474	0.8137090656568319	134
97000	-34845.00920342929	3987.89704657071	324.82700475299197	0.8139415372515317	134
98000	-35026.63116069467	3360.5329018053308	321.0984890780244	0.8128337090964837	134
99000	-35371.39433091738	3641.4416065826226	326.33206906830486	0.8132101304164497	134
100000	-35892.661893672164	2901.6896688278357	324.5045049746033	0.8135965079300768	133
101000	-34889.23060177715	3623.956898222852	322.1526418490857	0.8143573236269368	133
102000	-35371.20624340956	3400.317194090443	324.3135537380376	0.8140516277581413	133
103000	-35924.18781223497	2492.2809377650265	321.34361504939943	0.8136126897027659	133
104000	-35317.780995236055	3527.500254763945	324.93051835967236	0.8133236361916512	133
105000	-35500.704795012585	3216.5803612374148	323.8598648400714	0.8143010923099081	133
106000	-35350.23898651656	3046.2336697334395	321.1763530062818	0.8127821362411327	133
107000	-35051.818116202136	3350.4943837978644	321.225201756909	0.8132560618177898	133
108000	-34925.717944954755	3819.200023795245	324.09100601862474	0.8126985441052793	133
109000	-35721.9420185029	2733.444700247099	321.6691535794994	0.8134421034961836	133
110000	-35511.366403500695	2947.539846499305	321.698593528874	0.8139077434795386	133
111000	-35531.45447538	3000.71739962	322.31144113206125	0.8139640477271859	133
112000	-35500.747940908055	3417.830184091945	325.54362736085625	0.8136777286343484	133
113000	-35375.053712442605	3536.4072250573954	325.4840939671152	0.8134109933927259	133
114000	-36009.051438387934	2371.8040303620655	321.0457193574471	0.8136340406655356	133
115000	-35467.05295307118	2537.400171928821	317.8972131623354	0.8131868727387654	133
116000	-35634.055995257615	2930.514317242385	322.5824455051064	0.8125136387749915	133
117000	-35917.986564466366	2365.095466783634	320.2278703753733	0.8126324814990766	133
118000	-35976.1388771863	2168.9314353137015	319.0734387978404	0.8131362363365259	133
119000	-35900.4044682924	2599.0564692076005	322.0378227790494	0.813370228381839	133
120000	-35301.719428995275	3242.761039754725	322.4143992679987	0.8142197567347217	133
121000	-35635.05983981285	3308.8932851871505	325.7558825341503	0.8131045757998834	133
122000	-35805.070491621795	3277.2732583782054	326.9134835623928	0.8130604376684192	133
123000	-35864.57949942279	2967.686125577209	324.82164609406027	0.8139904407099448	133
124000	-36323.06862549939	2238.1266870006075	322.5542145214663	0.8136178268090082	133
125000	-35968.57539720484	2519.6667902951594	321.9439808982458	0.8135137287199709	133
126000	-35849.46093884646	3021.0585924035404	325.141629916731	0.8130859800607031	133
127000	-35429.18973832339	3779.079792926612	327.9668194647145	0.8132040441536068	133
128000	-34820.84433418895	4160.210353311049	326.06622730569393	0.81349352806777	133
129000	-35775.677838049276	3019.872943200724	324.5145361227254	0.8127425022405443	133
130000	-35548.26682618554	3075.6081738144567	323.07851355328233	0.8138702947096381	133
131000	-35563.29926767091	3076.509326079089	323.21179385683325	0.8133021602494747	133
132000	-36271.96380284226	2843.1143221577368	327.1872979639021	0.8136488785936526	133
133000	-36126.22751963089	2372.561542869109	322.0322027221211	0.8140413822747886	133
134000	-35679.57461562236	2712.1441343776387	321.1365878360387	0.8124658272818928	133
135000	-35849.543715899315	2563.0656591006846	321.311332396811	0.8126025825723788	133
136000	-36093.20650237975	2308.4731851202523	321.2199084474765	0.8131150672544413	133
137000	-36138.34247645966	2708.0793985403434	324.9400593865507	0.8137830738404748	133
138000	-35755.779194755756	2998.603617744244	324.17017693686546	0.8138798902150874	133
139000	-36590.95982597837	1920.180799021633	322.135520280304	0.8136595314428117	133
140000	-35806.651025808926	3212.0364741910744	326.38101584318093	0.8129837303256874	133
141000	-36077.290818028094	2767.388869471906	324.9254864482365	0.8128464031650615	133
142000	-35499.42982597879	3101.08579902121	322.8831185507733	0.8131357078685753	133
143000	-36092.702901135446	2744.750223864554	324.8650381615071	0.8136263900975003	133
144000	-35185.621514126105	3846.6362983738945	326.4945279232338	0.8135913734229017	133
145000	-36300.753851027286	2704.503961472714	326.26868005411296	0.8128779059736287	133
146000	-35502.57727589854	3630.3367866014596	327.33649087050014	0.8137214373236112	133
147000	-35750.14770763207	2199.3561986179266	317.4375774599449	0.8132766132755904	133
148000	-36063.71111489028	2929.288885109723	326.1661466899201	0.8132820983667349	133
149000	-36170.67539200558	2510.574607994422	323.55844027516406	0.8137656184251036	133
150000	-35859.039318444164	2995.6169315558363	325.00893775867263	0.8135859941183646	133
151000	-36201.48444707555	2537.695240424451	324.04300681148663	0.813048880134608	133
152000	-35636.37367735387	2849.8255413961306	321.9268920042136	0.8132080793625313	133
153000	-35735.93724053356	2492.43385321644	319.7702278327075	0.8134279952269744	133
154000	-36280.90510424686	2236.7589582531364	322.19008711210836	0.8129911758251184	133
155000	-35860.800978372936	2796.136521627064	323.35507263375666	0.8127774531368519	133
156000	-35631.40858180942	3041.8726681905828	323.49178378601385	0.8128987714190365	133
157000	-36461.86837443241	2672.498813067592	327.3486458773452	0.813073262269047	133
158000	-36238.22592105095	2743.828766449049	326.07459204158727	0.8135087730295479	133
159000	-36511.67901888215	2245.844418617853	324.19644743553056	0.8137181653149936	133
160000	-36615.718142029466	1326.7506079705345	317.37873023594517	0.8132926508154401	133
161000	-36221.061159203644	2479.860715796356	323.7229903140663	0.8137565806097397	133
162000	-35985.79997368538	2355.9812763146183	320.71887383736384	0.8129872164798866	133
163000	-35763.9215911146	3009.859658885398	324.33243974329685	0.8133013304867809	133
164000	-35954.957043724935	2559.914050025065	322.16672466615614	0.8139409936095076	133
165000	-35549.89955260648	3049.3973223935172	322.8729240289033	0.8140254688848781	133
166000	-35846.273651543874	2832.2263484561263	323.5354372514573	0.8133384900610803	133
167000	-35838.878022687844	2887.1376023121556	323.9328929053904	0.8142272071693917	133
168000	-36359.92285113325	2417.6044926167524	324.36377482814737	0.8130360127277099	133
169000	-35964.10974730985	2470.808221440151	321.49793789168206	0.8134797798681672	133
170000	-36346.89452173177	2113.269540768233	321.7091147982399	0.8125890132217481	133
171000	-35714.76155040848	2511.6290745915176	319.75366173466875	0.8136338332894107	133
172000	-35943.00739744483	3020.8051025551686	325.92200096103255	0.8133062922635634	133
173000	-36056.256853314815	2938.043927935185	326.17702738153145	0.8131938436271038	133
174000	-36320.837043783395	2731.0965499666054	326.65911063688566	0.813613268180879	133
175000	-36135.55633150626	2316.013980993739	321.6372303491563	0.8139885277001246	133
176000	-36510.013684981124	2263.7714712688758	324.33247241804645	0.8137103234158829	133
177000	-35683.85487333285	2604.30528291715	320.2703475498318	0.8130668573444613	133
178000	-36101.00148076721	2998.1039879827877	327.0536909128554	0.8134301174613531	133
179000	-35492.79021938921	3926.049624360792	329.72818451576	0.8133496561499438	133
180000	-36201.80311994458	2109.349223805417	320.46267112588	0.8136084793036579	133
181000	-36125.37383449619	2301.9464780038106	321.43438550374225	0.8136387593860547	133
182000	-36388.79369592454	1669.6359915754583	318.3487128520795	0.812696270890078	133
183000	-36620.3779241217	2155.274419628302	324.3480909483473	0.8133449274347193	133
184000	-36480.51706790947	1800.5298070905264	320.2108468308404	0.8134522270160873	132
185000	-36051.84954785991	2195.173889640093	319.9262497619685	0.8133407610047791	132
186000	-35893.031094548234	2785.9415617017657	323.53939089615693	0.813489689256907	132
187000	-36869.853924121024	1353.4702946289763	319.72801205624575	0.8133473479105808	132
188000	-36396.282744045675	2258.396943454325	323.33618662849744	0.8140197905215325	132
189000	-36934.88384283424	1824.2880321657576	324.21023617985475	0.8143741340368228	132
190000	-35608.368330991594	3345.936356508406	325.84247062054646	0.8135235794678711	132
191000	-36051.58752240664	3342.2484150933597	329.51903344367634	0.8132087292523786	132
192000	-36373.04109580105	2249.818279198953	323.07001811839064	0.812949535422693	132
193000	-35383.99085021988	3526.5364935301186	325.4762847019647	0.8130152790778378	132
194000	-36030.32028671869	2766.382838281308	324.52417517385254	0.8131632749355965	132
195000	-36528.07921494766	2217.444222552338	324.09607060481017	0.8131639180340992	132
196000	-36265.31195785833	2305.5474171416718	322.63505185193577	0.8132381465420121	132
197000	-36632.95127386671	2045.2909136332892	323.53328071798484	0.8125789094256086	132
198000	-35959.249507690314	2194.781742309686	319.14839467338487	0.8137371723796993	132
199000	-36252.26519905796	2692.9183946920384	325.76617508026914	0.8124570892743908	132
200000	-36089.17744624191	2695.6467725080875	324.42481126036927	0.8121226922434617	132
201000	-36436.245268047336	2426.461763202664	325.07628041756413	0.8129090395060571	132
202000	-36243.397767161834	2402.008482838166	323.25861677298633	0.8138721604651038	132
203000	-36120.63193440929	3012.4813468407083	327.3381572827289	0.8133293063828241	132
204000	-36505.740869479254	1713.634130520746	319.69497788441686	0.8141623047094663	132
205000	-36640.88884567717	2041.8533418228326	323.5709220295049	0.8142996982213291	132
206000	-36261.059477443676	2098.616303806324	320.8685568652057	0.8138276307802526	132
207000	-36328.7346725184	2223.1403274815966	322.47625256896015	0.8132256872758741	132
208000	-35772.979615558	3275.668821942003	326.6316311724859	0.8132670257565691	132
209000	-36272.74862437992	2786.8998131200788	326.723643267313	0.8134135700149839	132
210000	-36112.74333742852	2659.3191625714826	324.3180628534801	0.8135227826774138	132
211000	-36646.292326905095	1916.0201730949047	322.56355949984714	0.8124711416821657	132
212000	-36918.7949381208	1523.1152181291982	321.55642569343644	0.8131504313709681	132
213000	-36696.03127860816	1485.6132526418369	319.3793724781903	0.813898612508449	132
214000	-36079.55124217665	2559.272976573353	323.2035598199382	0.8131000208867651	132
215000	-37000.60840329966	1581.5087842003413	322.72922048023526	0.813076801203846	132
216000	-36537.67105916963	2255.758628330368	324.4967937337016	0.8131043362911273	132
217000	-36576.336180059356	2118.9880386906443	323.6761673979133	0.8135058628781187	132
218000	-36308.57182722501	2625.1156727749913	325.67001329224496	0.8126743375739232	132
219000	-36539.46928350764	1872.077591492358	321.30244486492427	0.8129367980149538	132
220000	-36249.0204140374	2619.440523462603	325.12441032370054	0.812680592527253	132
221000	-35597.351935661616	3355.495720588384	325.8302829389518	0.8124369727824917	132
222000	-35975.97596557984	2143.2076281701593	318.8569032323509	0.8126592594457609	132
223000	-36109.17148011233	2281.6097698876692	321.12874589613864	0.8132480913597645	132
224000	-36349.633034804356	2358.0935276956443	323.77990972784073	0.8131790317737758	132
225000	-36989.98770975118	1645.574790248822	323.176276404036	0.8131554260450268	132
226000	-36737.38962664992	1472.4619358500786	319.6153168449324	0.8133941399106948	132
227000	-36446.69045403341	2179.790014716593	323.10030761125455	0.8133380795074	132
228000	-37351.94456886678	1484.6023061332235	324.8574576196038	0.8129974864749767	132
229000	-36790.8994858831	2113.7411391169007	325.42704385434246	0.8135723776241598	132
230000	-36264.11673264725	2521.5629548527504	324.4319670305281	0.8131507025095208	132
231000	-36831.42537207744	1550.5082216725568	321.05473758833216	0.8128414024075313	132
232000	-36564.96789452087	1862.9774179791275	321.4396134636756	0.8133814168094761	132
233000	-36900.36345690518	2174.394355594821	326.85002919870175	0.8131398706524099	132
234000	-36165.00382459187	2563.9805504081305	323.9577257150739	0.8137492586528511	132
235000	-36532.90316640695	2759.089021093052	328.6671373725366	0.8127580827224964	132
236000	-36226.046178000775	2238.3171032492246	321.74424015404213	0.8130084074209477	132
237000	-36315.89621534564	2991.6350346543622	328.79711752637957	0.8132409630170597	132
238000	-36276.950795203855	2290.369517296145	322.6054485288131	0.8138257570859323	132
239000	-36353.73928831036	2338.1552429396397	323.64747896777897	0.8131551957296721	132
240000	-36414.95681265078	2531.20724984922	325.7743764424145	0.8132952079504244	132
241000	-36189.211170181385	2738.9372673186153	325.62368049733567	0.8134169644013458	132
242000	-36427.53986559856	2316.5382594014372	324.08398094746434	0.8134328656948644	132
243000	-35834.16378303913	2322.6877794608736	319.1719858425841	0.8134182536921966	132
244000	-36533.95586146203	2330.1144510379672	325.0876839051687	0.8139528440942889	132
245000	-36004.54745440975	2771.4994205902476	324.3513910980553	0.8127026403199364	132
246000	-35876.028635717215	2842.7994892827846	323.8727713661569	0.8130048903460297	132
247000	-36631.1680232293	1757.3007267706998	321.10940244438524	0.8136115356792033	132
248000	-36258.977121723656	2155.2338157763443	321.3247290441402	0.8130953337246654	132
249000	-36350.0117885637	2388.781180186299	324.0397720112779	0.81327239261548	132
250000	-36177.47487984986	2141.888401400138	320.5313534495045	0.8134940574935202	132
251000	-36399.41457428137	2907.0698007186293	328.7883606934912	0.8126688877746377	132
252000	-36302.50217002677	2054.091579973232	320.8427764877843	0.8141855711604591	132
253000	-36810.611555010095	1737.802507489905	322.44730274082923	0.8129783513051699	132
254000	-36600.428465809775	2580.938721690225	327.7417884643333	0.812891862658465	132
255000	-36063.690178059	2822.208259441002	325.2702704058411	0.8126040952173914	132
256000	-36690.14619312089	1850.1350568791095	322.3792739121965	0.8123700585549988	132
257000	-35984.75038973942	2276.01523526058	320.0411995310031	0.8129522709785982	132
258000	-36951.84111554001	1376.72138445999	320.60830248477345	0.8133476301433179	132
259000	-36759.11694927556	1840.867425724442	322.87867478482997	0.8132769096543513	132
260000	-36227.13727786216	2067.722097137841	320.3263847453675	0.8141630332902611	132
261000	-35904.18588528261	2948.1891147173883	324.9898557049159	0.8134694935344086	132
262000	-36752.916057327006	2045.1542551729945	324.5356113362067	0.8134889636913163	132
263000	-36623.20022920011	2033.6239895498875	323.35412506601875	0.8131414650695913	132
264000	-36434.98394989919	2562.7621438508068	326.20584651066406	0.8131001860658459	132
265000	-36995.359291798304	1823.4258644516958	324.7088855332478	0.8128651480925485	132
266000	-36859.71472265433	2103.355589845669	325.9157927586117	0.8132283243282514	132
267000	-36545.08646859751	1819.6518126524898	320.9109033406658	0.8124706923719804	132
268000	-36807.349083282825	2009.7798229671753	324.6950314394244	0.8131407019902432	132
269000	-36520.31326340587	1559.768767844129	318.52982898902053	0.8128242302705736	132
270000	-37141.64889935442	1379.062038145581	322.2155734167834	0.8134930053407695	132
271000	-37205.19897911936	1358.7775833806372	322.57747894316975	0.8139328635784003	132
272000	-36494.68757480118	1842.0819564488193	320.6769521336483	0.8125797361366605	132
273000	-35755.8002296982	3287.6411765517987	326.5880757312912	0.8136344410118094	132
274000	-37148.711099190405	1552.5701508095954	323.725996391028	0.8134764503686844	132
275000	-36550.24059920212	2488.353150797877	326.54752636705814	0.8131167227864137	132
276000	-36673.41734581045	1749.1295291895512	321.39445695975127	0.8126872707519418	132
277000	-36332.75405642044	2508.722506079561	324.89869315357805	0.8128064480496292	132
278000	-36855.24652503294	1579.9253499670594	321.500061750405	0.8133543969609768	132
279000	-37561.06298391525	1471.5542035847466	326.4975340001955	0.8129732905534426	132
280000	-36830.12822152169	1769.2663097283075	322.87374089764285	0.8135559349059676	132
281000	-37078.283375260464	1184.7205309895362	320.0599221625144	0.813179248862934	132
282000	-36548.98532224298	1711.538115257019	320.0391736965289	0.813006092116649	132
283000	-36970.603672775294	1478.5916397247056	321.6173641014096	0.8128544576260844	132
284000	-37055.4742067154	1379.9984495345998	321.50257770612296	0.8128738012417124	132
285000	-37137.052608592494	1461.021610157506	322.86269683228363	0.8131873227486901	132
286000	-36947.38412959938	2056.065089150623	326.2535516450559	0.8135320317664065	132
287000	-36417.40195744822	2885.3792925517773	328.7573850308861	0.8121950490564943	132
288000	-36857.9957090184	1321.2972597315966	319.3597022789411	0.8135879574751752	132
289000	-37141.63985974567	1936.0788902543281	326.874796658886	0.8133535196159402	132
290000	-36871.24487167872	2163.2629408212815	326.5133485789939	0.8131872381052916	132
291000	-37101.66416598849	2467.8202090115083	330.98828623344576	0.8137464347757205	132
292000	-37424.388045704414	1059.1432042955857	321.9045751502481	0.8125492131923457	132
293000	-36813.19850382159	2223.9733711784065	326.5356327582098	0.8132648419233404	132
294000	-37014.17173902548	1684.156385974522	323.70129428034295	0.8125412438151617	132
295000	-37026.998429446496	1224.7359455535043	319.96565550996615	0.813425146696867	132
296000	-36600.30302014375	1826.2126048562495	321.42765450532806	0.8131172027912454	132
297000	-36994.903773886734	2221.1196636132663	328.0316788426377	0.8129314707609026	132
298000	-36442.97447302166	1821.9708394783374	320.0761615130574	0.8127287169192259	132
299000	-36870.17990812176	1691.9919668782386	322.5623832088622	0.8127953279906017	132
300000	-37142.69902057924	1952.148635670761	327.01807543580946	0.81273451058461	132
301000	-36527.8021792987	2180.1275082013017	323.78160881481904	0.8130924479363874	132
302000	-37068.40625461923	1555.390620380771	323.0778600582907	0.8129898283844462	132
303000	-36724.545460080044	1671.657664919956	321.17409844856047	0.8131955634938557	132
304000	-36713.36241549578	2300.7157095042203	326.34245963867244	0.8122397041875827	132
305000	-36909.450389144535	1739.2839858554653	323.28645565963143	0.812733207465224	132
306000	-37016.29732882626	1930.0034524237417	325.77552005864993	0.8129338537240243	132
307000	-37190.70820294756	1134.7488283024431	320.5823260588546	0.813685383091365	132
308000	-37322.761190995356	1354.9341215046443	323.52870625304314	0.8132388026615472	132
309000	-37185.161693074246	1649.4086194257543	324.8409241963145	0.8132065658047692	132
310000	-36753.203309033066	1129.089659716934	316.87537571861213	0.8126248120800303	132
311000	-37000.25911278422	1199.408855965783	319.53013377276835	0.8130054135123029	132
312000	-36900.73160210914	2049.659022890861	325.80973052146385	0.8125701162543877	132
313000	-37227.40605085406	1672.211136645943	325.38502412637814	0.812277054608332	132
314000	-37016.92607526554	2179.054393484461	327.86402470252494	0.8124094420992803	132
315000	-36890.64729282656	1667.0011446734425	322.5245458488445	0.8119258797555982	132
316000	-36608.279681851534	1512.8218806484656	318.8729465343964	0.8132186694937923	132
317000	-36880.66694045857	1573.12212204143	321.6557896069197	0.812958953117755	132
318000	-37312.515327550616	1475.1213911993837	324.4483370800694	0.8123805011840047	132
319000	-36712.67002925818	1654.1737207418191	320.92851503069124	0.8127011214903974	132
320000	-36623.32788736302	2158.468987636981	324.3994883294421	0.8138995830257099	132
321000	-36616.721253420066	2344.059996579934	325.8966453553558	0.8135882983029443	132
322000	-36726.60720866668	2359.2131038333173	326.9425640895221	0.812681252287437	132
323000	-36955.01585162312	1889.5310233768832	324.9243755067506	0.8121301725818503	132
324000	-36892.585461645576	2034.6489133544237	325.6160346059331	0.8129525681821126	132
325000	-37528.45461972487	620.432099025129	319.10536202818344	0.8129923520781027	132
326000	-37451.43492385706	1852.7057011429424	328.76875584374113	0.8138295584119585	132
327000	-36702.27545385354	1750.5917336464627	321.64807836601807	0.8133803435397525	132
328000	-36865.27812313776	1768.1437518622406	323.1583706412643	0.8133859628242809	132
329000	-37393.50940448974	845.7952830102586	319.8616844567916	0.813350519222239	132
330000	-37717.72685875735	991.421578742651	323.79180333668904	0.8132379319455791	132
331000	-37405.16573417092	1247.0217658290785	323.3153401382632	0.8130935471788532	132
332000	-36991.680437717354	1467.581281032646	321.7015669310861	0.8128654191181426	132
333000	-36942.15242288554	1518.2108583644585	321.7107812104687	0.813103618353619	132
334000	-37220.5684955359	1297.087754464097	322.19002176260915	0.8127387244163509	132
335000	-37231.510463716826	1496.341098783174	323.9482500376946	0.8126594632008681	132
336000	-36744.36673708979	1893.7973254102108	323.1980377872586	0.8135579353663798	132
337000	-37053.727285071174	1252.9055274288257	320.424866440612	0.8134661320497155	132
338000	-37005.83906251543	1844.594531234572	324.97361635437295	0.8140439878022571	132
339000	-36761.42854165929	2013.0909895907098	324.33861527096815	0.8138030278808843	132
340000	-36922.90876308795	1869.6693619120488	324.4896706382924	0.8130406233877748	132
341000	-37307.74501238081	1181.7042063691915	321.95407739586705	0.8132042371544502	132
342000	-36780.81741211937	1677.9091503806267	321.6970904903932	0.8128776295443183	132
343000	-37325.755631420005	932.7365560799954	320.0221828267455	0.8127699431477733	132
344000	-37204.507981137795	1403.1170188622054	322.9425865950152	0.812488404249278	132
345000	-36887.09572565295	1848.833961847049	324.01582141983323	0.8134288102658377	132
346000	-37897.88846881235	1306.8849686876492	327.93757556383736	0.813012046710773	132
347000	-37147.86723091971	1912.7890190802864	326.73207335270547	0.8129286862473393	132
348000	-37481.128450471646	1144.625455778354	323.094230107832	0.8124235105118081	132
349000	-37058.203057630526	1414.828192369474	321.8167454233678	0.8131690500102964	131
350000	-37240.27515229977	1348.1701602002286	322.7821535745605	0.8132453723960177	131
351000	-37335.81782504247	822.549362457532	319.1846636454225	0.8128215459935881	131
352000	-37011.950426725714	1999.8308232742856	326.32324688591734	0.8132561425996649	131
353000	-36987.273492366236	2154.1952576337644	327.4080485720879	0.8128696926157302	131
354000	-37471.80815907889	1295.5668409211066	324.27885315398	0.8125258856744066	131
355000	-37239.11899933423	1634.3653756657732	325.16643005166486	0.8133122916279824	131
356000	-36606.07075289478	1658.0933096052177	320.0696265631407	0.8137512331012775	131
357000	-37017.00325338871	1294.9772153612867	320.4695981727917	0.8131319104079668	131
358000	-37457.31321830266	1433.632094197339	325.3124861823029	0.8125804552615412	131
359000	-37254.69200712287	2157.331430377133	329.6711670777369	0.8131421562580264	131
360000	-37291.35923535199	2091.5157646480075	329.42734809634516	0.8127642957061663	131
361000	-37413.20023503361	1148.0888274663885	322.5549987154563	0.8128783527854144	131
362000	-37014.40149655769	1617.4891284423065	323.14556213942757	0.8121592894558783	131
363000	-37080.48381246677	1520.649000033227	322.8882811612075	0.8133053634829588	131
364000	-37140.65627356322	1727.5156014367822	325.1219923922314	0.812961287284254	131
365000	-37529.33914883049	1430.3678824195085	325.88765979922033	0.8129183972857592	131
366000	-37547.42575017309	944.1679998269101	321.97201583338835	0.8134118382576372	131
367000	-37340.89115088212	647.1010366178816	317.7595217675907	0.8131301016148998	131
368000	-37058.23110650189	1978.5657684981124	326.53249598224977	0.8131620793942632	131
369000	-37358.16914562616	1424.1785106238385	324.4040954691333	0.8134806938132525	131
370000	-37052.28921566521	1168.6873468347912	319.7083745317461	0.8135282039350284	131
371000	-36915.14657417701	1853.669832072992	324.2909101365763	0.813043863981229	131
372000	-36021.352460658556	2972.686601841444	326.17483817330935	0.812887111922042	131
373000	-36685.445597235506	2101.2419027644937	324.4403971159206	0.8130542698988212	131
374000	-36401.35877196121	2552.8170092887885	325.8413923538102	0.8126173302142031	131
375000	-36899.924123001416	1694.2594707485841	322.83015278169853	0.813244920298613	131
376000	-37215.05049014915	1495.6135723508487	323.80448113952747	0.8132616640795537	131
377000	-37247.07889902583	1446.1046947241703	323.6582616351415	0.8125612575238177	131
378000	-37144.66707089472	1484.9188666052796	323.1262840371734	0.8126284470435945	131
379000	-37046.945045405475	2198.074485844525	328.27422350879567	0.8133622769927688	131
380000	-36686.5933518573	2222.3050856427	325.4626593313884	0.813390662198416	131
381000	-37191.51341164076	1391.412369609243	322.73598415339904	0.8147333309981112	131
382000	-36771.06777432666	1962.627538173343	323.99713146307147	0.8126248532031041	131
383000	-37317.71236590037	639.8266965996299	317.5047894198381	0.813485751851705	131
384000	-36866.44824622432	1817.2509725256823	323.5789273431529	0.8130211828670105	131
385000	-37305.54264546756	1381.8831357824383	323.61009905425556	0.8124678981572983	131
386000	-36985.59411540543	1836.0074470945692	324.73244402769745	0.8136983558938417	131
387000	-36951.40335159289	2312.7528984071105	328.43429710700497	0.8131576584027443	131
388000	-37020.14238118364	2291.240431316357	328.82933482946885	0.8126128436741342	131
389000	-37338.21956960193	765.7804303980665	318.72989648072	0.8140905242989829	131
390000	-37767.179511478476	961.2853322715237	323.95337997337924	0.8126967744735513	131
391000	-37388.03509467993	1562.39459282007	325.81005726895967	0.8134155192007675	131
392000	-37115.731614516495	1514.776197983505	323.1339952780751	0.8130386426775341	131
393000	-36948.65450152801	1240.0212797219865	319.4381870274405	0.812890853007747	131
394000	-37074.316155023655	1416.0666574763454	321.9618866610175	0.8131692787932877	131
395000	-37267.812441697824	1308.9102145521756	322.68409665106054	0.8133230405212842	131
396000	-37505.2268834556	1362.8512415443984	325.1212081982414	0.8130875623947239	131
397000	-36691.083842751235	1758.3849072487646	321.6196513338804	0.8124265120578106	131
398000	-37609.775783169316	774.5992168306839	321.0751593068218	0.8124503233567772	131
399000	-35947.851225311315	3020.211274688685	325.95755108857935	0.8132015104352596	131
400000	-37430.45579649403	1191.5363910059677	323.0627643239831	0.8130689447856876	131
401000	-37118.913244438765	1566.086755561235	323.5898080347642	0.8134170774178916	131
402000	-37279.74441412157	1077.0290233784326	320.84427952626515	0.8136580949912112	131
403000	-36484.984311535925	2247.8867822140746	323.9902370909094	0.813168325794777	131
404000	-36797.95768332138	1663.6477854286204	321.7211717808362	0.8123584667793389	131
405000	-36601.0225178806	2344.1610758694005	325.76617508026914	0.813229680615041	131
406000	-36508.63151624406	1995.0637962559413	322.0732422075979	0.8129956742493872	131
407000	-36936.72754185932	2075.10058314068	326.3236389829123	0.8127732539560188	131
408000	-36791.50067533925	1938.8860434107482	323.9694559501743	0.8135477677550179	131
409000	-36928.05641668514	1891.86936456486	324.71842656012615	0.8136000061505128	131
410000	-36906.29487157648	1614.1348159235204	322.2132208348134	0.8126165263395406	131
411000	-36909.31726254744	1203.29211245256	318.801911628802	0.8129069533606935	131
412000	-37317.10084475862	837.797592741379	319.1556484677924	0.813437557166818	131
413000	-36383.54536623186	2317.4468212681386	323.72357845955884	0.8133255173002446	131
414000	-37111.724378785686	1181.314683714314	320.3111583120616	0.8132262713137697	131
415000	-37160.56018116423	770.7093500857736	317.2850517288894	0.8129650946758369	131
416000	-37166.647284011226	1673.2980284887744	324.8858846517413	0.8127255163574257	131
417000	-37020.493981712	1882.693518287997	325.4148888474974	0.8136155968021233	131
418000	-37019.605673366896	1364.3005766331044	321.0712383368718	0.8131975684140524	131
419000	-37276.95448622265	1439.5181700273533	323.85306849215806	0.8135562845289066	131
420000	-36891.3106490381	2493.3065384618967	329.4419210346594	0.8131208198624659	131
421000	-37458.97156855125	805.6026501987508	320.07305741184695	0.8132527375635383	131
422000	-37427.57372728649	1818.0629914635065	328.2793861192298	0.8132914418184519	131
423000	-37169.47184530126	1338.715654698739	322.1108181696188	0.8137038639155802	131
424000	-37013.79675744525	1791.2735550547513	324.5941644874603	0.8122828387496847	131
425000	-37152.2336995012	1718.645206748799	325.1446359936927	0.8127195291356631	131
426000	-37277.154846810925	1064.602965689075	320.7186777888664	0.8129177356363639	131
427000	-37327.95259688291	1251.2974031170888	322.705237214041	0.8131293563296956	131
428000	-36856.324447842344	1702.558364657656	322.5348710697129	0.8130530564366891	131
429000	-36642.24644218953	2057.1246515604726	323.7100184384817	0.8124822422106045	131
430000	-36749.98708679473	1923.137913205268	323.49047679603046	0.8136340391454747	131
431000	-37536.42397607806	1062.763523921938	322.87200913591494	0.8127120005226915	131
432000	-37511.70319858461	1093.0624264153885	322.9186686783201	0.81200434013737	131
433000	-36839.01755591683	1793.6816628331726	323.15232581259136	0.8128583086666151	131
434000	-37097.483129938715	831.3684325612849	317.26482605889726	0.8135393474716126	131
435000	-36860.60572816958	1305.179428080417	319.2467129948815	0.8128411303656177	131
436000	-36791.004519940354	1633.792355059646	321.41327761551133	0.8136046946888251	131
437000	-37054.60826194822	1970.4151755517814	326.43401428700525	0.8129572146977989	131
438000	-37012.53885921903	1561.9025470309716	322.6650145973038	0.8122518221781796	131
439000	-37201.04255888703	1238.0433786129724	321.5328018494876	0.8128293456959136	131
440000	-36969.25134947884	1448.4127130211564	321.353613522772	0.8128297462466553	131
441000	-37253.2856158042	629.1987591958023	316.8769767813417	0.812959277789765	131
442000	-37734.95979542898	617.3292670710216	320.8067689137433	0.8130748591767534	131
443000	-37071.290515818415	1328.0727654315851	321.20053232097354	0.8127990134364488	131
444000	-37539.260097153456	1590.1617778465443	327.30727964437256	0.8132535233876321	131
445000	-37614.67964520551	1500.4336360444868	327.18759203664837	0.8135468806800414	131
446000	-37027.109848092296	2140.2729644077044	327.62481286082453	0.8130484175427102	131
447000	-37198.69787706307	1985.8333729369333	327.76825501149585	0.8133985174176633	131
448000	-37507.03268748196	967.9204375180416	321.83282140016286	0.8134044802767033	131
449000	-37439.10939893704	1337.859351062958	324.3591023389569	0.8134727848425871	131
450000	-37111.18865552722	1255.7254069727787	320.9291031761838	0.8135370094946115	131
451000	-37448.53888103845	1829.0314314615534	328.5465021970745	0.8136326797794675	131
452000	-36594.33558262112	2747.914417378881	329.0875307006773	0.8128311680025359	131
453000	-36791.9479452496	2203.8567422503984	326.189607160121	0.8132434750809526	131
454000	-37017.219414008956	1982.905585991044	326.22574543316034	0.8131985675135831	131
455000	-37663.67134898699	993.0200572630129	323.35301412453293	0.8140233307480638	131
456000	-36491.22272107426	1914.3007164257433	321.2520604010666	0.813640455470328	131
457000	-37309.203819562346	886.9328991876537	319.5005957991449	0.8128195200932902	131
458000	-36987.03066943379	1527.8677680662076	322.1669533894032	0.8131601543344983	131
459000	-36341.65176275937	2065.395112240629	321.26480355340414	0.8137422732326005	131
460000	-36758.64794795928	1788.9145520407183	322.44017964542	0.8125381380496582	131
461000	-37618.5857737443	936.0236012556998	322.49912489366864	0.8134171705184765	131
462000	-37252.67550166164	1134.367467088363	321.0974761607873	0.813520472251306	131
463000	-37638.633135922515	571.9762390774849	319.6216557463516	0.813895621401831	131
464000	-37619.84195431792	763.6814831820811	321.0680362114126	0.813401442314104	131
465000	-37761.68053210265	779.8116553973523	322.3894030845674	0.8132287088536287	131
466000	-37397.93668334297	1470.9773791570333	325.1282005946522	0.8141779602049433	131
467000	-37735.63201969897	901.3328240510309	323.1880066391365	0.8128006607194488	131
468000	-37544.80767018923	1201.4188923107722	324.1019520597352	0.8133784291423144	131
469000	-37085.67649593516	1290.4406915648433	321.0060848862024	0.813522050070139	131
470000	-37024.46995333636	1461.08473416364	321.92150067053234	0.8134095489406346	131
471000	-37001.37219378099	2120.3309312190104	327.2427143391957	0.8126863432651171	131
472000	-37501.761227982905	1027.7075220170955	322.2888302053495	0.8128351947592588	131
473000	-37107.01550339523	1427.2344966047676	322.3288240988397	0.8129433890988598	131
474000	-37460.45042400136	1406.885513498637	325.1149999958205	0.8135618221850088	131
475000	-36964.31307491701	1825.4798938329914	324.46637354183946	0.8135605586471588	131
476000	-37421.70416067369	714.2177143263107	318.996914534316	0.8132002117743394	131
477000	-37080.404673751225	1548.9195449987747	323.1240948289513	0.813085768082888	131
478000	-38082.151158647466	438.3957163525338	322.2142010773009	0.813675690716302	131
479000	-37056.236891112	1976.9623276380007	326.5024025378834	0.8127455119096365	131
480000	-38051.09224110533	1529.8452588946675	331.0840885992245	0.8132001680651099	131
481000	-37705.27023911082	662.3078858891822	320.934657883613	0.8136260863078523	131
482000	-37252.12446044125	1302.9458520587505	322.5029805141195	0.8129330050946808	131
483000	-37193.459583339456	1702.993541660544	325.3585575792156	0.812406972086795	131
484000	-38000.40826856371	576.5097001862887	322.6857303885397	0.8128463673580647	131
485000	-37230.230696373095	984.5114911269047	319.6562256314109	0.8128355324604318	131
486000	-37786.580362769775	1190.614949730225	326.0339446531055	0.8120232803519585	131
487000	-37189.86435372163	1671.8543962783733	325.0680137059195	0.8126705005770213	131
488000	-37354.828491078966	1756.6949464210338	327.1575639417812	0.8129615714212194	131
489000	-37373.649117199646	1232.2415078003542	322.9280790062001	0.8137772438609381	131
490000	-36720.51862021534	2608.207942284658	328.9744107176194	0.8129016287131946	131
491000	-37073.77407935157	1161.8626393984305	319.83100286693275	0.8129874735732272	131
492000	-37583.55377330941	1318.1141954405903	325.4021783699095	0.8128731992542118	131
493000	-37462.030072622714	1385.3214898772858	324.9478359769516	0.8128101685128796	131
494000	-37730.70341832207	823.3278316779324	322.4942890307302	0.8134990999125887	131
495000	-37469.86363297576	276.43324202424265	315.7378043118643	0.8138937628135298	131
496000	-37392.39083627908	1469.4138512209174	325.06873255041035	0.8139299354806299	131
497000	-36936.14675980003	1982.1657401999692	325.5414054778845	0.8134991921666652	131
498000	-37950.27375529564	974.9489009543613	325.59920710989763	0.8137807115587525	131
499000	-37091.89371410383	1522.9500358961668	323.0029695322454	0.8135378837145977	131
500000	-36742.092734048856	2487.016640951144	328.1411392537422	0.8134967915492064	131
501000	-37583.56402260573	1013.2445711442706	322.85211021341865	0.813119420165808	131
502000	-37092.503011783425	1468.5516757165751	322.5530382304813	0.813085003105499	131
503000	-37649.97368939087	1336.0770918591297	326.1080183104111	0.813004459521217	131
504000	-37105.540349240124	1084.1901195098762	319.447009209828	0.813656644850973	131
505000	-37864.762238993484	1021.4408860065159	325.27281903630853	0.8137096463764327	131
506000	-37501.675016703055	1364.489045796945	325.10519757094545	0.8130044268557512	131
507000	-36896.05549410789	1342.952318392112	319.8592011758233	0.8134887203370841	131
508000	-36986.30707302879	1483.2241769712127	321.787468847741	0.8138130800610051	131
509000	-37235.03031141554	1748.4462510844605	326.0864856504357	0.8129221736885222	131
510000	-37626.84607036758	1233.278929632419	325.05468240808943	0.8136022502237579	131
511000	-37235.195712027824	1132.819912972176	320.93831745556633	0.8132023777299795	131
512000	-37481.756428509834	1130.1498214901658	322.97839812055867	0.8130681566701138	131
513000	-37217.16724322608	1650.035881773918	325.1138890543347	0.8128110806310429	131
514000	-37326.19909887112	1681.4180886288814	326.2884156028614	0.8132793518189371	131
515000	-37476.60762778575	1335.49784096425	324.6530117114601	0.813704032381356	131
516000	-37970.86396603954	647.987596460458	323.036493825318	0.8128521474245443	131
517000	-37673.0642365019	1333.7404509980988	326.28161925494805	0.8144069105026295	131
518000	-37547.99664141645	1376.417421083548	325.5924434367339	0.8129561315870265	131
519000	-37774.874029490384	820.4306580096163	322.839530434829	0.8134242494153793	131
520000	-37128.03798403534	868.2198284646583	317.82866153770925	0.8126968197130083	131
521000	-37540.860119609526	762.909411640474	320.4009158491673	0.8135617439971908	131
522000	-37035.52753762652	1707.76152487348	324.0773806480484	0.8128051397694744	131
523000	-37557.22521992198	1077.6263425780198	323.1703295996118	0.8133175679654094	131
524000	-37517.1441124734	1141.2933875266026	323.3676197375967	0.8128780353857143	131
525000	-37510.12250590604	1124.885306593962	323.1716365895952	0.8128427776077697	131
526000	-37843.54827558543	750.4400056645682	322.8285190442194	0.8135879654312869	131
527000	-36903.27927519493	1918.232443555069	324.73169250845706	0.8130622241444683	131
528000	-37059.072359954924	1656.1190462950763	323.84235117429466	0.8128031920670554	131
529000	-37476.86884316485	1313.888969335152	324.4744442049866	0.8132735472416814	131
530000	-37391.254448923704	1434.4799260762957	324.76701391275674	0.8127805426699254	131
531000	-37527.554347806916	1476.4612771930842	326.25828948374544	0.8128730195663331	131
532000	-37366.7387038271	1263.7144211729028	323.1335378315809	0.8137010195611466	131
533000	-37532.01633948235	654.7258480176533	319.42201302639666	0.813089514312901	131
534000	-37760.110978858705	1137.3265211412945	325.3667916161106	0.8127775511654034	131
535000	-37494.36230891243	1210.1415973375697	323.75295305943433	0.8127315621172826	131
536000	-37231.74948515867	943.2856710913329	319.32408680189513	0.8128540295370362	131
537000	-36894.49817100588	1680.7010477441218	322.67135349872297	0.8133538645416674	131
538000	-37480.528446951124	767.5887405488756	319.9353986918519	0.8130869333178489	131
539000	-37547.891315599976	967.7649344000238	322.1732922908224	0.8133785801096235	131
540000	-37226.61886354085	1296.369417709153	322.2346227957906	0.8125310678940056	131
541000	-37371.35723960861	551.5568228913908	317.2151604395304	0.8128885002735269	131
542000	-37521.90265640766	726.843437342337	319.94065932653484	0.8136074735287986	131
543000	-37099.36842486504	1209.3972001349612	320.44270685388454	0.8137686360094877	131
544000	-37281.50530277076	1395.1548534792382	323.5200474444035	0.813630584658833	131
545000	-37040.310308875545	1906.9279723744548	325.78336199855	0.8136231219753206	131
546000	-37685.290510494786	902.9829270052142	322.7807158855788	0.8130653797060333	131
547000	-37197.28738025522	1537.2673072447797	324.00431990797983	0.8136739162651303	131
548000	-36745.59127145665	2068.057166043349	324.66591823754555	0.8130592950364582	131
549000	-37627.62965161608	947.6047233839199	322.67164757146924	0.813957807578983	131
550000	-36840.25660240893	1734.540272591068	322.66798799951584	0.8129290163412354	131
551000	-37230.93279180839	1913.4422081916127	327.432358585778	0.813579157433342	131
552000	-36586.25908620392	2075.9948200460785	323.3995429679398	0.813644622825579	131
553000	-36990.10352314134	1724.4589768586593	323.8370905396117	0.8136283083508701	131
554000	-37455.66682946283	1385.5909830371675	324.8968633676014	0.8136124581301966	131
555000	-37265.69487972662	1080.6879327733768	320.75736469237313	0.8140960484356722	131
556000	-36875.18218335355	1016.9701603964495	316.95784678656076	0.8129717050576782	131
557000	-37429.60036823676	881.5793192632409	320.4628998491271	0.8138288667614482	131
558000	-36683.45913097878	1975.7674315212207	323.37422003701255	0.8135814081581678	131
559000	-36672.12592119882	1902.0225163011783	322.662563991085	0.8135629602508964	131
560000	-36952.478302505246	1662.1701349947543	323.00133579476625	0.8136917790954883	131
561000	-37160.118889794816	1901.451422705184	326.739719244108	0.8135778848274777	131
562000	-37255.55954815433	1532.3896705956722	324.450951060036	0.8133108162128236	131
563000	-37674.02724830076	1064.1563454492425	324.03467475034284	0.8131972887413412	131
564000	-36783.98350621328	1614.754775036723	321.19530436104014	0.8130856234462912	131
565000	-37084.84872594806	1313.8387740519393	321.19487958929557	0.8130436853730856	131
566000	-37401.55074571313	1291.4687855368684	323.656889295659	0.8141661526358601	131
567000	-37095.99684869117	1861.8078388088325	325.87174719617326	0.8127026562092556	131
568000	-36625.6559467654	2146.5237407345994	324.31904309596763	0.8131963923797276	131
569000	-36995.80402046438	1480.5787920356233	321.8447803585104	0.8135199198485511	131
570000	-37099.27918161245	1371.1661308875482	321.79511473914357	0.8130392420291179	131
571000	-36207.10137117471	2529.1915975752927	324.0188601715445	0.8130850202208473	131
572000	-37406.88890765114	1175.3610923488595	322.7303314217211	0.8140045054201086	131
573000	-37267.61440754197	1316.4012174580275	322.74510040853283	0.8129305934712158	131
574000	-37143.12612323575	1813.9910642642499	325.86599644024653	0.8128895065080267	131
575000	-36937.423784749044	1807.326215250956	324.08960100439265	0.812864017853208	131
576000	-37315.70830434206	1497.080758157943	324.6587297926372	0.8126535687170864	131
577000	-37515.22859505337	1313.1034361966304	324.78874262122974	0.8130535898392242	131
578000	-38118.81912619162	416.14571755837824	322.3348035780134	0.8127427588709061	131
579000	-37263.48937617017	1627.3660925798322	325.31173466306245	0.8136937774571201	131
580000	-37224.25342331179	1428.2153266882087	323.3176927202332	0.8131623098189809	131
581000	-37020.66199477205	1528.1505052279535	322.45063556528675	0.813303370334176	131
582000	-37552.50258579843	1112.3372579515708	323.421173652164	0.8135027054662474	131
583000	-37394.572102671096	1142.3341473289038	322.35104292855635	0.8126191958680485	131
584000	-36994.837970192995	1644.0448423070047	323.20404994118195	0.8131483439325118	131
585000	-37037.01558174807	1990.50004325193	326.4548607772395	0.8127212458671343	131
586000	-37280.26609312948	1009.5698443705187	320.28436501740316	0.8123020014241007	131
587000	-37644.98186956317	1529.9712554368307	327.6881365255173	0.8123922373326107	131
588000	-37546.49236485174	1186.3787288982567	323.9902370909094	0.8128063258487624	131
589000	-37077.16281582709	1549.8176529229095	323.1044899792012	0.8128416970958963	131
590000	-37109.22858497963	1731.3612587703683	324.8912759854226	0.8127003498079254	131
591000	-37266.035339177004	828.8709108229959	318.65382966368975	0.8132786685881326	131
592000	-37531.118928801065	739.0451336989354	320.11981497850087	0.8129708825846723	131
593000	-37046.0847144617	1223.3840355383	320.113998873075	0.8128311716328643	131
594000	-37020.12850829243	1522.8324292075704	322.40168879041073	0.8136798637899372	131
595000	-37347.03752320456	1348.7202892954374	323.679794295117	0.813588920601221	131
596000	-37787.45816309698	1269.756680653023	326.70328689832246	0.8129198097919466	131
597000	-37738.57318479457	1231.9463464554283	325.9781035060674	0.8131768575745147	131
598000	-36681.97489096726	1913.6618277827365	322.84230778854356	0.8137041900649618	131
599000	-37255.10411703028	1751.8411954697222	326.282795545933	0.8131653030548006	131
600000	-37259.864171081106	1828.5342664188938	326.9641294242472	0.8139292067315045	131
601000	-36949.79694937423	1280.6757068757724	319.7878068479834	0.8136194010300644	131
602000	-36963.838825776445	952.1064867235546	317.1568686862735	0.8129862896903336	131
603000	-37963.86452139389	938.7995411061129	325.41051043105324	0.8129102013670954	131
604000	-37227.54594463037	1560.985305369628	324.455819597724	0.8132763894112055	131
605000	-37289.20281259235	1843.5198436576466	327.3348898077706	0.8127978661201384	131
606000	-37196.25675600895	1478.891681491048	323.5074023163147	0.8129734179675375	131
607000	-37372.86386475453	1520.6556664954696	325.33401884227834	0.8131717359827934	131
608000	-37384.61830722475	818.9129427752487	319.56244910010633	0.8136887448998669	131
609000	-37163.87140978397	1487.7848402160307	323.31089637231986	0.8132549480144845	131
610000	-37175.88076102664	548.0215827233624	315.55047997250233	0.8129469041637036	131
611000	-37381.92442989648	1501.1185388535232	325.2463851638956	0.8134563017553568	131
612000	-37393.584378572035	1494.6734339279647	325.29000595458945	0.812157046956725	131
613000	-37102.22871503835	1406.013472461651	322.111275616113	0.8135499653772543	131
614000	-36575.427942773225	2440.6501822267746	326.3591891104591	0.8133223277448386	131
615000	-37163.21251499174	1438.646860008259	322.89435866463003	0.8132953774882271	131
616000	-37189.595556325075	1679.6935061749246	325.13133737061224	0.8128025856626023	131
617000	-37168.92524139382	1118.688039856177	320.2657730848901	0.8128666453583747	131
618000	-37560.4546073478	1052.4125801522023	322.9864361089562	0.8130550850316363	131
619000	-37163.36066036411	1859.9127771358908	326.41937599919186	0.8129954318479174	131
620000	-36869.106934298514	1947.1352532014862	324.68761427126896	0.8128824602626137	131
621000	-36937.27304320852	1410.1019567914773	320.7656640787673	0.8132906956333489	131
622000	-37615.11385261515	862.0736473848519	321.85151135692456	0.8127160970079454	131
623000	-36621.67202281031	1871.3553209396923	321.9840074664855	0.8138493723095739	131
624000	-37310.857542081256	1360.0487079187442	323.4719175382671	0.812644559484386	131
625000	-37544.91376020489	2034.1253022951132	331.0682086709269	0.8134760401995743	131
626000	-36773.23291139044	2209.4702136095584	326.0800160500181	0.8132024552656107	131
627000	-36526.70661343937	1835.387136560632	320.88878253519783	0.8122615024471088	131
628000	-37059.5190284315	1146.113784068497	319.5800281153823	0.8129847185511593	131
629000	-36824.36729802725	1804.0428582227469	323.1164489375487	0.8136570788939258	131
630000	-37162.700578598786	1195.8033276512142	320.85875444033064	0.8134919184957184	131
631000	-37022.59106632603	1747.9089336739708	324.3049929536468	0.8124785975068703	131
632000	-37111.547872997166	1846.5927520028345	325.87455722463744	0.8139553545271919	131
633000	-36732.01344330341	2131.056869196589	325.0793191692754	0.8135090153896831	131
634000	-36362.60316701951	2058.099957980492	321.3790344779479	0.8134705222267924	131
635000	-36702.621201024536	1665.8787989754637	320.9423691245147	0.8131636662994528	131
636000	-37098.82233216842	2264.79485533158	329.2662615808988	0.8132412043284927	131
637000	-36431.85970574118	2276.3512317588174	323.78396139678904	0.8129541333408004	131
638000	-37273.863425086645	1101.7068874133547	321.00151042126066	0.8131391331190331	131
639000	-36758.601421219006	1470.7267037809943	319.77823314635543	0.814243381773486	131
640000	-36933.84915806714	1852.1508419328602	324.4346463599939	0.8134479581104305	131
641000	-36673.02724091483	2114.308696585169	324.4458211243514	0.813286850077684	131
642000	-37728.50852579383	886.2102242061665	323.00192394025873	0.8138174086368427	131
643000	-37049.07704018644	1288.040147313557	320.6798601863612	0.8133236298884728	131
644000	-37512.34474210681	848.3622891431878	320.8771829990957	0.8131635394600605	131
645000	-36712.236207534195	2103.6075424658047	324.68428144681144	0.8133028297946464	131
646000	-36990.647620474076	1689.6961295259243	323.5508597332607	0.8133715459347672	131
647000	-36906.1912585627	2354.2853039373003	328.4035174928973	0.8136845761834197	131
648000	-36695.7266912011	1988.3904962989036	323.5824235413583	0.8136167897215214	131
649000	-37248.579933167566	1472.0919418324338	323.8881938479602	0.8133716495495176	131
650000	-37116.89665617679	1782.5564688232116	325.38365178689565	0.8128077212139092	131
651000	-36838.61169652645	1237.0054909735481	318.49248175024667	0.8129774057354288	131
652000	-36480.70322494318	2062.0936500568205	322.40031645092824	0.8129359879901145	131
653000	-37443.88254227079	1038.1057389792113	321.89166862416266	0.8130136631192734	131
654000	-37497.744712839834	878.6888809101656	321.00873154091863	0.8134849387096496	131
655000	-37083.66020430389	1544.0897956961126	323.11092690486913	0.8133359113870753	131
656000	-37557.17948370408	1222.6720787959202	324.3832163041495	0.8126415160571213	131
657000	-36965.43071179198	1572.6630382080184	322.36097605242975	0.81310523228602	131
658000	-36845.46883753018	1368.1249124698224	319.64661925503333	0.8126543176139395	131
659000	-37296.41968302963	1443.0139107203722	324.0451306702096	0.8125242206905572	131
660000	-37658.16886350875	868.4444177412515	322.26494496340405	0.8134953068376846	131
661000	-37652.65902322436	517.3722267756384	319.28223044767867	0.8131907660187409	131
662000	-37467.42506291119	764.7194683388079	319.8017916408051	0.8123115756672414	131
663000	-37267.810932781795	1384.3843797182053	323.3154054877624	0.8129614257587756	131
664000	-37043.001210840055	1869.2487891599449	325.490694266531	0.8127957933685923	131
665000	-37310.53325280687	1329.1933096931316	323.211107687092	0.8134313082167485	131
666000	-36750.99225169387	1120.1639983061323	316.7822200075497	0.8131157973751753	131
667000	-36647.907517888176	1795.7565446118242	321.57109665599944	0.813961864409648	131
668000	-36288.77653607349	2352.934401426508	323.2277064598804	0.8133289282324844	131
669000	-36563.96324390886	2227.33363109114	324.478953320429	0.8132207857917841	131
670000	-37190.28359682378	1589.1031219262222	324.3793280089491	0.8129625104129241	131
671000	-37569.02541193155	699.4199005684495	320.10543808868414	0.8134205051646568	131
672000	-37110.03923917211	1733.2146670778893	324.9135601646385	0.8125846191110061	131
673000	-36963.06533656077	1712.7315384392277	323.5128263247456	0.8122349567521997	131
674000	-36856.61861171118	1753.3110757888207	322.96186469726945	0.8131805479662264	131
675000	-37659.18315718055	890.8559053194476	322.46089543665596	0.8133967809392263	131
676000	-37231.80332700658	1829.993547993421	326.7416143795839	0.8122452861493699	131
677000	-36668.47473580281	2364.0643266971892	326.4968805052038	0.8129223367040181	131
678000	-37554.91595488321	1053.6152951167896	322.95016713691854	0.8134948853974099	131
679000	-36759.79083727082	2274.818537729181	326.51419812248304	0.8129364195916442	131
680000	-36537.96378054119	2190.176844458809	323.9506679691638	0.8134403651046465	131
681000	-37000.78728503705	1014.3142774629523	317.98628452969984	0.812575103088404	131
682000	-37019.67921942675	1494.8246868232527	322.1636532396953	0.8129165982525712	131
683000	-37072.87297933856	1495.1348331614427	322.6111992847399	0.8134965248656177	131
684000	-36668.77474158861	1851.3346334113885	322.2105415053476	0.8127507533598154	131
685000	-37398.17521074758	851.5943205024232	319.9492201109257	0.8125160556157591	131
686000	-36943.676509487734	1797.4563030122663	324.05934418627834	0.8128269960286205	131
687000	-37710.6239698463	1009.7549364036968	323.8857432417415	0.8130301947557829	131
688000	-37648.87537885955	930.5191523904505	322.70644617977564	0.8136001170539927	131
689000	-37480.02019209931	468.54230790068686	317.42970284529537	0.8138785682812576	131
690000	-37367.439016649456	946.7680146005441	320.4882227800543	0.8133286405196897	131
691000	-37026.00316446167	1915.1648042883317	325.7325854376973	0.8136273409196841	131
692000	-37081.79981477668	1563.8798727233225	323.2609040054572	0.8140759027083085	131
693000	-37196.54827330494	1211.408757945057	321.2724167700571	0.8125834603886419	131
694000	-36863.86113405903	2118.2208971909713	326.0748207648343	0.812968257081572	131
695000	-37343.13915369238	1559.3569400576234	325.40910541682115	0.8134796005985213	131
696000	-37060.155010209186	1550.016864790814	322.96389053174363	0.814243461060625	131
697000	-37366.936136255055	1243.7474574949447	322.96817092393906	0.8132801154232546	131
698000	-36883.3677813074	1741.4759686925972	323.08661689117906	0.8133880698577011	131
699000	-37139.080618429594	1465.6303190704057	322.918211231826	0.8138697910731063	131
700000	-37617.8098267593	728.9636107406986	320.76063216733155	0.8144798877156237	131
701000	-37372.07177390368	1084.6704135963228	321.6804917176048	0.8126833658050688	131
702000	-36685.19613706427	2021.8741754357325	323.7744203699107	0.8134447064835165	131
703000	-37375.60614703386	1147.362602966139	322.2344594220427	0.8132278911378512	131
704000	-37072.79408641087	1982.7059135891323	326.68894268325533	0.8138172424113108	131
705000	-36690.101387652525	2273.109549847475	325.91696904959673	0.8133487968464891	131
706000	-37189.56710543172	1683.4641445682792	325.16263978071316	0.812869902006271	131
707000	-37033.451225027195	1451.5448687228054	321.91682818134194	0.8131550529998991	131
708000	-37357.373940737	1210.8526217629988	322.6130290707165	0.8130722457553011	131
709000	-37453.70016412111	1913.79202337889	329.29867493248554	0.8130965853405723	131
710000	-37128.998916777564	1656.1182707224361	324.427261866588	0.8131816470618595	131
711000	-37374.80502788766	1064.0855971123383	321.53116811200846	0.812894591640841	131
712000	-37214.17408030166	1554.7868571983417	324.2921191023109	0.8132712321580886	131
713000	-37138.15529649799	1509.9462660020072	323.28116235019894	0.8131390236384779	131
714000	-37372.02256831659	1629.6883691834082	326.2390113814912	0.8130966578721528	131
715000	-36475.7275592058	2659.3974407942005	327.3549847787644	0.8136111754995189	131
716000	-36845.4856958748	2380.3775853752013	328.11398653683835	0.8132225377826191	131
717000	-37408.176371382986	1407.202534867014	324.680393151611	0.8135602023848895	131
718000	-37229.66938336569	1350.27202288431	322.7110206447173	0.8129481177363744	131
719000	-36827.69145126638	1256.3319862336211	318.56279781135026	0.8132772272814609	131
720000	-36849.98312472121	2071.8410940287868	325.5707800777601	0.8140182888329756	131
721000	-37573.47022348063	1035.4985265193682	322.95382670887193	0.8136420991023072	131
722000	-37901.45292564327	835.0470743567275	324.02059193327244	0.8125378414784651	131
723000	-37129.76939679436	1508.0977907056367	323.1955545062903	0.8128061369011849	131
724000	-36870.574406745014	1163.4568432549859	318.1446263661812	0.8127741981256688	131
725000	-37045.231388014785	1754.870174485215	324.5526022059901	0.8137781771539401	131
726000	-37237.97634597086	1198.433810279137	321.51041964602297	0.8132957483830214	131
727000	-37251.24729822323	996.5222330267716	319.9324906391389	0.8135153864017646	131
728000	-36726.447840055844	2689.8099724441563	329.70658650628536	0.8143694972189564	131
729000	-37441.773223798125	1083.6408387018746	322.2549138152819	0.8133084722517286	131
730000	-37265.30256426273	1685.8693107372674	325.8162654713805	0.8136019895342373	131
731000	-36743.87729821584	1875.4742642841593	323.0406761932647	0.8135749726164041	131
732000	-36968.10454185946	1668.9267081405415	323.1885621098794	0.8137168366040627	131
733000	-36830.94591578847	1190.3822092115297	318.03836808053586	0.8130446025688554	131
734000	-37347.14245229107	1338.0450477089325	323.5913764227442	0.8131698442727721	131
735000	-37553.527701679166	868.0269858208339	321.3861575733571	0.8132963919135057	131
736000	-37685.69478581817	731.5122454318334	321.3497905770707	0.8136027871749849	131
737000	-37012.02249149956	1345.7431335004367	320.85257891265934	0.8130720466338802	131
738000	-37242.99984563068	525.5509356193215	315.9239523602412	0.8128914264569372	131
739000	-36850.12598418543	1791.2138595645665	323.2246023586699	0.812776757814296	131
740000	-37443.83464975572	1259.6731627442787	323.7446209982906	0.8126177913523235	131
741000	-36792.05165591331	1664.6749065866898	321.68036101860645	0.813314564797642	131
742000	-37003.535917732035	1386.9914260179648	321.12662203741576	0.8137969840244857	131
743000	-36825.40262825125	1973.5192467487504	324.54273443161594	0.8139686571318799	131
744000	-36954.34103404985	1417.5027159501478	320.9703387101581	0.8141847169123152	131
745000	-37628.56782068679	771.8657730632112	321.20948520235936	0.8134438936400653	131
746000	-36883.3375516276	1931.5218233724008	324.6760474099164	0.8134330145400862	131
747000	-37034.29407544194	1664.6199870580604	323.70619549278047	0.8135917926263132	131
748000	-37436.98992451567	796.1819504843297	319.81038509994556	0.8133111707717549	131
749000	-37117.619751552484	1646.8177484475164	324.25428174229324	0.8128963367932118	131
750000	-37013.1547393091	1631.6421356908977	323.25351951205135	0.8129941614601058	131
751000	-36828.20377123421	1791.6477912657865	323.0448585612114	0.8124987630605818	131
752000	-36929.248414509915	1817.9390854900848	324.1099900481327	0.8131568912413771	131
753000	-37345.17637977151	898.2650264784897	319.8962870166005	0.8131171948209187	131
754000	-36959.27219294285	1778.8918695571483	324.03451137659493	0.812886155278959	131
755000	-37124.79247282875	1099.6098709212529	319.7370302871307	0.8135160285904661	131
756000	-37361.44696559939	937.4749094006111	320.3603664849342	0.8130178989020032	131
757000	-37776.95105287053	1298.9864471294713	326.85989697307593	0.812570760218656	131
758000	-36827.742836491176	1252.8274760088243	318.5339133327185	0.8129428033465005	131
759000	-37644.81486426841	1033.47810448159	323.5337054897294	0.813476748770833	131
760000	-37699.9897811651	1672.0180313348974	329.33644694300403	0.8131336215891268	131
761000	-37603.77737243411	649.4179400658904	319.9778758663104	0.8133690828775508	131
762000	-37845.57113871047	628.7530800395325	321.8275607654799	0.8124483351980079	131
763000	-37270.78521972924	1488.0507177707623	324.20742615139056	0.8138388436700427	131
764000	-37135.87578227899	1182.0539052210079	320.51936181640735	0.8138440501067868	131
765000	-37322.54433009903	1227.94004490097	322.46462035810845	0.8130974206560533	131
766000	-36558.33020265645	2162.974484843551	323.8934871573928	0.8130797513628402	131
767000	-37227.09535113275	1699.5608988672466	325.61119874299476	0.8130676442391088	131
768000	-37819.9266104432	1492.3233895567973	328.83658862387637	0.813230846004428	131
769000	-37059.24297645209	1515.229679797907	322.6652759953004	0.8126417544972188	131
770000	-37495.67048619312	568.7435763068788	318.39877056844136	0.813187041359304	131
771000	-37217.00940272624	1083.6859097737615	320.3752008212451	0.8130764829575645	131
772000	-36811.625617418526	1532.4368825814745	320.7379558911206	0.8135278465346173	131
773000	-37229.940842463155	1402.1607200368453	323.14732657590514	0.8139368018611933	131
774000	-37333.34738878753	1992.8830799624702	328.9535315526356	0.8134457028317428	131
775000	-36511.214792963525	2046.5977070364752	322.52591818832707	0.8129429242923191	131
776000	-36783.975354821305	1707.1887076786952	321.9684216109342	0.8126010292787604	131
777000	-37356.602004980785	1404.5854950192152	324.2270963506398	0.8128040282514909	131
778000	-36524.25426379201	2436.9410487079876	325.90010887881164	0.8132325968526389	131
779000	-36921.9454677741	1483.0701572258986	321.24781268362074	0.8142849632421285	131
780000	-37325.851601243034	942.4921487569663	320.104588545195	0.8137107141495222	131
781000	-37321.46125319657	1162.8746843034314	321.91130614866233	0.813549492331618	131
782000	-36803.558817927566	2363.6052445724345	327.62298307484787	0.8141814149186538	131
783000	-37547.9664085235	802.7132789765019	320.79330691691496	0.8140678820722065	131
784000	-36896.590128399854	2242.3590903501463	327.3869733586066	0.813857509400541	131
785000	-37142.00717787062	2271.4303221293812	329.68299533708614	0.8137211848940593	131
786000	-37537.33490784759	1047.6885296524124	322.7535304939254	0.8132727954644549	131
787000	-37506.63103721128	1492.0799002887215	326.2139171738111	0.8127246099764491	131
788000	-37773.22467202887	783.0097029711324	322.5127175894953	0.8134131822714009	131
789000	-36665.18452861429	2083.5810963857075	324.1231906469644	0.81350113896865	131
790000	-37207.2127661018	1023.3341088981979	319.7884276682255	0.8134396133694022	131
791000	-36623.01314122336	2473.7876400266396	327.0344128106011	0.8128264735350299	131
792000	-37382.71760448793	1289.4698955120693	323.4826348561305	0.8134812368470339	131
793000	-36783.02949806885	1804.4080019311514	322.77372348916793	0.8135257285788431	131
794000	-36876.78245796304	1972.0651982869604	324.96035040604204	0.8133012635143232	131
795000	-37229.30118108541	1031.0699126645923	320.0378993812952	0.8133100508316113	131
796000	-37315.64090653912	2023.53096846088	329.0617829980055	0.8127738875117205	131
797000	-37244.013455768305	1545.416231731695	324.46333479012816	0.8130027161009898	131
798000	-37907.30267012252	1085.2910798774828	326.1627485159634	0.8127473625521338	131
799000	-37880.113834490796	531.6049155092041	321.30388255390596	0.8137100724527491	131
800000	-37282.861810844945	989.8100641550554	320.1407921677334	0.8131015594034692	131
801000	-36929.734742708155	1548.589476041845	321.8610197090534	0.8130362126253466	131
802000	-37174.149494839454	1263.5301926605462	321.52103893963755	0.8136691594331603	131
803000	-36504.44270812666	2028.3033856233378	322.31624432025	0.8132333866733643	131
804000	-37028.90657405736	1135.159832192643	319.23233610506475	0.8128443084003903	131
805000	-37347.05891846387	1240.9020190361334	322.7781019056121	0.8134754162905184	131
806000	-37303.77444058051	2146.9364969194867	329.9947777976114	0.8133470267871301	131
807000	-37032.704683991105	1661.6000035088946	323.66763928827197	0.8133541738179324	131
808000	-37171.76643339651	1307.7648166034924	321.8711162066747	0.8146103374249322	131
809000	-36950.749722554916	1301.015902445084	319.9659169079628	0.8130326499598082	131
810000	-36943.993573080836	2097.9556456691644	326.57559397695036	0.8133941356882739	131
811000	-36858.71674968228	1123.4707503177196	317.7109670897097	0.8130541867298928	131
812000	-36521.684681863946	1668.971568136054	319.45475312547933	0.8130307302349303	131
813000	-36864.65551408328	2108.867923416721	326.00323038849706	0.8139381272971054	131
814000	-36675.59806534993	2139.101153400072	324.6747077451835	0.8122281239226973	131
815000	-37023.37727620937	1658.2086612906278	323.56125030362824	0.812141845788354	131
816000	-36593.29472818307	1995.8537093169289	322.78803502948546	0.8127925708254683	131
817000	-37241.609579796204	1107.5701077037957	320.7807598130749	0.8126297335974718	131
818000	-37589.33656427132	721.5462482286821	320.4604165681588	0.813402807941044	131
819000	-37340.165105560984	967.0653631890164	320.42986567729827	0.8137415993293122	131
820000	-37549.345425622785	1959.9006681272149	330.48440892011945	0.8138368829431294	131
821000	-37283.56715399756	985.6242522524408	320.1116789658546	0.8126479059776841	131
822000	-37407.08011078772	1341.5995767122804	324.1224718024736	0.8133911566804616	131
823000	-37835.135551371015	1338.411323628985	327.6763736156672	0.8133387230603505	131
824000	-37295.3851647141	1403.4390540359018	323.70544397354	0.8140234990014964	131
825000	-36545.411254402614	2449.440308097386	326.1816345212227	0.8134875267171645	131
826000	-37283.81588202734	1876.0981804726616	327.562338739621	0.8131213731745773	131
827000	-36885.772232731484	1968.411361018516	325.004984113973	0.8144061702170463	131
828000	-37399.89271962551	1026.81040537449	321.42922289330807	0.8142320308104126	131
829000	-38109.81076449776	713.0993917522428	324.7433900688079	0.813574040849489	131
830000	-36894.90089850388	1764.9545702461182	323.37948067169555	0.8133741079954282	131
831000	-37071.24531834209	1334.0085879079124	321.2498058433453	0.8134142402666464	131
832000	-36633.78685856101	1775.6975164389878	321.2851925971442	0.8134094887920952	131
833000	-37559.51207350459	979.245738995407	322.36653075985896	0.8140956920030429	131
834000	-37145.62423052275	1208.6257694772503	320.82317163803424	0.8134776531975744	131
835000	-37238.81194566483	1143.3833668351726	321.05692679655425	0.8134848662061495	131
836000	-36752.14665534391	1972.1345946560905	323.9183853165753	0.8135917400082718	131
837000	-36378.777509360996	2143.089678139004	322.22524514266007	0.8132411765038063	131
838000	-37121.5517718514	1347.612290648598	321.7843974212802	0.8134018713883884	131
839000	-36571.29299443573	1586.328099314269	319.17842276825206	0.81320766558426	131
840000	-36588.81468935512	1691.7946856448834	320.207187258887	0.8137220172192027	131
841000	-37122.62325514566	1403.5681511043367	322.261416090449	0.8136591988763773	131
842000	-37125.203236889036	1317.328013110964	321.5616209786202	0.8133129936524996	131
843000	-37369.99798507067	1687.4863899293268	326.70554145604376	0.8127432844188627	131
844000	-37341.64332414357	1755.0754258564266	327.03372664085987	0.8128871005128546	131
845000	-37713.97993402525	415.76615972474974	318.94525575522454	0.813458779742619	131
846000	-37324.50377800384	1732.2579407461599	326.6994966273708	0.813122520207405	131
847000	-36796.01701619825	1876.4322025517467	323.4848240643526	0.8130753898674856	131
848000	-38081.668644986436	482.01885501356446	322.57506101170054	0.8140533922198149	131
849000	-37082.71296726378	1695.986251486218	324.3735772530224	0.8133254999045894	131
850000	-36966.741879064124	1602.781558435876	322.62387708757825	0.8127183584587221	131
851000	-37535.9283634787	1524.1849177713011	326.7275315625134	0.8124479723689279	131
852000	-37864.07918717542	1051.420812824581	325.5178796581845	0.8133417606657647	131
853000	-38098.1038728492	717.6383146508015	324.6834319033223	0.8135427989436508	131
854000	-37541.2343874815	1042.6484250185022	322.74398946704696	0.8134242244216471	131
855000	-37056.000782184405	1908.3585928155953	325.92657542597425	0.8132093529153475	131
856000	-37861.363091174906	716.586127575094	322.6943565224297	0.8127729905122832	131
857000	-37408.263379064054	1525.1428709359461	325.66766071027496	0.8136935249960913	131
858000	-36879.48689781618	1840.599039683817	323.8832926355227	0.8133022398712998	131
859000	-37019.981996911316	1172.525815588684	319.4702409567819	0.8130539293411568	131
860000	-37507.8454168576	1036.021770642401	322.4092693323141	0.8130186810243386	131
861000	-37843.86169172742	907.8453395225806	324.14779473340076	0.8129333326499814	131
862000	-36919.86461422	1385.1275732799986	320.41114304578696	0.8126979205968563	131
863000	-36377.23151175985	3079.518488240152	330.0452929604674	0.8138263474610259	131
864000	-37206.93395188695	1635.5113606130471	324.9067964914747	0.8123647360031658	131
865000	-36839.516934368774	1279.959628131226	318.8593538385697	0.8135106823381828	131
866000	-37673.94797343145	427.0910890685482	318.70512902053576	0.8137948266475435	131
867000	-37290.36867966375	883.5375703362515	319.31464379926547	0.8133110258684195	131
868000	-37418.81895912893	1336.5365096210735	324.17831294951174	0.8134871956236516	131
869000	-37468.16802310318	1065.3163518968213	322.3224198479213	0.8125915967649553	131
870000	-37068.586047680685	1121.8397335693153	319.45282531525385	0.8125437790101327	131
871000	-36970.1057876749	1332.7262435751036	320.39307390926723	0.8129194967055616	131
872000	-37386.391891447725	1521.0534210522746	325.4505043245434	0.8130522804219985	131
873000	-37058.91077248761	1039.5228212623915	318.6833349625636	0.812981288386372	131
874000	-37275.95582675688	1398.176985743121	323.498906881423	0.8137268076489312	131
875000	-37101.230947260556	1822.1909277394443	325.5841440503397	0.8141376819417095	131
876000	-37443.9664176308	998.0726448692003	321.5575039601727	0.8135220707821527	131
877000	-37293.81619273823	1586.8791197617684	325.2267476393959	0.8138133993790908	131
878000	-36998.56401754977	1764.9516074502317	324.24657050139155	0.813410896113636	131
879000	-36822.50755041525	1571.1213558347517	321.152565788585	0.8132798533799513	131
880000	-37869.722335620754	784.1331331292458	323.32929225633535	0.813897838524272	131
881000	-36971.40969098943	2090.309059010571	326.7409608845922	0.8146116242359402	131
882000	-37994.978895202876	819.6304797971243	324.6739562259431	0.813718461285417	131
883000	-37712.42616814593	1165.128519354068	325.2004771407308	0.8137373009287285	131
884000	-37335.7171608504	1048.2828391496005	321.07202253086183	0.8129902645655417	131
885000	-37647.91158367097	807.877478829032	321.6725190787065	0.8124323513219748	131
886000	-36868.00313734468	1196.0124876553164	318.39543774398385	0.813499707633945	131
887000	-37338.7805901533	1453.9225348467007	324.4907162302791	0.8132573551714056	131
888000	-37268.86369156305	959.6128709369514	319.7711100509463	0.813348992355946	131
889000	-37043.643955743624	1438.4029192563758	321.8921587454064	0.8131321094075787	131
890000	-37611.419875227584	446.88481227241573	318.34766726009286	0.8134034628567343	131
891000	-36869.92239968415	2084.4721315658535	325.8432221397869	0.8129510336161127	131
892000	-37176.41705668153	1446.24309956847	323.0683517061619	0.8142560549861955	131
893000	-37596.54065734624	784.1077801537613	321.04398759571916	0.8141984869068158	131
894000	-37367.878398721165	1183.4184762788354	322.4714167060218	0.8132680572586781	131
895000	-36985.48183649329	1511.4126947567129	322.0163554685731	0.813915244107144	131
896000	-37449.44778427444	839.1615907255618	320.27410514603395	0.8138340201642408	131
897000	-37306.63002914832	1832.4715333516797	327.38824767384034	0.8135652910013759	131
898000	-37731.30020246765	1138.5513600323466	325.13604253455225	0.81318801637929	131
899000	-36869.748231059435	1414.603331440565	320.23848966898794	0.8130571973807923	131
900000	-36259.6269209866	1928.7910477633995	319.436030493968	0.8135496538849312	131
901000	-36571.606280770706	2020.3038754792942	322.81113607744095	0.8127144943696392	131
902000	-36590.606765241464	2217.803391008536	324.6221013983541	0.8128820869570148	131
903000	-37160.30081860542	1663.5273063945788	324.75106863496	0.8140288073349297	131
904000	-37488.17037276836	1520.3725959816366	326.29615951851264	0.813344601527175	131
905000	-37803.56022640086	1398.681961099137	327.91640232610723	0.813351305510091	131
906000	-37039.194054700885	1711.6731327991147	324.1407696622403	0.8128750354586283	131
907000	-37038.78975546881	2136.7688382811903	327.6932011117027	0.8141187597244331	131
908000	-36647.72000407473	1568.9284334252734	319.6721709092076	0.8134747577876635	131
909000	-37297.82293064275	1454.333319357247	324.15155232960285	0.8128247535472595	131
910000	-37388.027250686835	851.316499313165	319.8620112042874	0.8131308367979126	131
911000	-37036.030769552046	1687.586417947954	323.91283060914617	0.8131884350451879	131
912000	-37203.01117911951	1525.2856958804914	323.9519749591472	0.8130617144458222	131
913000	-36941.39152123472	1464.9600412652799	321.2589874479783	0.8128051719042302	131
914000	-37735.342144577095	848.8922304229054	322.7469301945095	0.8131291330632058	131
915000	-36836.680450655724	999.8429868442763	316.49252567774283	0.8139269696549416	131
916000	-36821.98358683608	1186.8211006639176	317.93361283337134	0.8131632121857292	131
917000	-37585.13443312039	1081.9358793796127	323.43983093417614	0.8138251498452915	131
918000	-37023.65737895461	1858.6863710453908	325.24053638372015	0.8125213731664295	131
919000	-37178.67316485767	964.2955851423321	319.05585978256454	0.8129934654381455	131
920000	-37176.718080891646	1696.4303566083545	325.1636200232007	0.8132495720967791	131
921000	-37056.80548333694	1510.8156104130612	322.60796448453107	0.8130921159959601	131
922000	-37123.05164966552	1908.3819440844818	326.48763355107167	0.8140796192680857	131
923000	-37412.58914064217	1985.1569531078276	329.55174086800935	0.8135854502539583	131
924000	-37538.277708939175	1195.2496348108252	323.9957264488394	0.8137483172020877	131
925000	-37580.429499469596	678.8751880304044	320.0289791746589	0.8137178881898381	131
926000	-37356.61541032093	1777.9861521790735	327.3506063623202	0.8128081015214353	131
927000	-37019.609081779316	1348.0471682206844	320.93531137860464	0.812779184590558	131
928000	-36877.5278632672	1446.374480482802	320.56932150852043	0.8123006536183768	131
929000	-36955.6749477214	1883.3406772785966	324.87810806134047	0.8127375718604928	131
930000	-37589.451086535526	1054.837975964474	323.2492717946054	0.8136864100883425	131
931000	-37947.63251484012	606.2932664098771	322.4934068124915	0.8129213979827332	131
932000	-38071.832646325594	792.3587599244056	325.08869682240584	0.8131749430365108	131
933000	-37944.50896379919	526.7097862008086	321.8015843395611	0.8130630453828552	131
934000	-37444.70366624523	1109.1830525047699	322.49308006499564	0.8135920133687308	131
935000	-37431.42257943818	1136.0149205618218	322.6064287713006	0.8131658374190075	131
936000	-37291.10660114382	1542.4480863561766	324.8324287614228	0.8125153210313517	131
937000	-36916.45592935223	1712.1221956477675	323.11785395178083	0.8130409176759008	131
938000	-37693.900578164656	867.6462968353444	322.5571552489288	0.8135928654347246	131
939000	-36609.80662033196	1902.9746296680387	322.14924367512896	0.8132364952723489	131
940000	-37513.00349744654	1382.359783803462	325.3494413240818	0.8125618905165951	131
941000	-37600.53292388031	916.6194198696903	322.1858067199129	0.8128594351834781	131
942000	-37544.49652081732	44.94879168267653	314.42578241709043	0.8126289509751305	131
943000	-37219.306896643015	1250.5993533569854	321.790605623701	0.812531526027903	131
944000	-36890.89342376082	1756.1222012391809	323.27207876981475	0.8138097566525434	131
945000	-37925.10132216425	1188.5627403357503	327.17546970455294	0.8133035208951939	131
946000	-37370.895274314506	1035.2180069354945	321.25699428825374	0.813581781627264	131
947000	-36772.40777735421	2104.0023788957915	325.19090343910284	0.8136723464412318	131
948000	-37694.670030371504	971.6541883784957	323.43359005700574	0.8132057962651743	131
949000	-37048.00212950815	1678.7009954918467	323.9386436613171	0.8136788290165544	131
950000	-37299.09949035566	1598.9083221443434	325.3715621295498	0.8136781029733634	131
951000	-37193.148782396034	1854.2027801039658	326.6207831556243	0.8138081209558524	131
952000	-38088.80897273452	783.9332147654786	325.16022184924395	0.8137534095989398	131
953000	-36961.06861621016	1711.8962275398371	323.4891371312976	0.8134824227236094	131
954000	-36955.72786854787	1677.2291627021332	323.15448234606384	0.8127806064485784	131
955000	-37050.66518208335	1706.6785679166496	324.1949443970497	0.8127437304577962	131
956000	-37355.39949027049	1188.3505097295129	322.4082890898266	0.8131250596307465	131
957000	-37092.73959456128	1456.0650929387193	322.4505702157876	0.8128300095268375	131
958000	-37598.87914860666	903.417726393338	322.061544647247	0.8129612926488469	131
959000	-37138.29213074104	1867.8563067589566	326.27612989701805	0.8127867569391275	131
960000	-36948.39068403347	1786.8124409665324	324.0097439164107	0.8123733469436246	131
961000	-37155.53426728993	1488.2196389600722	323.24479535391254	0.8132582810975955	131
962000	-36795.31464695734	1818.2087905426597	322.9919254668862	0.8126175079074851	131
963000	-37094.90534125529	1833.1102837447106	325.62256955584985	0.8136669057727633	131
964000	-37170.111978054425	1204.899740695575	320.99683793207026	0.8134623361820066	131
965000	-37247.35635264267	2095.7373973573267	329.09458844658735	0.8133001435927062	131
966000	-37359.11050445784	1455.3309017921565	324.67255121171104	0.8132820650358219	131
967000	-37360.3352358237	1298.3600766762975	323.3697762710692	0.8131798739678406	131
968000	-37132.8515393086	1406.6367419414019	322.37264093803105	0.8130472772585273	131
969000	-37705.84615570985	717.478063040151	321.4009592349184	0.813709322866092	131
970000	-38072.24374719757	773.3578153024282	324.9331976891382	0.8128265209219165	131
971000	-36989.63001944302	1858.7059180569777	324.95607001384656	0.8127838418734482	131
972000	-37055.559487213526	1750.0030127864738	324.5982815059078	0.8134688108016449	131
973000	-37463.37103107365	1017.7188126763504	321.8841534317585	0.8136538673751416	131
974000	-37138.69050705356	1356.8407429464423	322.0049519809685	0.8145007345937839	131
975000	-37394.5436458928	1507.4446353571984	325.4048576993753	0.8133566310433352	131
976000	-37505.30541151746	1720.09302598254	328.11009824163796	0.8141299296840857	131
977000	-36777.89596539231	1964.3305971076916	324.06849311616173	0.8134394415726944	131
978000	-37239.64727658611	1667.7120984138892	325.4497854800525	0.8140988472089992	131
979000	-37688.83311052169	1389.791889478307	326.8823772007894	0.813612923516528	131
980000	-37420.42121630481	1397.4303461951931	324.7010762680974	0.813247722652285	131
981000	-36904.20255208229	1962.4068229177064	325.108922492398	0.8136591324463129	131
982000	-37467.75852029343	1509.9016359565721	326.0378329483059	0.8138874749391389	131
983000	-36972.98337420658	1712.360375793418	323.5926834127275	0.8134472850789839	131
984000	-37454.17054323343	1760.2044567665725	328.01789009831344	0.8131694400525523	131
985000	-37017.62186816572	2025.8781318342808	326.588565852535	0.8135498495408441	131
986000	-38368.5897002421	492.214987257903	325.06036781451695	0.8134379590275028	131
987000	-37675.405891437156	1054.7034835628438	323.9671360429538	0.8132894898994328	131
988000	-37247.31875211498	1174.2671853850188	321.3864189713538	0.8128038183233944	131
989000	-37356.81961187183	1177.7819506281667	322.33176482630216	0.8136017201086225	131
990000	-36370.34126335723	2580.1196741427702	325.8103186669564	0.813866199225261	131
991000	-36730.148208649756	2261.9064788502437	326.1582394005209	0.8135210869277414	131
992000	-37013.898299476146	1454.2579505238537	321.77596733588763	0.8133452016311035	131
993000	-37072.05418671909	1792.0083132809086	325.08761855566956	0.8135378319967208	131
994000	-37222.593290069635	1763.4223349303647	326.1077242376649	0.8136659307411204	131
995000	-37169.53032224064	1362.1532715093635	322.30735678836334	0.8130660019406611	131
996000	-37714.5597806133	1319.002719386699	326.50544128959467	0.8140079382590555	131
997000	-37351.83524825495	1250.4616267450474	322.89801823658337	0.8131248432920418	131
998000	-37031.19970574819	762.1518567518069	316.13140434534654	0.8130253015584449	131
999000	-37449.64945005732	1645.0849249426828	327.0171278680715	0.8133864738939849	131
1000000	-37561.46065946705	1056.2307467829523	323.02678942469174	0.8124972657934715	131
#   HarmonicBondForce 9852.433349609375 kJ/mol
#   RBTorsionForce 7030.934600830078 kJ/mol
#   NonbondedForce -72360.01571699268 kJ/mol
#   CMMotionRemover 0.0 kJ/mol
#   HarmonicAngleForce 17915.188995361328 kJ/mol
#   MonteCarloAnisotropicBarostat 0.0 kJ/mol
# state saved to state-eq.xml

# 2026-01-07 16:32:09.868106
