nohup: ignoring input
1 warning generated.
# 2026-01-08 13:52:55.199090

# field.xml config.pdb
#   601 molecules 9504 atoms 9716 bonds
# Box vectors (nm):
#     x      y      z
#     4.02   0.00   0.00
#    -2.01   3.48   0.00
#     0.00   0.00  15.00
# Langevin integrator 323.0 K
#   barostat (1.0, 1.0, 0.0)
# platform OpenCL
#   DeviceIndex 0
#   DeviceName NVIDIA GeForce RTX 2080 SUPER
#   OpenCLPlatformIndex 0
#   OpenCLPlatformName NVIDIA CUDA
#   Precision single
#   UseCpuPme false
#   DisablePmeStream false
# PotentielEnergy 82325.54371450213 kJ/mol
#   HarmonicBondForce 1814.9909620182589 kJ/mol
#   RBTorsionForce -1580.661780768598 kJ/mol
#   NonbondedForce 90591.24781002081 kJ/mol
#   LennardJones -19272.994683897607 kJ/mol
#   CMMotionRemover 0.0 kJ/mol
#   HarmonicAngleForce 8194.728024059907 kJ/mol
#   LennardJones14 2578.2116366028786 kJ/mol
#   MonteCarloAnisotropicBarostat 0.0 kJ/mol
# Minimizing energy...
# PotentielEnergy -34928.12889291975 kJ/mol
#   HarmonicBondForce 598.6589915752411 kJ/mol
#   RBTorsionForce -630.5826927423477 kJ/mol
#   NonbondedForce -14222.187980994815 kJ/mol
#   LennardJones -25425.278710997216 kJ/mol
#   CMMotionRemover 0.0 kJ/mol
#   HarmonicAngleForce 4500.900900840759 kJ/mol
#   LennardJones14 250.34032821655273 kJ/mol
#   MonteCarloAnisotropicBarostat 0.0 kJ/mol
#"Step"	"Potential Energy (kJ/mole)"	"Total Energy (kJ/mole)"	"Temperature (K)"	"Density (g/mL)"	"Speed (ns/day)"
1000	-2642.166962145653	31152.618194104347	325.77873593597144	0.7745539292133554	0
2000	-3644.9332969044917	29931.41826559551	323.6730554373734	0.7619952184274964	154
3000	-3817.7801226387965	29778.169096111204	323.86197510799457	0.7548630326100666	159
4000	-4003.4390732835163	28923.662489216484	317.4143429369534	0.7481453624741674	160
5000	-3298.667101289262	30479.614148710738	325.61963974135824	0.744940105157579	159
6000	-4523.942377995176	29240.311528254824	325.484417389913	0.7436211515736061	159
7000	-5094.815146794717	28109.782509455283	320.0893807047945	0.7430052727838379	160
8000	-4456.892687833693	29496.056530916307	327.30342349097486	0.7421198329397649	160
9000	-5338.734209360089	27949.66032188991	320.89717515848514	0.7424702994196258	161
10000	-5732.184677429672	27346.307510070328	318.8737351543333	0.7429689440633398	160
11000	-5610.174681572884	28158.637818427116	325.5283618299399	0.7424470025851237	160
12000	-5389.066603827232	28424.042771172768	325.9553797818722	0.742838433236568	160
13000	-6527.921103058325	26632.477334441675	319.6633041504635	0.7425259405787861	160
14000	-5726.940199853096	27850.958237646904	323.6879671753774	0.7434517607100702	160
15000	-5854.952465978975	28000.227221521025	326.36093386849575	0.7439329700904325	160
16000	-6618.447987594933	26384.751231155067	318.14791760376056	0.7444017717074605	160
17000	-6075.5542696317425	27010.867605368258	318.95017663955576	0.7428341952293083	160
18000	-6714.732640533242	26445.150171966758	319.6583335711288	0.7461176907864844	160
19000	-6947.939096869901	26307.5609031301	320.5800747904762	0.7441604475474383	160
20000	-6618.522597028932	26549.239121721068	319.73428552959865	0.743905937840913	160
21000	-6905.70861002797	26851.43982747203	325.41592130044523	0.74263772295359	160
22000	-6447.263147721998	27101.967321028	323.41161049555103	0.7419963849579412	160
23000	-6851.425749695394	26986.527375304606	326.1948713316332	0.7419688076022094	160
24000	-7280.15316460008	26184.69839789992	322.5982053121569	0.7438497705252503	160
25000	-6914.403122996911	26498.72578325309	322.09960348662463	0.7435694215801639	160
26000	-7125.568024489796	26215.306975510204	321.4030822294032	0.7437495524861806	160
27000	-7132.435501998465	25880.150435501535	318.23840474119385	0.7417746131630918	160
28000	-6863.305459612398	27192.1867278876	328.29192862820366	0.7447862727291799	160
29000	-7322.081885880907	26600.363426619093	327.0093685362447	0.7443223760206051	160
30000	-7214.001534019306	27126.791434730694	331.0422028923376	0.7430467073347841	160
31000	-7350.377179283008	25363.06618009199	315.35469678105704	0.7442908035616396	160
32000	-7201.472352953744	25879.777647046256	318.90032022259294	0.7428472718071337	160
33000	-7699.748063939973	25966.165998560027	324.5364300054425	0.7414183091026915	160
34000	-7614.20762820472	25871.39393429528	322.79823347447297	0.742822020111319	160
35000	-7412.273403619125	26493.015658880875	326.8439838056551	0.7426817285056929	160
36000	-7129.32515195274	26219.03031679726	321.4751932856598	0.7422070083864475	160
37000	-7685.838633432577	25861.716054067423	323.39545611271336	0.7430790731067259	160
38000	-7621.976447910129	25489.93370833987	319.19588141348504	0.7419026430895258	160
39000	-7571.105982075678	26213.64401792432	325.6819979184658	0.7428899296632263	160
40000	-7856.480335479428	25770.847789520572	324.164464985232	0.7443307761276194	160
41000	-8289.313251566957	24933.428935933043	320.2642923791089	0.742322592020709	160
42000	-8417.37510862836	25421.09754762164	326.19987956687186	0.742378342864376	160
43000	-7919.508126364264	25585.937186135736	322.98952546704936	0.7429970274772045	159
44000	-7451.53865486593	25690.52775138407	319.4865849927547	0.7439142512325678	159
45000	-8201.731730031548	25154.471394968452	321.5508439968972	0.7437400827440105	159
46000	-7682.042938643659	25883.88284260634	323.5725518294627	0.7439090156077938	159
47000	-8013.443537272804	25442.400212727196	322.5113707974165	0.7433352135834642	159
48000	-7908.97557912179	25564.59473337821	322.6822532899975	0.7420340353050385	159
49000	-7907.5697621559375	25549.418519094063	322.5224039773033	0.7413421978223687	159
50000	-8036.615645080397	25526.868729919603	323.5490168894312	0.7424768380429458	159
51000	-8141.865566600638	25231.290683399362	321.7142706204762	0.742750763978062	159
52000	-8497.399926189275	25116.818823810725	324.0380917712386	0.742413809685257	159
53000	-8378.015761184099	25147.0272075659	323.1784451376705	0.7428938336551796	159
54000	-8669.171349847747	25169.930212652253	326.205942167424	0.7446976270624233	159
55000	-7881.584195898613	25345.025179101387	320.3015717241189	0.7446944197432116	159
56000	-8034.254599900742	25026.08133759926	318.6987105123068	0.7428956464106274	159
57000	-8280.666216455982	25178.978314794018	322.54800999205764	0.7424458512752447	159
58000	-8380.528957263974	25082.123386486026	322.5770050381764	0.7428426019142569	159
59000	-8615.541614233924	24770.040417016076	321.83405405126075	0.7434083155462783	159
60000	-8481.18806570518	25146.26896554482	324.16570763006564	0.7434601479579581	159
61000	-8609.209614499006	25019.727885500994	324.17997921770075	0.7421805252274989	159
62000	-8613.677807117638	24805.337817882362	322.15635093402875	0.7428131976044672	159
63000	-8077.491955415579	25548.98851333442	324.156293654053	0.7411255478190806	159
64000	-8807.771486739977	24822.111325760023	324.18909194648097	0.7430050904909196	159
65000	-8177.400450108631	24990.81439364137	319.73865361446843	0.7414851267139726	159
66000	-8893.736558275355	24735.357191724645	324.18148545386276	0.7435228757214628	159
67000	-9273.617367974948	24099.999819525052	321.7187140171542	0.7413512855832258	159
68000	-8599.140341584512	24834.969033415488	322.3018533472797	0.7419722455527791	159
69000	-9328.102688992105	24571.155123507895	326.7858430898012	0.7421665874397039	159
70000	-8615.121031985793	24961.324280514207	323.6739591790706	0.7420382745868315	159
71000	-9244.241612874903	24505.883387125097	325.34821598496245	0.7420094847240887	159
72000	-8866.190520751232	24533.71572924877	321.9721382514138	0.7414579761625649	159
73000	-9315.013441040763	24160.623277709237	322.7021732632402	0.7417436571011358	159
74000	-8620.104404619022	24813.77450163098	322.2996316489407	0.7419685789673428	159
75000	-9197.610816576343	24355.029808423657	323.444484099787	0.742030331239555	159
76000	-9335.817980461812	24387.346082038188	325.08831493520614	0.7414009532138579	159
77000	-9224.199254593754	24026.617151656246	320.5349253615197	0.7414028178316644	159
78000	-9118.117213857477	24504.269504892523	324.11683026660813	0.743084578847731	159
79000	-9562.032193090883	24216.647494409117	325.6234806435714	0.7405402931036936	159
80000	-9272.450615734444	24223.369696765556	322.896741319469	0.7412179106168142	159
81000	-8946.903124322882	24474.284375677118	322.17728761668076	0.7408649671144082	159
82000	-9831.946858891111	23676.06485985889	323.01426539601044	0.740473520899027	159
83000	-9254.625622583611	24169.89000241639	322.20937044693176	0.7418618233659314	159
84000	-9934.577624458005	23409.809094291995	321.43693488714456	0.7420620030153143	159
85000	-9498.14493526984	23719.78475223016	320.2179003053188	0.7417215908959913	159
86000	-9433.158209313173	23468.353509436827	317.1676591095188	0.7428718825379778	159
87000	-9582.172702260199	24373.6710477398	327.33132651587624	0.743799471309681	159
88000	-9009.88708616962	24332.02307008038	321.41306104397654	0.7421501758781749	159
89000	-9733.14039088355	23655.14085911645	321.8600742809596	0.7421396868881436	159
90000	-9210.863048090716	24425.746326909284	324.25393541325593	0.7410909110951706	159
91000	-10361.638776762586	23133.935441987414	322.89436899751377	0.7439326970728947	159
92000	-9595.613006308151	23735.26199369185	321.306683115034	0.7415630578657383	159
93000	-9158.189448174788	24574.068364325212	325.17597787983567	0.7425388360843227	159
94000	-9398.392725942482	24403.25571155752	325.8448973593881	0.7413252279674626	159
95000	-9235.544695309887	24000.416242190113	320.3917199584157	0.741350763001387	159
96000	-9738.404196891934	23399.252053108066	319.4440714770817	0.7407940957541345	159
97000	-9639.427533535345	23763.216997714655	321.9985350401532	0.7407173296930257	159
98000	-9465.334707918868	23913.180917081132	321.76593452083347	0.7405478472870736	159
99000	-10109.613263013132	23340.121111986868	322.45247696348156	0.7418802773277174	159
100000	-9926.973495283397	23492.022598466603	322.1561626545085	0.7413194547478608	158
101000	-9775.865197475767	23873.693396274233	324.37876473518315	0.7430073908964074	158
102000	-9346.800412173034	24781.129275326966	328.9902197129155	0.7413369453081539	158
103000	-9866.50206209661	23652.36121915339	323.11887349746263	0.7412167271535572	158
104000	-9727.300394207123	23606.203512042877	321.3320255384599	0.7411913284209839	158
105000	-9694.004786974052	23993.190525525948	324.7415793707095	0.7420474773800769	158
106000	-9961.89478212886	23933.50365537114	326.74863905659936	0.7422821420706108	158
107000	-9661.772478584491	24044.97361516551	324.930047170482	0.7409279297989861	158
108000	-10372.972227845108	23242.281678404892	324.04807058581196	0.7418317157394068	158
109000	-10049.29971149913	23324.25106975087	321.7180738667853	0.7416571670984752	158
110000	-9926.846147446719	24073.45463380328	327.75988835987465	0.741289092640849	158
111000	-9993.710484929325	24036.398890070675	328.0472405636837	0.7419284599397018	158
112000	-10259.549064210965	23095.286873289035	321.53766443047954	0.7412594401055433	158
113000	-9839.649339828291	23780.42487892171	324.09453797141026	0.7408089389478008	158
114000	-10051.319881924777	23169.664493075223	320.24734722228624	0.7408314410848004	158
115000	-9961.368252484885	23476.963778765115	322.3425593795582	0.7425529041316844	158
116000	-9814.244521531044	23692.107040968956	322.99826163678904	0.7411996018859262	158
117000	-10437.186773235793	22661.071039264207	319.06427402882866	0.740529686311221	158
118000	-10060.362005882023	22965.325494117977	318.3647026433791	0.7411662096221733	158
119000	-9612.24807433231	23515.49411316769	319.34850079260156	0.7415842899982502	158
120000	-9853.284385499894	24022.430458250106	326.55889095608904	0.7417752484542317	158
121000	-10414.916429820645	23151.579663929355	323.5780495914541	0.7415062692878029	158
122000	-10361.360615760786	23456.225321739214	325.99853344791404	0.741311899376791	158
123000	-10287.583519368898	23214.525855631102	322.95736732499023	0.7404008842565611	158
124000	-10219.525331340963	23404.287168659037	324.13057467158654	0.7394391381238934	158
125000	-9935.0040429082	23597.3865820918	323.24927589318946	0.7394201130013313	158
126000	-10600.416894499562	22801.92685550044	321.9956355355413	0.7411761061710112	158
127000	-10204.357045253506	23756.744517246494	327.3820113627282	0.7405953317865243	158
128000	-10614.658823062724	23211.970083187276	326.0857068657909	0.7410717109797982	158
129000	-9742.018895252491	23951.35610474751	324.8011510109173	0.7414713826915273	158
130000	-10104.518106341886	23356.337362408114	322.5596833223133	0.7406725031625653	158
131000	-9757.650226024503	23591.115398975497	321.4791471555851	0.7412658997659071	158
132000	-10165.635312814033	23207.661562185967	321.715626233022	0.7411436308864386	158
133000	-9575.346816786274	23900.942245713726	322.70846179921665	0.7400188661987879	158
134000	-9760.800137249113	23849.067050250887	323.9961430941264	0.7421498176834194	158
135000	-10031.939325997955	23742.623174002045	325.5837913207022	0.7415010293966916	157
136000	-10579.190389800176	22629.501016449824	320.12884409223943	0.7428375014815862	157
137000	-9651.389058468922	24029.67344153108	324.6824596013502	0.7420698026154091	157
138000	-10665.768504032632	22371.532277217368	318.4766536461212	0.7418418390593053	157
139000	-10306.399426527554	23084.639635972446	321.8866593492192	0.7417079236298534	157
140000	-10420.136924901279	23276.07401259872	324.8284891972579	0.7409206492031172	157
141000	-10481.068440980918	23192.75187151908	324.61264555524065	0.742281376224549	157
142000	-10810.530131859123	22619.544086890877	322.2629547983956	0.7407766463191466	157
143000	-10240.557554881147	22984.715882618853	320.28869340493367	0.7405877425510753	157
144000	-10354.727948956133	23068.416582293867	322.19615322461004	0.7389054785468598	157
145000	-10194.289106948418	22851.675736801582	318.5601744413051	0.7387297952739439	157
146000	-10169.590931104613	23605.182506395387	325.5858247395209	0.7407381035158487	157
147000	-10264.986595425347	23476.989967074653	325.2696657691132	0.740125368566817	157
148000	-10687.215084241237	22817.511478258763	322.982596780704	0.7411602413598374	157
149000	-10387.912264302548	23270.158048197452	324.4608169501091	0.7431506450996328	157
150000	-10062.417580818641	23615.51601293136	324.6522972222058	0.7400676376141125	157
151000	-9420.067064497445	24392.448560502555	325.94965608445654	0.7417286562917982	157
152000	-10143.744118893112	23140.41213110689	320.8563185025904	0.740164647906675	157
153000	-9892.321960388334	23905.779602111666	325.8107057985103	0.7409632476530873	157
154000	-10212.499741441861	23311.04322730814	323.1639852705151	0.7405331083998535	157
155000	-10610.910962757596	22639.292162242404	320.5290133845837	0.7404340959845167	157
156000	-10412.39862741332	22647.16777883668	318.6912922992088	0.7408939074231518	157
157000	-10400.185513602279	23459.61917389772	326.4055184588915	0.7399225774846582	157
158000	-10505.091706667677	22919.658293332323	322.2116298011748	0.7402485624570824	157
159000	-10020.101420196937	24080.336079803063	328.72519746020834	0.7412047288369367	157
160000	-10286.203533334017	23282.499591665983	323.5993251772426	0.7420645803726303	157
161000	-10688.776752090489	22424.46152915951	319.2086844208622	0.7413613431032899	157
162000	-10263.8013452366	23640.5424047634	326.8348710768749	0.7396857552248097	157
163000	-10341.683270307607	23302.586260942393	324.32777864109886	0.7407940439454703	157
164000	-10535.808419710898	23189.0743927891	325.1048835329883	0.740776291202172	157
165000	-11032.40545365942	22252.60235884058	320.8645274896734	0.7413955589446796	157
166000	-10424.27784064255	22657.80419060745	318.9083409301557	0.7414015291009929	157
167000	-10209.982694936509	23840.55636756349	328.2441809418676	0.7410265217904738	157
168000	-10868.03876103711	22815.12530146289	324.7027184777294	0.7419410349007978	157
169000	-10719.403865256347	22808.072697243653	323.20190476589397	0.7413936763808409	157
170000	-10897.54416236782	22409.41677513218	321.076153670437	0.7416992531970896	157
171000	-10496.577348880935	23350.770307369065	326.28543378087454	0.7411729627066773	157
172000	-10589.141473576601	22747.2960264234	321.3603051224018	0.7408636439324221	157
173000	-9944.110171241453	23730.874203758547	324.62386701464766	0.7411640109242232	157
174000	-10942.698465364752	22483.598409635248	322.2265415391788	0.7419393576493593	157
175000	-10558.706282898784	22922.637467101216	322.75718853905795	0.7413049574499708	156
176000	-10695.852755694592	22659.635525555408	321.54395296645595	0.7416028692304558	156
177000	-10137.410290234431	23515.72252226557	324.41321988738935	0.7423890324469036	156
178000	-10030.246950120141	22955.55773737986	317.98023586302384	0.7408830873439062	156
179000	-10352.355647667777	23402.972477332223	325.3983736491577	0.7420808199015814	156
180000	-10872.161245709925	22999.854379290075	326.5232308149532	0.7432066189012275	156
181000	-10650.406493642891	23396.80444385711	328.2120981116167	0.7417777261989933	156
182000	-10727.50220918341	22545.36497831659	320.7474929398845	0.7418845475094371	156
183000	-10511.34193155152	22926.49791219848	322.3378147356479	0.7405320460473767	156
184000	-10326.655405860627	23381.985219139373	324.9483102839465	0.7412737253503919	156
185000	-10232.78307281097	23663.50989593903	326.7572622586269	0.7401166302329734	156
186000	-9863.666424256284	23802.927325743716	324.5429821327473	0.7399160923812858	156
187000	-10929.139424934983	22749.196512565017	324.65617578032294	0.7401067155287786	156
188000	-10537.115590853908	22390.485971646092	317.41916289267186	0.7416480277048222	156
189000	-10775.36775157007	23091.39787342993	326.4726212799094	0.7421240208587814	156
190000	-10582.265265356284	22870.414422143716	322.4808695151356	0.7410499228830815	156
191000	-11068.008794410911	22729.39354933909	325.80396539168527	0.7407674316915699	156
192000	-10369.206664535799	23220.4886479642	323.8016880056098	0.7406464355564536	156
193000	-10832.15415377426	22746.11928372574	323.6915821421662	0.7424059160201953	156
194000	-10270.254321284941	23665.72614746506	327.13984624377963	0.7411530212010993	156
195000	-10488.575544447114	22474.236955552886	317.7585932117828	0.7415550043543665	156
196000	-10275.39968158747	23634.15109966253	326.8850663969742	0.7418442849304178	156
197000	-11072.322016624676	22691.295170875324	325.47827947755275	0.7408739888749127	156
198000	-10634.64427313162	22904.73853936838	323.3166799614398	0.7396454411444098	156
199000	-10914.174429872539	22296.04432012746	320.14356755072316	0.7410079805342424	156
200000	-10702.447728820494	23011.157739929506	324.99617093799463	0.7407924679805886	156
201000	-10626.918927244376	22883.514666505624	323.03761205652177	0.740700011592249	156
202000	-10776.620188964589	23322.46574853541	328.7121685174069	0.7400719891189886	156
203000	-11039.006660102692	22846.579277397308	326.6540474256245	0.7407966626284657	156
204000	-11140.993887612189	22340.97486238781	322.763213483706	0.7412792642641718	156
205000	-10526.54392940842	22850.63575809158	321.7530562016482	0.7422380743963781	156
206000	-10386.656031651713	23493.468968348287	326.601404471762	0.740413425169375	156
207000	-10819.333510060678	22439.18211493932	320.6091451484031	0.7405412159736733	156
208000	-11228.931731309742	22327.90420619026	323.48492654073726	0.7417851307914912	156
209000	-10799.952629886859	22646.21533886314	322.4180971230835	0.7413533959229539	156
210000	-10937.292688296875	22465.543249203125	322.00038017945167	0.7405307294746202	156
211000	-10955.275838241156	23164.661661758844	328.9131757332283	0.7399938760549781	156
212000	-10947.290720534918	22980.24443571508	327.05843417922256	0.7407679862970982	156
213000	-10727.981464637327	23339.495097862673	328.4074569418305	0.740513718314613	156
214000	-11195.69957397529	22161.58167602471	321.5612370264151	0.7406316903232936	156
215000	-10557.070549399126	23101.796638100874	324.46849875453546	0.7403093983662126	156
216000	-10728.511507703166	22857.328336046834	323.76452162831197	0.740237123403286	156
217000	-10982.277610943594	22347.870826556406	321.29967911688055	0.740272999624403	155
218000	-10604.124416195438	22996.68417755456	323.90881905263336	0.7404317624968353	155
219000	-11063.79916663299	22570.41177086701	324.2308146881689	0.7404529285448908	155
220000	-10971.736337435781	22276.15428756422	320.50672108938585	0.7403692870440777	155
221000	-10980.80143830378	22231.44074919622	320.1630733090213	0.7401023608030228	155
222000	-10986.555272623431	22868.13222737657	326.35618922458536	0.7417479958165748	155
223000	-11144.765004411223	22685.192026838777	326.1177896960418	0.7401823721387266	155
224000	-10824.597675263998	22830.542949736002	324.43257502207126	0.7409681304939081	155
225000	-11469.556535788579	22226.92783921142	324.83112511054145	0.7397639623018899	155
226000	-10876.863297703676	22885.773421046324	325.46882784563616	0.7396816827681555	155
227000	-11328.062200202257	22160.445612297743	322.8262494670865	0.7397599506947923	155
228000	-11360.12308702519	22182.24410047481	323.3454490721344	0.740949429468699	155
229000	-10765.855121006723	23115.812847743277	326.61627855386195	0.7411026747825089	155
230000	-11388.8342058899	22160.0837628601	323.40859802322694	0.7406996922989394	155
231000	-11951.012446523295	21668.659428476705	324.09065941329305	0.7382238368089722	155
232000	-11547.565847018035	22124.461496731965	324.59536149528145	0.7393649941061615	155
233000	-11181.511070743436	22119.660804256564	321.0203476206342	0.7408927532920189	155
234000	-11477.57495235838	22393.57739139162	326.5149088601581	0.7413193193970217	155
235000	-11469.709592979227	22392.981813270773	326.4333461719848	0.7413537942533546	155
236000	-11157.878323976009	22269.49276977399	322.23689691279264	0.7390860011196085	155
237000	-11115.75703724171	22172.43046275829	320.89517939557044	0.741380775875573	155
238000	-10907.806956857734	22574.946949392266	322.77078232042015	0.7401504283906535	155
239000	-11184.06733030954	22191.06548219046	321.7333245079258	0.7398774955043502	155
240000	-10550.188380490174	22710.725682009826	320.6322658734901	0.7405566684396637	155
241000	-10882.40357417619	22967.83861332381	326.3133368057759	0.7409890408209577	155
242000	-11426.361784080334	22032.907747169666	322.5443950252688	0.7421382220274507	155
243000	-10700.032475336979	22853.32689966302	323.4514127861324	0.7413814637048098	155
244000	-10294.659223481198	23161.192339018802	322.5114461092246	0.7404679871932043	155
245000	-10605.497054282401	22952.1865394676	323.49309787191623	0.7395786753577873	155
246000	-11516.377225618693	21889.146211881307	322.0262874414384	0.7402358635487422	155
247000	-11171.261633185379	22342.75789806462	323.0721801764401	0.7408586049624526	155
248000	-11588.24663989694	21932.37445385306	323.13581865428534	0.7419570116082036	155
249000	-11414.325691089616	22432.557121410384	326.28095272829256	0.7410199903617309	155
250000	-11094.806905463862	22161.08371953614	320.5838403808812	0.7400231833058276	155
251000	-11142.697421021294	22509.560391478706	324.4047849648821	0.7417297346332143	155
252000	-11167.73087218689	22089.01131531311	320.5920493679642	0.7429570218963815	155
253000	-11299.653617321688	22718.58075767831	327.93276661537027	0.7417427675672474	155
254000	-10761.69903453876	22612.42596546124	321.7236092846807	0.7415170200125211	155
255000	-11200.516112209647	21914.687012790353	319.2276253405996	0.7415591780090208	155
256000	-10710.456568439608	22745.902806560392	322.51634137675114	0.7408021712304117	155
257000	-10798.680472534092	22836.62812121591	324.24139599720706	0.7423090002596114	155
258000	-11060.426309481496	22263.132284268504	321.23615360674745	0.741829887865412	155
259000	-10568.189705428493	22319.333732071507	317.03281331711406	0.7430278224815525	155
260000	-11394.224424988613	22457.424012511387	326.32689293123406	0.7413689967905112	154
261000	-11038.350214725477	22536.470097774523	323.65829432298557	0.7422475700155443	154
262000	-11210.447294039244	22346.279268460756	323.48387217542387	0.7412796255766718	154
263000	-11514.180895764148	21998.881604235852	323.06295447994773	0.7400933517763583	154
264000	-10770.932298692642	22757.37238880736	323.20988781755267	0.7412627244881067	154
265000	-10819.049188109639	23015.06799939036	326.1578932338556	0.7417819503116997	154
266000	-11314.968495260167	21955.652598489833	320.7258407950555	0.7420884126392452	154
267000	-11122.775393713033	22227.912106286967	321.4976738603779	0.7410553252911979	154
268000	-11086.799748581892	22047.684626418108	319.4134948829927	0.7420106205927588	154
269000	-10889.951337001636	22737.290850498364	324.16363655534286	0.741890699606387	154
270000	-10145.683701322298	23195.745986177702	321.4084293677783	0.7394390389018001	154
271000	-10476.253089459322	22784.180504290678	320.6276341972919	0.741569963177619	154
272000	-10810.966390000482	22381.52970374952	319.9727227140462	0.741356957071158	154
273000	-10729.68798519927	22588.34326480073	321.18287050251604	0.7402235989515952	154
274000	-11072.842178343388	22218.364852906612	320.9242874094015	0.7399362745187047	154
275000	-11209.882020758989	22137.34454174101	321.4643107293892	0.7401606816246302	154
276000	-11342.514997087535	22103.762346662465	322.4191514883969	0.7406834781765503	154
277000	-11186.309332484787	22100.706292515213	320.8838826243553	0.7404662151420676	154
278000	-10992.713686878385	22946.368344371615	327.1697450315957	0.7407931306613112	154
279000	-10961.926076205797	22461.972361294203	322.20342081409177	0.7392954095853795	154
280000	-11152.576685952896	22689.071751547104	326.2304938168649	0.7408385309237686	154
281000	-11040.514964102302	23141.1647233977	329.5083649526499	0.7425179336508041	154
282000	-11011.39771454042	22390.25853545958	321.98900809642845	0.7422561298797044	154
283000	-11328.302649902529	21615.45125634747	317.57487005592054	0.7403269303265099	154
284000	-10998.603900451504	22922.071880798496	326.9923104117099	0.7412051705152475	154
285000	-11113.536842251604	22328.174095248396	322.3751317365619	0.7406877810435423	154
286000	-11391.623998574447	22149.235376425553	323.3309138931709	0.7398979830823318	154
287000	-11068.02290038229	22268.38334961771	321.36000387516947	0.7388315441680804	154
288000	-11134.702536568162	22691.313088431838	326.0797948888549	0.7385938892316379	154
289000	-10969.457782484358	22416.409405015642	321.83680293225643	0.7401572557118005	154
290000	-11170.261505055707	22455.433807444293	324.1487248173389	0.7412938897978609	154
291000	-10777.372458544967	22712.233010205033	322.83683077612466	0.742863753373082	154
292000	-10875.090212240175	23111.636350259825	327.62903409329925	0.7406527079693247	154
293000	-10865.077270655718	22853.688354344282	325.0459143872453	0.7410487392339403	154
294000	-10842.928549325035	22578.997231924965	322.1844045825463	0.7408286519747106	154
295000	-10865.178287762625	22850.501399737375	325.01616622304545	0.7415945252001456	154
296000	-10673.11713867943	22141.34379882057	316.32849728775415	0.7397861318812521	154
297000	-11015.387432230113	22655.690692769887	324.5862111105972	0.7405389012688229	154
298000	-11009.933507520182	22851.56649247982	326.4218611212494	0.7405599722173215	154
299000	-11005.65848864289	22619.30635510711	324.14168316328147	0.7401811846363257	154
300000	-11430.875220425078	21964.171654574922	321.925294306775	0.7409440189596875	154
301000	-11467.328670420102	22490.030704579898	327.34593700664783	0.7398632962962401	154
302000	-10698.362384035427	22970.274334714573	324.5626761705657	0.740393120195436	154
303000	-11132.402221233118	22269.48059126688	321.99119213886337	0.7420577083551756	154
304000	-10601.98750094272	22812.80937405728	322.1156825576542	0.7402508108866293	154
305000	-10305.71691785357	23152.09167589643	322.5303117171539	0.7404978632802309	154
306000	-11255.346843637817	22155.453937612183	322.07716056781055	0.7419421025885479	154
307000	-11433.647733133053	22231.387423116947	324.52795742703114	0.7411011198811379	154
308000	-11262.488542926498	22147.253644573502	322.06695581781287	0.7403576218884206	154
309000	-10948.759191080986	22612.865808919014	323.53109267910315	0.7402465301481491	154
310000	-11929.129559171619	21780.80794082838	324.96081204409126	0.7408304813262965	154
311000	-11324.032725832076	21404.594227292924	315.5010652801013	0.739765051330594	154
312000	-10921.258066971379	22257.49193302862	319.8402115876926	0.739220131522644	154
313000	-10991.776537275058	22365.10627522494	321.557396124202	0.7416089999538653	154
314000	-11046.477141771931	22150.04629572807	320.0115459511222	0.7397360039338043	154
315000	-10393.160689529788	23639.52681047021	328.07209346035705	0.7391835033140522	154
316000	-10958.781095599348	22851.25796690065	325.9257822412885	0.740110408829099	154
317000	-11074.431117160537	22518.342320339463	323.8313608580016	0.7400491272501877	154
318000	-10573.427140746731	23009.26426550327	323.73417096964727	0.7393831295837691	154
319000	-11335.680633274082	22224.45217922592	323.5167081237559	0.739587197705386	154
320000	-11334.940426027752	21810.12988647225	319.5155423829695	0.741065660214904	154
321000	-11034.82187877904	22386.34218372096	322.1770616812564	0.7409361868639885	154
322000	-11569.71020059241	22046.99292440759	324.0620409262147	0.7410594686744614	153
323000	-11187.141805404099	23170.2449133459	331.202165172744	0.7403140575553713	153
324000	-10779.825631891843	21906.582571233157	315.09408026912376	0.7407058454492614	153
325000	-10891.103809411405	22121.458690588595	318.23817880576956	0.7424592919030614	153
326000	-11735.841625849891	21584.68962415011	321.20697028110834	0.7419868081794003	153
327000	-11280.253870388842	22307.503942111158	323.78301067720076	0.7405159199182633	153
328000	-10573.59389391588	23023.83579358412	323.8762466956297	0.7396857644369689	153
329000	-11151.53472864267	22471.89495885733	324.12688439298967	0.740208635587795	153
330000	-11174.672809228941	22397.96781577106	323.63728232852543	0.7408792692782281	153
331000	-11052.09657764394	21794.59873485606	316.6392338079786	0.7402032548881969	153
332000	-11348.661103148828	21987.86233435117	321.36113355229094	0.739668067192366	153
333000	-10714.716764429933	23048.880891820067	325.47809119803253	0.740114013265104	153
334000	-11730.600827752904	22333.000734747096	328.3701022850124	0.7418038962619742	153
335000	-11139.116026433068	22250.62616106693	321.8741575890745	0.7418838251680403	153
336000	-11511.912232527451	22411.82214247255	327.0217949845814	0.7415149854482903	153
337000	-11758.629399329773	21682.651850670227	322.37098958711636	0.7410724100777278	153
338000	-11327.852519645181	22353.47951160482	324.6850578587297	0.7411972072751657	153
339000	-11317.089827653952	22897.921891096048	329.82968278191254	0.7419545658366351	153
340000	-10728.0370620045	22307.7910629955	318.4624573702941	0.7404844042182012	153
341000	-11190.02409587137	21889.58918537863	318.88454239879576	0.741782725200554	153
342000	-10907.088169549184	23476.411830450816	331.45389489132134	0.7406101215846334	153
343000	-11427.200492629665	22471.201851120335	326.77759644681413	0.7406809439164962	153
344000	-11348.05214756407	22732.57675868593	328.5342443707684	0.7403569243531166	153
345000	-11710.101242731907	21948.734694768093	324.46819750730305	0.741282469701099	153
346000	-11422.592486262089	22662.42313873791	328.5765319510171	0.7394714435143942	153
347000	-11509.514483775827	22364.712078724173	326.5445440566458	0.7403190696847874	153
348000	-11544.010097450519	22090.64615254948	324.2351074612307	0.7400221722601028	153
349000	-11304.075982309296	22476.033392690704	325.63726270445386	0.7395145887496634	153
350000	-11412.419269991631	21788.94791750837	320.05823927214476	0.7395540374181138	153
351000	-11079.177023088152	22238.932351911848	321.1836236205971	0.7402717433938871	153
352000	-11936.68371722434	21482.73034527566	322.16019183624184	0.7413427494677861	153
353000	-11303.502275873208	21968.79069287679	320.74195752198915	0.7416089608670873	153
354000	-11254.465295079513	22624.183142420487	326.58717054003097	0.7399630851432759	153
355000	-11439.036689868954	22310.471122631046	325.34226635212246	0.7401722867136179	153
356000	-11780.217981386988	21867.817174863012	324.3640789326035	0.7383581062213344	153
357000	-11376.931592862704	21934.771532137296	321.1218679379543	0.7380893148275774	153
358000	-11371.468134832918	22238.797490167082	323.99998399633955	0.7401253326505082	153
359000	-10886.61708035093	22705.53916964907	323.8254112251616	0.7394907946063985	153
360000	-11483.395302310179	22432.47188518982	326.94595599382376	0.7395195833616913	153
361000	-10968.552627089666	22463.861435410334	322.2855106849218	0.7394878950927187	153
362000	-11573.06909071625	21873.02075303375	322.4173440050025	0.7385692545033254	153
363000	-11433.71304026863	21796.35336598137	320.33489719920357	0.7402814683625933	153
364000	-11310.258169350622	22292.97620564938	323.9322033690487	0.7408167799268524	153
365000	-11337.028386029531	22414.59661397047	325.3626758521179	0.7401963394629546	153
366000	-11571.158799501194	22184.860731748806	325.4050387441746	0.7389948922207863	153
367000	-11683.768134126556	22184.587334623444	326.48794723285795	0.7393433487389943	153
368000	-11424.072885294096	22569.325552205904	327.6933503774174	0.7396203173296125	153
369000	-11407.188838133588	22175.99866186641	323.7389532694617	0.7407672621470307	153
370000	-11618.218307611998	21860.781692388002	322.73459499662766	0.7406961756842924	153
371000	-11382.174630279012	22430.755057220988	325.9536476102859	0.7418477922966987	152
372000	-11860.781001151248	21413.25415509875	320.7587520551956	0.7409525062972668	152
373000	-11493.935332307534	21636.814667692466	319.37749583872045	0.7411662394114042	152
374000	-11839.895443983143	21800.346743516857	324.28895540402283	0.7403975596458993	152
375000	-11946.312842437706	21066.515282562294	318.240739407245	0.7413496912288959	152
376000	-11614.362036210194	22067.091088789806	324.6862251917553	0.743786623903726	152
377000	-11411.576790833962	22289.134146666038	324.87186879872405	0.741791059174821	152
378000	-11684.944883587188	21415.953553912812	319.0897294199668	0.741327465226602	152
379000	-11701.578924368252	22355.885919381748	328.31094485974916	0.7402468835680895	152
380000	-11756.186191552377	21213.505214697623	317.8249052588157	0.7404834904181002	152
381000	-11431.74193251552	22343.65259873448	325.59181202826494	0.7394016656314786	152
382000	-12064.246209366014	21658.745978133986	325.0866580754279	0.7407023773180023	152
383000	-11705.139510969457	21873.508926530543	323.6951971089551	0.7416290571882354	152
384000	-11660.397964095231	22353.53172340477	327.8912698091067	0.7407909520762801	152
385000	-11346.423998307495	22147.888501692505	322.8822061405055	0.7402180227211564	152
386000	-11584.99830792012	21347.81028582988	317.46935821277117	0.7408779348424143	152
387000	-11740.322861569352	21655.59901343065	321.93372922928233	0.7415905050906271	152
388000	-11590.557159966032	21500.442840033968	318.9943093591029	0.7399895015907192	152
389000	-11520.90583485819	21683.34025889181	320.08599167343	0.7414763678693667	152
390000	-11067.364057290659	22387.47188020934	322.5016555741715	0.7419865352282194	152
391000	-11417.310419142887	21966.166143357113	321.8137575189776	0.7418201126031497	152
392000	-11528.943000868137	22179.189811631863	324.9434150164199	0.7420874958119771	152
393000	-11734.065406233654	21813.309593766346	323.393723941127	0.7397657907167723	152
394000	-10830.484596517403	22713.363059732597	323.3597206597695	0.740658553036092	152
395000	-10957.149595255498	22818.178529744502	325.59117187789604	0.7396996037446827	152
396000	-10737.121207661345	22661.663948588655	321.96133100695135	0.7394967987337087	152
397000	-11302.738097439928	22219.312683810072	323.1496007151679	0.7398514679573931	152
398000	-11440.552908035228	21944.599435714772	321.8299119018152	0.7403167614245496	152
399000	-11252.995751098322	22496.457373901678	325.34173916946577	0.7406525785688948	152
400000	-11224.001790096227	22248.064616153773	322.66775576693806	0.7400945689294361	152
401000	-11287.842643460375	22431.883919039625	325.0551777396417	0.7415850282007929	152
402000	-11319.355264830287	22801.340047669713	328.920480978614	0.7424670374929686	152
403000	-11845.992544292822	21671.67151820718	323.1073131349192	0.7411205835371961	152
404000	-11778.353578739974	21480.982358760026	320.6170528882537	0.741268542935557	152
405000	-11497.424874584132	22055.774344165868	323.4498688940663	0.741252722819914	152
406000	-11048.108888429764	22858.590330320236	326.8575775870173	0.7399116519278947	152
407000	-11391.062677044247	22047.171697955753	322.341617981957	0.7408300270880666	152
408000	-11010.6101605125	23000.0382769875	327.8596388497043	0.7409282103851149	152
409000	-10937.834803195903	23155.614415554097	328.65783104786203	0.7411989886990361	152
410000	-11525.19505561993	22105.18385063007	324.1938742462954	0.7424371925068506	152
411000	-11027.636464745097	22484.433847754903	323.0533898803189	0.7411794317049413	152
412000	-11118.460608446621	22391.85189155338	323.0364447234962	0.7419543991251437	152
413000	-10573.495837042225	22733.793225457775	321.07931676637725	0.7412595910331455	152
414000	-11596.93859575002	22100.87781049998	324.8439657738227	0.7414185969346496	152
415000	-11858.226369766053	21322.711130233947	319.86129889396085	0.7404689372932817	152
416000	-12064.525011468097	21575.123426031903	324.2832317066072	0.7392424343830584	152
417000	-11897.298569003877	21210.959243496123	319.16067314319787	0.7383974704271339	152
418000	-11335.0004700282	22350.9448424718	324.7295294814133	0.7415762385409418	152
419000	-10979.784844378766	22619.769843121234	323.8967315074331	0.7406919550609886	152
420000	-11599.52270560374	21974.99291939626	323.65535716246967	0.7395431209429472	152
421000	-11910.241000587703	21593.915249412297	322.9770990187127	0.74087826996412	152
422000	-10855.601059977314	22778.172377522686	324.22659722691526	0.7406638923116128	152
423000	-11258.09572165442	22010.05271584558	320.7020046077916	0.7402965803293102	152
424000	-11196.362932407006	22619.742536342994	325.9842618602789	0.7412753799274914	152
425000	-11490.768349864404	21656.196493885596	319.53380549643396	0.7410501216508023	152
426000	-11016.956298029865	21904.953858220135	317.36429824047036	0.7400148494936389	152
427000	-11652.560331412242	22209.41623108776	326.4264551415435	0.74175166960759	152
428000	-11607.367013388197	21683.945486611803	320.9253041188108	0.7397535297752174	151
429000	-11451.3328141729	22121.3390608271	323.63758357575784	0.7409480322685944	151
430000	-11162.47521088674	22942.75916411326	328.7714389103823	0.7413486133541997	151
431000	-11037.360277530679	22130.27253496932	319.7330428847649	0.7399021514239879	151
432000	-11541.991579066205	22008.383420933795	323.42264367543777	0.7413593625548311	151
433000	-11496.334401045053	22094.001536454947	323.8078635738741	0.7404287371368324	151
434000	-11700.904128049791	21617.76384070021	321.18900841487624	0.7415843514412505	151
435000	-11735.231161675125	22047.112588324875	325.6588018815707	0.7414375131701104	151
436000	-11366.192764105275	22718.053329644725	328.5691137379191	0.7400006866297303	151
437000	-11081.288537541579	22165.77786870842	320.4987756936312	0.7411925618460592	151
438000	-12067.873842377216	21500.165220122784	323.592923673554	0.7414952398370516	151
439000	-11039.987082442152	22607.262917557848	324.3565100958894	0.741268333294287	151
440000	-11344.832910790283	22061.456151709717	322.03366799863227	0.7400620557017896	151
441000	-11696.106877912825	21976.412653337175	324.60010613919184	0.7400907103631197	151
442000	-11105.826948209724	22204.798051790276	321.1114749084363	0.7398331105208312	151
443000	-11143.539141466317	22496.234296033683	324.2844366955367	0.7394493457626722	151
444000	-11309.5688973933	21785.2123526067	319.0307602742238	0.7398091396832016	151
445000	-12124.818776584172	21090.806223415828	320.195683321929	0.7399820045801874	151
446000	-11111.376430388365	22139.600132111635	320.5364692535857	0.7416641382279485	151
447000	-11273.071474085096	22259.557432164904	323.2515729033365	0.740163189419019	151
448000	-11451.376719352149	22776.34984314785	329.9522527495968	0.7412332913481536	151
449000	-11363.54660997435	22056.12526502565	322.16267712590917	0.7393974996332012	151
450000	-11442.354158547823	22143.290372702177	323.76263883310946	0.739457670772169	151
451000	-11179.34230485966	22670.71238264034	326.3115293223815	0.7403622479411407	151
452000	-11358.909176391724	22141.786136108276	322.94373588772396	0.7398802229366499	151
453000	-11407.194435417827	21985.008689582173	321.8978808086263	0.7396388478049659	151
454000	-11133.775083861721	22236.32257238828	321.6847860476047	0.7396385613271591	151
455000	-11639.603471622395	21930.646528377605	323.6142369152465	0.741833698107164	151
456000	-11650.75145725219	22262.18994899781	326.91775172168997	0.7407487652778887	151
457000	-11364.032704025682	21845.76807722432	320.13953836898975	0.7397950354083018	151
458000	-11534.545933715592	21857.23531628441	321.89381397098884	0.7405732927813824	151
459000	-11416.30652203766	21894.63488421234	321.1145250366644	0.74148670038769	151
460000	-11076.284112554742	22249.309637445258	321.2557723327578	0.7411893883251722	151
461000	-11127.229043901141	22398.75533109886	323.1875202105467	0.740192153332478	151
462000	-11269.984241491999	22801.500133508	328.44609189938626	0.7391734007130754	151
463000	-11497.453283552546	21757.226403947454	320.5721670506256	0.7410212029837245	151
464000	-10983.214720798249	22619.19152920175	323.92422031739	0.739526506709061	151
465000	-10971.880321508273	22948.736865991727	326.99174557314916	0.7395800427665534	151
466000	-10974.896963092673	22787.157724407327	325.4632171159326	0.7394816733525422	151
467000	-11187.749704764166	22440.082326485834	324.1693225968545	0.7403702281779557	151
468000	-10687.930629697628	23139.38577655237	326.0923343049038	0.7397382721707104	151
469000	-11111.683287564549	22256.05889993545	321.66207953746226	0.7395497796148968	151
470000	-10949.626950830163	23072.962892919837	327.9747529483866	0.7397643290322945	151
471000	-11538.515259645414	22346.359740354586	326.6471940510874	0.7401074737369105	151
472000	-11467.513091965986	22494.877533034014	327.3944378110648	0.7396403263803277	151
473000	-11347.391771436844	22256.287916063156	323.93649614211046	0.7393707885269653	151
474000	-11607.428394709073	21822.942699040927	322.2658166471034	0.7398310809402222	151
475000	-11561.008181552519	21706.24963094748	320.69341906166807	0.7413424378714135	151
476000	-11005.212808395503	22134.302816604497	319.4619956874097	0.7393902117089642	151
477000	-11332.774504720466	22052.444245279534	321.8305520521841	0.7410277764597829	151
478000	-11213.794219091476	22651.022187158524	326.45383098378824	0.7406005549971264	151
479000	-11278.082938123902	22454.288155626098	325.17706990105313	0.7404294448497235	151
480000	-11876.625386946776	20975.097269303224	316.68769695649155	0.7391992226260501	151
481000	-11001.56166833645	22639.94614416355	324.3011559169352	0.7394275678294477	151
482000	-11434.96571693034	22083.29209556966	323.11303683233484	0.7388991776168643	151
483000	-11197.03976526676	22085.46804723324	320.8404277110811	0.7389973796263641	151
484000	-11093.171263602911	22295.44983014709	321.863350344612	0.7406474535468585	151
485000	-11380.774744946044	22495.854161303956	326.56770243763685	0.7408252095235225	151
486000	-11451.278879837308	21898.877370162692	321.49255265742704	0.7419639245080659	151
487000	-11275.821125682385	22349.178874317615	324.1420220664179	0.7427414296740953	151
488000	-11194.738693826832	22409.249587423168	323.9394709585304	0.7414985878798622	151
489000	-11749.328698049998	21720.108801950002	322.64241334351215	0.7410754904474425	151
490000	-11612.213579527393	21835.575482972607	322.43372432326447	0.74075483127105	151
491000	-11797.210187450983	21663.367937549017	322.55700975312567	0.7402308678047521	151
492000	-12203.629958125995	21151.635666874005	321.5418065799251	0.7408062316071824	151
493000	-11179.642268260242	22106.166325489758	320.8722469500037	0.7417946466874477	151
494000	-11570.74878584483	21645.33715165517	320.20012671860695	0.7407424362300061	151
495000	-11744.054660188849	21485.36330856115	320.3286463191312	0.741894527289852	151
496000	-11082.38838662114	22488.65848837886	323.62191871967286	0.7401700298987182	151
497000	-10980.000363363419	22708.61291788658	324.75524846387975	0.739999801645439	151
498000	-12171.0052448606	20992.8072551394	319.6962154106036	0.7410767867609823	151
499000	-11658.136467541044	21335.121344958956	318.0520833279521	0.7429944213509792	151
500000	-11253.02818036382	21699.28431963618	317.65737414169513	0.7417891445186636	151
501000	-11130.970246721059	22189.10006577894	321.20252688443037	0.7414832889797474	151
502000	-11503.665440246055	22143.709559753945	324.35771508481895	0.7404160620325422	151
503000	-11253.528098898707	21489.280494851293	315.63777503975643	0.7411985935109439	151
504000	-11634.827236981015	21483.590731768985	319.25861614963316	0.7420205230046146	150
505000	-11641.545509458345	22128.415428041655	325.5394326657307	0.7421446598597502	150
506000	-11931.155462706927	21928.703912293073	326.4060456415482	0.7409011157630526	150
507000	-11462.66315459105	22261.59465790895	325.09885858834025	0.7398801585883946	150
508000	-12043.551644760591	21563.45616773941	323.96857897236146	0.7397032223616886	150
509000	-11815.838760820392	21474.715926679608	320.91799887342506	0.7402864681954646	150
510000	-11764.734857811127	21598.546392188873	321.6190764950366	0.740476386880195	150
511000	-11445.426233446167	22276.288610303833	325.07434459480345	0.7403016036449608	150
512000	-11759.630483151996	21918.947641848004	324.6585104463741	0.7399259768498143	150
513000	-11497.875317348458	21710.69499515154	320.12767675921384	0.7394795855251833	150
514000	-11818.727051370253	21269.085448629747	318.9635821413977	0.7402234469435657	150
515000	-11700.808324300218	22086.13308194978	325.70312288063815	0.7429027161395099	150
516000	-11949.389995638921	21305.69984811108	320.57612092055086	0.7412117044925151	150
517000	-11832.312155963155	22137.086281536845	327.46199250293137	0.740049514330903	150
518000	-12467.478867199097	21200.380507800903	324.5551826456596	0.7391791169228338	150
519000	-11940.098668264458	21922.709925485542	326.43447584910626	0.739965920717078	150
520000	-11782.970409070549	21338.89677842945	319.2918663129097	0.7414787174226101	150
521000	-11603.069005908561	21966.19661909144	323.60474762742587	0.7397527027155875	150
522000	-11332.007002673636	23038.821122326364	331.3317391385816	0.7413565180985159	150
523000	-11329.524034861475	22084.780652638525	322.11093791374384	0.7416539789204946	150
524000	-11402.127838757704	21874.751067492296	320.7861655533444	0.7409425221769842	150
525000	-11456.722187832696	21823.539530917304	320.81877556625204	0.7407699578637008	150
526000	-11848.627841653593	21642.504970846407	322.85155423460844	0.7407865884865568	150
527000	-11718.954020007921	21804.04597999208	323.15875109985217	0.7411671154256727	150
528000	-11936.317537270312	21485.15511897969	322.18003649767644	0.7403740966622473	150
529000	-12400.480307574733	20886.847817425267	320.8868950966793	0.7399944265815238	150
530000	-11782.61097109504	22153.92027890496	327.1451557262507	0.7390648195222306	150
531000	-11488.588513101276	22316.083361898724	325.8740430291232	0.7404061984554287	150
532000	-11448.179916839814	22012.616958160186	322.5591184837525	0.740535145280903	150
533000	-11841.354148414335	21744.700539085665	323.76659270303475	0.7395427572724824	150
534000	-11704.640458327252	22195.308760422748	326.7925081848181	0.7393178549086291	150
535000	-11944.641556488408	22015.47563101159	327.37252207490747	0.7417628588334768	150
536000	-11672.744667609106	21668.177207390894	321.40353410025176	0.7413410734230546	150
537000	-11633.610022799578	21977.741539700422	324.0104523376656	0.7400817401087112	150
538000	-11504.06949806062	22309.73128318938	325.96204487688914	0.7416881338404551	150
539000	-11698.960477679095	21594.500459820905	320.9460148660386	0.7409257495875899	150
540000	-12059.773369965318	21925.246161284682	327.61257846322917	0.7410110392958291	150
541000	-11898.183599708718	21674.04296279128	323.6332908026961	0.7418176199860764	150
542000	-11319.181317751063	22017.986650998937	321.36734677645927	0.7418359259725807	150
543000	-12081.055853844213	21788.819146155787	326.5025953795336	0.7416109842510655	150
544000	-11535.557252952887	22188.606809547113	325.09795484664306	0.7397407480033267	150
545000	-12129.975099935487	21376.735837564513	323.0017259799617	0.7396265771339562	150
546000	-12019.199962002516	21366.276600497484	321.83303734185137	0.740156696940636	150
547000	-12115.430599635467	20910.143619114533	318.3636106221616	0.7405341412417767	150
548000	-11714.972427858273	21637.519759641727	321.51507088804925	0.7399416820246292	150
549000	-11386.221913217625	22533.996836782375	326.98790467093596	0.7399432153930238	150
550000	-11770.887969512842	21846.13546798716	324.06512871034687	0.7424604421648692	150
551000	-11148.109776579484	21655.105067170516	316.2200859399928	0.741152690484138	150
552000	-11857.891287526232	21960.202462473768	326.0034287154406	0.7404742667937841	150
553000	-10994.018038725248	22367.001492524752	321.5972737265914	0.7391384310729593	150
554000	-11166.562196459912	21825.730772290088	318.0427823196517	0.7401500244925932	150
555000	-11346.633192695619	22038.96836980438	321.834242330781	0.7406318791027465	150
556000	-11984.072806578595	21477.130318421405	322.56303469777373	0.7400707108231235	150
557000	-11602.317883936805	22155.346178563195	325.42089187977984	0.7406300753453686	150
558000	-11974.044622365036	21301.627252634964	320.7745298789927	0.74069447846735	150
559000	-11815.543834520562	21721.725696729438	323.2963081173485	0.741610441636042	150
560000	-11234.004000034241	22968.30849996576	329.7072634378445	0.7404183708127438	150
561000	-11265.052274383605	22201.213350616395	322.6118367494231	0.7405649775957602	150
562000	-11282.625646507018	21919.55794724298	320.0661093560913	0.7401340049071798	150
563000	-12080.092787393078	21154.817368856922	320.38159052022615	0.7403762670924233	150
564000	-11846.343620478117	21796.820442021883	324.3171220202526	0.7414652155705015	150
565000	-11891.951908978052	21710.42309102195	323.9239190701576	0.7401474425058262	150
566000	-12319.654296292807	21310.712891207193	324.1937612785832	0.7402181169254437	150
567000	-11763.112247478275	21583.266658771725	321.45613939821027	0.7403606603466049	150
568000	-11655.599729815614	21683.958863934386	321.3903921897381	0.7410111239085171	150
569000	-11622.162017454859	22115.71688879514	325.23016472576427	0.7411360713570608	150
570000	-11643.522502661392	22175.93062233861	326.0165329700501	0.740346369029499	150
571000	-11910.548318668269	21516.59621258173	322.2347128703577	0.7405410924952321	150
572000	-11375.080773865746	21962.356726134254	321.36994503383875	0.7406307170078698	150
573000	-11883.504308734438	21234.94100376556	319.25887974096145	0.7413514138910113	150
574000	-11539.490910311462	21978.024714688538	323.10588221056526	0.7399072673840562	150
575000	-11784.029182913015	22032.916129586985	325.9923578796498	0.7398499120618481	150
576000	-11855.797577170713	21630.409454079287	322.80407013960075	0.7420647617161539	150
577000	-11552.796060493449	21812.66487700655	321.6400884894968	0.7410795076985957	150
578000	-11927.861776327773	21543.165567422227	322.6577392964607	0.7410527623353369	150
579000	-12569.540673334384	20897.717139165616	322.621401349052	0.7406162197573612	150
580000	-11902.617330636305	21827.913919363695	325.1593339702453	0.739927427238798	150
581000	-11987.882203240646	21280.289671759354	320.7022305432159	0.741148415010848	150
582000	-12353.416146009287	21942.271353990713	330.6073901682668	0.7408694608786455	150
583000	-11791.18073226302	21505.39739273698	320.97606427747087	0.7396563603996452	150
584000	-12154.786840708868	21950.412378041132	328.7711000072459	0.7388991221366795	150
585000	-12374.70852745598	20778.22897254402	319.59138137372713	0.7388656555917377	150
586000	-11961.348306767351	21503.33919323265	322.59662376418675	0.7405993147447486	150
587000	-12238.29167716857	21238.82551033143	322.71644485087535	0.7410433195319078	150
588000	-11871.659426386002	21328.356198613998	320.0452103293434	0.7404478739625276	150
589000	-11978.96217077307	21708.52611047693	324.74440356351323	0.7403007257850092	150
590000	-11579.687217813684	21583.012000936316	319.6854834779492	0.739331106252173	150
591000	-11881.659369571658	21831.88750542834	324.99560609943387	0.7402160106421474	150
592000	-12003.2497003405	21364.2776434095	321.6600084627395	0.7391178648803302	150
593000	-11778.803115998686	21276.267196501314	318.6479503536467	0.7395590472387804	150
594000	-12195.375049623137	21309.148387876863	322.9806386736934	0.7412519131865697	150
595000	-11558.475090104563	22016.001472395437	323.6549806034292	0.740428976101177	150
596000	-12307.922085476923	21603.460727023077	326.9027270159738	0.7398410036952238	150
597000	-12071.356872907083	21360.604064592917	322.2811426000519	0.7396701430968899	150
598000	-11702.012832569599	21718.8699799304	322.1743504561648	0.7391896555200198	150
599000	-11745.489852690953	22036.150772309047	325.6520238188416	0.7401889476991544	150
600000	-11897.174111965753	21828.638388034247	325.1138456381524	0.7406154564112708	150
601000	-12288.486990069505	21179.856759930495	322.631869690378	0.7410814032529272	150
602000	-11931.311720157799	22044.5320298422	327.5241247446146	0.7404067488920827	150
603000	-11591.010598555265	21582.360495194735	319.7883594078151	0.7406932681031727	150
604000	-11934.681964494463	21940.685223005537	326.55553958062853	0.741331409391801	150
605000	-11139.071760608058	22410.779801891942	323.417597784295	0.7397819416063218	150
606000	-11999.515830780962	21011.14823171904	318.219878036401	0.739329616999457	150
607000	-11376.125957831915	22010.854510918085	321.8475348649108	0.7383791292540123	150
608000	-11767.667507204169	22080.77389904583	326.2959774340087	0.7393616716590903	150
609000	-11773.84309991484	21485.06705633516	320.6129483947122	0.7392837743390515	150
610000	-12220.31453331851	21178.59171668149	321.96249833997695	0.7402469397557667	150
611000	-11529.22437198169	22303.38109676831	326.14332039898807	0.7407077227814678	150
612000	-11442.625017018581	21812.85154548142	320.57984885505186	0.7418481947830179	150
613000	-11541.997063409304	21965.288092840696	323.00726139785706	0.7417814009190742	150
614000	-11735.640673474001	21385.859326526	319.28832665792896	0.7413031594826235	149
615000	-11590.153432553867	21596.877817446133	319.9200421042796	0.7393158621796904	149
616000	-11920.864672848082	21409.07282715192	321.29764569806184	0.7394098917300957	149
617000	-11727.420149650075	21747.470475349925	322.6949809855666	0.7404743355188173	149
618000	-11535.215884335514	22215.998959414486	325.35872198219255	0.7399602370812927	149
619000	-11778.113453299738	21744.66389045026	323.15660471332126	0.7411582728384789	149
620000	-11665.739320198481	21986.93646105152	324.4088141466155	0.7405161244142335	149
621000	-11771.551398751035	21503.515007498965	320.76869321386494	0.7391298561346132	149
622000	-11465.775752637186	22315.052372362814	325.64419139079916	0.740054495544338	149
623000	-11956.413992211164	21898.171945288836	326.35521017108005	0.741479945032099	149
624000	-12347.376767038542	21329.533389211458	324.64243137534453	0.7412911826246887	149
625000	-11454.519930361595	21404.983975888405	316.76270751736007	0.7408119758325408	149
626000	-11766.984174716112	22222.75801278389	327.65810445122617	0.740424340471903	149
627000	-11479.85792501457	21716.70457498543	320.0119225101627	0.741637010443944	149
628000	-11883.777689007227	21585.331685992773	322.6392502475719	0.7432192981783801	149
629000	-11382.694507516164	22366.407054983836	325.33835013810125	0.742708086335375	149
630000	-12004.448344767734	21699.739155232266	324.90538255332893	0.7407515709800899	149
631000	-11653.348428698548	22306.034383801452	327.36544276494595	0.7406616895295002	149
632000	-11732.962736003858	21979.662263996142	324.986719306078	0.7406452973648656	149
633000	-12499.797075046401	21351.9216749536	326.327570737507	0.7425014078672174	149
634000	-11368.537645516568	22066.774854483432	322.31345136572725	0.7396677749196875	149
635000	-11778.791872510628	21924.35656498937	324.8953660828515	0.7392074269301556	149
636000	-11509.716233183106	22179.057204316894	324.75679235594583	0.7395443555801048	149
637000	-11604.880781097629	21955.37312515237	323.5178754567814	0.7394289268732602	149
638000	-11691.9731766177	21891.3354171323	323.7401206024873	0.741297104684277	149
639000	-11939.504248873389	21210.53481362661	319.56344069292163	0.7414385522818526	149
640000	-11922.13220507896	21897.39123242104	326.01721077632305	0.7416395810270784	149
641000	-11376.114633498597	22102.869741501403	322.73444437301146	0.7412133082729085	149
642000	-11778.09841506835	21203.78049118165	317.9423916794531	0.7399119187020001	149
643000	-11513.403143698408	22074.479668801592	323.78421566613036	0.7417073674369752	149
644000	-11984.694735651312	21562.227139348688	323.38935585625717	0.7420370647676534	149
645000	-12212.87480836542	21159.28925413458	321.70470602084737	0.7420384996541964	149
646000	-11516.872944956354	22239.877055043646	325.41208039823204	0.7426137809559843	149
647000	-11676.248216259526	20984.199049365474	314.8438191308044	0.7421806389477268	149
648000	-11552.800572698936	21934.758021051064	322.81709908240225	0.7423895330058675	149
649000	-11604.237712380418	21961.117756369582	323.5670540674713	0.7410859351812582	149
650000	-11498.308677610592	22416.976478639408	326.94034526412025	0.7415923551837464	149
651000	-11105.397910392436	22485.684120857564	323.8150558515477	0.7408264587995522	149
652000	-12253.831359357224	21506.824890642776	325.44973630228253	0.7417948087787295	149
653000	-11938.23208038049	21505.28354461951	322.39252876423325	0.7423159385304952	149
654000	-11747.77883410675	21893.61960339325	324.30010155162176	0.7412263367073566	149
655000	-12030.688430500973	21669.186569499027	324.8638104352573	0.7402163346052686	149
656000	-11439.994906187814	22304.801968812186	325.2968533318376	0.740322849858201	149
657000	-11395.569589597231	22116.59056665277	323.05425596611207	0.7395352964386478	149
658000	-11946.815878527646	21658.785683972354	323.9550228469033	0.7410336431900015	149
659000	-11935.911025021458	21168.686631228542	319.12538956110257	0.7415121814133324	149
660000	-11849.449322899221	22037.60145835078	326.6681683896435	0.7406822239459903	149
661000	-12031.881116419856	21578.876696080144	324.00472864024994	0.7417170140125399	149
662000	-11948.10777409951	21674.10706965049	324.1151734068299	0.7416213796704885	149
663000	-11361.638353757793	22684.635083742207	328.20306069464453	0.7399945385322803	149
664000	-11398.253610040818	22180.121389959182	323.69256119567154	0.7383129110048091	149
665000	-12242.161467060156	21986.385407939844	329.96016048944745	0.7398621632150841	149
666000	-11570.9945525449	21378.8452912051	317.6335379544312	0.740502311554069	149
667000	-11963.176571032207	21515.983585217793	322.73613888869374	0.7433801944823056	149
668000	-11992.768141024106	21872.466233975894	326.45786016552165	0.7410489915638567	149
669000	-11830.262329761405	21885.011107738595	325.01225000902417	0.7411971546909185	149
670000	-12264.020883351099	20637.3814603989	317.16660474420536	0.740904802768663	149
671000	-12237.821247847169	21436.94828340283	324.6217959399249	0.7420285059053121	149
672000	-11797.655993713008	21089.551037536992	317.02976318888597	0.7404766917508809	149
673000	-11661.309567242046	22267.413089007954	327.06988157405385	0.7409108206102566	149
674000	-11090.58855638263	23199.05597486737	330.5491364847008	0.7416543801734913	149
675000	-11922.71053276956	21854.74649848044	325.61169434560355	0.741766941994987	149
676000	-12023.70639117452	21620.84048382548	324.33045221028647	0.7419905941734086	149
677000	-11937.522079543909	21186.80604545609	319.3155895324615	0.7414241447393596	149
678000	-11545.062980160234	22143.761238589766	324.75728188269846	0.740733170857262	149
679000	-11928.121563613007	21493.663592636993	322.18304897000047	0.7407153698020762	149
680000	-12274.473805667425	20953.569163082575	320.31539144090544	0.7416053205629872	149
681000	-12158.622688744334	21420.041373755666	323.69534773257124	0.7407085080978113	149
682000	-11787.506760244665	21440.891677255335	320.31881812817403	0.7396267121103962	149
683000	-12002.504826012591	21887.31548648741	326.69486642561526	0.7402316794780195	149
684000	-11789.736838540935	21306.349098959065	319.0433373461766	0.7405897316135605	149
685000	-12293.766975579492	21138.553336920508	322.28460694322456	0.7399208279323267	149
686000	-12506.627314333804	20688.482060666196	319.99791451385596	0.7397395636364227	149
687000	-11827.268441730354	21915.864370769646	325.2808119167121	0.7415759602332396	149
688000	-12488.012801506266	20828.354385993734	321.1668290873905	0.7407304182825305	149
689000	-11693.836861220945	21773.827201279055	322.6253175630732	0.7406775558431753	149
690000	-11647.892055451637	21855.256382048363	322.96738379546764	0.7407918291484874	149
691000	-12319.014161264175	20709.048338735825	318.3875974330418	0.74146185705789	149
692000	-11260.178776467335	22131.661067282665	321.89437880954955	0.7400122703923216	149
693000	-11530.343227941834	21926.801303308166	322.52391021346534	0.740330756716795	149
694000	-11737.588661603455	21971.637900896545	324.9539586695541	0.7396864127755532	149
695000	-11742.991780943761	21857.25431280624	323.9033966024501	0.7399750699439516	149
696000	-12017.05365695164	21677.09087429836	324.80856922401523	0.7385570407019709	149
697000	-12244.236401010712	21052.931567739288	320.98175031898245	0.7407070240887164	149
698000	-12343.545060155331	21439.29868984467	325.6636218372892	0.7410078556709127	149
699000	-11796.737697811623	21317.801364688377	319.22122383691107	0.7412636381062142	149
700000	-12025.396846522228	20913.567997227772	317.52870391755465	0.7405191735224742	149
701000	-11515.949965709297	22037.612534290703	323.45337089314296	0.739096954206902	149
702000	-11613.155463437026	22187.700005312974	325.83725321086587	0.740434088080376	149
703000	-11928.362066704547	21718.794183295453	324.35560635419216	0.7410239850295287	149
704000	-12080.062817535305	21325.679369964695	322.0283961720652	0.740389194526959	149
705000	-11681.0864528261	21992.0932346739	324.6064699869763	0.7418889551188107	149
706000	-11352.570344567357	22706.968717932643	328.3309401447999	0.7402371220854912	149
707000	-12340.446195528726	20812.772554471274	319.5940925988187	0.7414788181417694	149
708000	-11728.795200568682	22215.532924431318	327.22031691073545	0.740982725498141	149
709000	-11610.26175041194	21893.20309333806	322.97043392369574	0.742098340320443	149
710000	-12163.603351200465	21352.365398799535	323.0909704725613	0.7414208970740828	149
711000	-12032.14349363069	21213.44244386931	320.48450410599605	0.7403168910638095	149
712000	-11807.959986576636	22159.020482173364	327.4386834983241	0.7412507853474191	149
713000	-11633.795354656235	21939.376520343765	323.6424035314763	0.7414302834575477	149
714000	-11672.330548331141	22148.11476416886	326.026097569679	0.7414171669407537	149
715000	-11645.088449198054	21949.005300801946	323.8440885535706	0.7400431505456376	149
716000	-11689.197643677995	22025.747668822005	325.00908691308393	0.7405243657367082	149
717000	-11907.13158057077	22159.75123192923	328.4017332444148	0.7404332028511119	149
718000	-11831.92368077446	21669.29897547554	322.94881943477077	0.7400517258609132	149
719000	-11616.455118422688	21672.888631577312	320.9063255431694	0.7414475673992796	149
720000	-11676.719101239112	22315.968398760888	327.6864970028803	0.7402746747370634	149
721000	-11602.97658113914	22431.77341886086	328.09197577769567	0.7405353449340921	149
722000	-11841.362981855986	21642.621393144014	322.78264393019606	0.7403596441710146	149
723000	-11621.571672012273	21499.701765487727	319.28614261549404	0.7399449744367956	149
724000	-12031.211432943412	21259.35887955659	320.9181494970412	0.7388350639246654	149
725000	-11685.440690531745	22334.387434468255	327.9481302242229	0.740843142519537	149
726000	-12358.273656822217	21266.898218177783	324.1436789261961	0.7406116906347822	149
727000	-11680.01575146272	21938.19518603728	324.0765761051782	0.7406306130194805	149
728000	-11755.774090902356	21936.577471597644	324.79128516405603	0.7394488294891776	149
729000	-11998.806513390038	21702.052861609962	324.873299723078	0.7401820652091547	149
730000	-12602.4257700069	21453.3867299931	328.29501641233577	0.7406910872568742	149
731000	-11653.794945924601	21463.8105228254	319.2507837215906	0.7412446711871613	149
732000	-12228.58484511543	20894.48156113457	319.3034266754532	0.7415003386661357	149
733000	-11888.768944444833	21900.504493055167	325.72560345535624	0.7407270210337562	149
734000	-11694.607662299008	21651.614993950992	321.45463316204825	0.7397603308211111	149
735000	-11907.743621940492	21616.63919055951	323.172081289886	0.7414724736308833	149
736000	-12231.053219543712	21151.06006170629	321.80061560846394	0.740553810087648	149
737000	-11982.139037724119	21904.78283727588	326.6669257448098	0.7409752364242542	149
738000	-11423.537934287218	22285.71206571278	324.95418460497837	0.7402163165849889	149
739000	-12061.901704271499	21200.5357957285	320.64695167606976	0.7393264944327042	149
740000	-11650.054082608898	21805.828729891102	322.51174735645697	0.739476912650378	149
741000	-11861.218317469873	21762.820745030127	324.13275871402146	0.7398794367789768	149
742000	-11624.225500762404	22087.090905487596	324.97410457822104	0.7393585502825617	149
743000	-11912.641348104982	20918.366464395018	316.48800769731196	0.7381239995299888	149
744000	-11883.99533249205	20782.03591750795	314.8976482456445	0.7399582372111984	149
745000	-12463.754620445427	21171.854754554573	324.244295501819	0.7406011204295351	149
746000	-12389.8630732054	21322.7072392946	324.9861921234213	0.7397521540816666	149
747000	-12347.191130310704	21405.855744689296	325.37638260119223	0.7389604690756987	149
748000	-12505.779702662607	21449.610922337393	327.3269584310064	0.7406413152200311	149
749000	-12246.546220736753	21002.418623013247	320.5170764629997	0.7394991036474199	149
750000	-12228.751167120645	21739.967582879355	327.45544037562655	0.7401016051675927	149
751000	-11812.408351432066	22155.443211067934	327.4470807649274	0.7406333053217368	149
752000	-12238.936202762881	21459.32942223712	324.8482962027885	0.7388139558548393	149
753000	-12221.12188905431	21687.90154844569	326.8799828499274	0.739533797739416	149
754000	-12122.448991909332	21268.785383090668	321.88854214442176	0.7407870371623769	149
755000	-12227.955799346615	20964.481700653385	319.97215787548544	0.7381920140318243	149
756000	-11933.644659232057	21049.855340767943	317.95801887963404	0.7393551410023227	149
757000	-11540.154370564036	22261.013598185964	325.8402656831899	0.7392664455646866	149
758000	-11692.878820160404	21748.300867339596	322.37001053361104	0.7401090860417482	149
759000	-12571.770481957647	21252.612330542353	326.06405472096185	0.7397720564747245	149
760000	-12023.556692277954	21667.611276472046	324.77987542512875	0.7397378340818591	149
761000	-12166.295685324876	21474.055877175124	324.2900097693363	0.7401081393570276	149
762000	-12200.073868509964	20907.043318990036	319.14967761921514	0.7407258359003139	149
763000	-12212.513378951233	20855.240527298767	318.7702190740986	0.7398285249634099	149
764000	-11975.386856387311	21446.58970611269	322.18489410929897	0.7397899758501008	149
765000	-11680.143574925023	22487.008768824977	329.3683226454863	0.7413603264008419	149
766000	-11833.397798745194	21386.485013754806	320.236728257344	0.7410172016545912	149
767000	-12492.621591813746	21146.144033186254	324.27472147229173	0.7407454180819258	149
768000	-12107.216051103896	21298.201917646104	322.025270732029	0.7406067686476918	149
769000	-11692.697735825554	22510.024920424446	329.7112173077698	0.7403063283904414	149
770000	-11742.966275313403	21805.752474686597	323.4066775721204	0.7406271951511836	149
771000	-12289.408482893428	21411.99776710657	324.8785715496451	0.7389727015203181	149
772000	-11690.632817915583	22075.347650834417	325.5010612995033	0.7391817285639825	149
773000	-11999.778716618428	21235.315033381572	320.3833603477165	0.7377487033020825	149
774000	-12265.561035982333	21158.017089017667	322.20033302995967	0.7397372986642885	149
775000	-11877.970200629963	21699.037611870037	323.67938162925384	0.7393464171477718	149
776000	-12235.968531524355	21053.269749725645	320.90530883376005	0.7391859860287083	149
777000	-12254.2482539817	20605.0017460183	316.7602598835968	0.7387983344659934	149
778000	-12357.766613948275	20967.870104801725	321.25618654770227	0.7401631244987734	149
779000	-12185.448854028888	21724.223020971112	326.88623372999973	0.7393121154070108	149
780000	-11870.984762385779	21917.98398761422	325.72266629484034	0.740381604875384	149
781000	-11501.3727158088	22510.7679091912	327.87402340505156	0.7395447325991242	149
782000	-12753.276208401483	21197.184729098517	327.2794366800947	0.7398323801211196	149
783000	-12146.934631729557	21638.643493270443	325.68998097012445	0.7401318432453208	149
784000	-11703.90797362168	21633.21312012832	321.36689490561065	0.7399833683870304	149
785000	-12164.965157120896	21589.616874129104	325.39118137148404	0.7406995751475179	148
786000	-12157.16731077159	21610.65300172841	325.51879723031107	0.7389614674411453	148
787000	-11780.373438921408	22056.833592328592	326.1876790539595	0.7377599033859455	148
788000	-11784.169769529835	21625.795074220165	322.0691022043438	0.737223688761334	148
789000	-11708.1203335342	21880.0085727158	323.78658798808556	0.7379855127927283	148
790000	-11991.356203660194	21533.417233839806	323.17584688029103	0.7403680245168914	148
791000	-12730.815716698591	20686.22334580141	322.1372970465792	0.740503013154439	148
792000	-11977.279989581031	21933.47001041897	326.89662675951763	0.7394108751037862	148
793000	-12577.383695066033	21157.612398683967	325.202374668575	0.7405911497276864	148
794000	-11874.518543526356	21459.997081473644	321.341778417609	0.7413609129734857	148
795000	-11958.292668586771	21722.17608141323	324.6767359039345	0.7422261120928418	148
796000	-12137.836458011065	21203.358854488935	321.4061700135353	0.7414663635628831	148
797000	-12255.647873448383	21353.715407801617	323.9912854825039	0.7412765141191456	148
798000	-12403.791859769553	21098.551890230447	322.9596266792333	0.7406997864228034	148
799000	-12161.004574949155	21417.600893800845	323.6947828940105	0.7401240032539129	148
800000	-12407.08299323055	20986.93263176945	321.91535314810574	0.7406109985324263	148
801000	-11976.411810119462	21730.47881488054	324.93144043893193	0.7395258101969135	148
802000	-12206.433535750199	21404.9883392498	324.0111301439385	0.7399665059828667	148
803000	-12076.028925316641	21622.64294968336	324.8522124168097	0.7410183283021178	148
804000	-12103.493784059829	21949.47887219017	328.2676405700911	0.7401661770407679	148
805000	-12601.152897663356	21014.933039836644	324.0560912933748	0.7408781541227962	148
806000	-12434.565305143595	21226.895632356405	324.493502274825	0.7397462275257823	148
807000	-11753.650048421405	21424.662451578595	319.83599412643895	0.7400689500901401	148
808000	-12032.971748887096	21353.934501112904	321.84681940273384	0.7407569349990831	148
809000	-11945.841319410072	21614.252430589928	323.51633156471536	0.7398454489896111	148
810000	-12089.937318188779	21737.03924431122	326.08905824125134	0.7401770584290588	148
811000	-11987.902737862256	21623.691012137744	324.0127870037167	0.7411986785147169	148
812000	-11976.90770981327	21350.35010268673	321.27181374788324	0.7379387607952963	148
813000	-12116.473112274252	21539.230012725748	324.4379974722546	0.7386593290600072	148
814000	-12186.568314193923	21709.283248306077	326.75300714146914	0.739718119633972	148
815000	-12615.725901382859	21176.26628611714	325.7518119645754	0.7397128623103257	148
816000	-11691.077579454868	22245.922420545132	327.1496744347368	0.7384889412130992	148
817000	-12407.010946490569	21156.86405350943	323.5527824798362	0.741279067787999	148
818000	-11923.260632580437	21656.915148669563	323.7099205674388	0.7414637522886446	148
819000	-12282.917923392146	21132.933639107854	322.12584965174784	0.7406100186943977	148
820000	-12134.294179587974	21482.674570412026	324.0646015276902	0.7410628312698285	148
821000	-12155.977888075868	21676.498674424132	326.1420777541544	0.7419966440145375	148
822000	-12219.087587331072	21983.447568918928	329.70940982437537	0.7397966189233247	148
823000	-12176.074791925435	21081.839270574565	320.60334613917934	0.7404124823611802	148
824000	-12370.583766806405	21169.869358193595	323.32699767914966	0.739978211916061	148
825000	-12179.134437504923	20929.463218745077	319.16394920685025	0.7405673409941049	148
826000	-11623.262636465719	21529.88970728428	319.5934524484499	0.7401746304012788	148
827000	-11959.510495002382	21630.20044249762	323.80183862922604	0.7417356433372038	148
828000	-11490.682519634196	21514.973730365804	318.1716031674083	0.7412097230012535	148
829000	-12276.858689904446	21428.938185095554	324.92089678579777	0.741141500283837	148
830000	-11881.791581703874	21478.286543296126	321.58819865371527	0.7391050281957547	148
831000	-11596.550597422582	21593.17596507742	319.9460246780744	0.7391098640996437	148
832000	-12321.897830989328	21591.68029401067	326.92388963405017	0.7377000077208988	148
833000	-12224.585870304145	21485.179754695855	324.9591551843131	0.7393208036010647	148
834000	-12360.560935828951	20710.70468917105	318.80407173183994	0.7411211733511133	148
835000	-11955.21262880339	21208.29518369661	319.69327825008764	0.7400825312964302	148
836000	-12246.064739691501	21359.8649478085	323.95818594284356	0.7394571349005776	148
837000	-12433.114690299612	21393.68218470039	326.087326069665	0.740355020206884	148
838000	-12018.577764889807	21343.027703860193	321.602922112199	0.7404602594711376	148
839000	-11885.232362267678	21425.525450232322	321.11275520917405	0.7404407417056592	148
840000	-12304.877074652177	21044.154175347823	321.4817077570605	0.739490931473353	148
841000	-12443.23770010611	21261.30917489389	324.90884689650164	0.7402375102166004	148
842000	-11928.618938607222	21160.310748892778	318.97435172995614	0.7416188658101639	148
843000	-12071.401888459513	21797.391080290487	326.4921646941116	0.7409100833026278	148
844000	-11755.23346811562	21730.78215688438	322.8022250003023	0.7411351817792766	148
845000	-11990.68834811356	21499.75305813644	322.8448891395915	0.7397372894144503	148
846000	-12196.40013712633	21166.54517537367	321.6158380872883	0.7417701138544679	148
847000	-12217.232501451334	21127.548748548666	321.44073813345364	0.7378199181692472	148
848000	-11579.120101479988	21848.629898520012	322.2405495354855	0.7379588857377037	148
849000	-12395.563056185143	21582.374443814857	327.5443083091857	0.739127113156438	148
850000	-12043.284357617202	21908.9109548828	327.2961559014931	0.7407095097655848	148
851000	-12463.850512082572	20715.571362917428	319.84668840318926	0.7399171185078561	148
852000	-12085.606246573792	21299.342972176208	321.82795379480456	0.7396453606584656	148
853000	-11948.838664362323	21089.829304387677	318.4898332125388	0.7382673075409808	148
854000	-12062.607962308277	22197.931100191723	330.2685623436207	0.7397318793241271	148
855000	-11675.453324209608	21964.085738290392	324.28217734129373	0.7409200134069612	148
856000	-11808.15775822592	21730.19380427408	323.30673880277044	0.7415277341576371	148
857000	-11476.95990262524	22116.85259737476	323.841377328479	0.7406858550333112	148
858000	-12479.542090725037	20948.489159274963	322.2432607605772	0.7413902822800402	148
859000	-12419.515798864886	21525.406076135114	327.22604060815115	0.7408176420461874	148
860000	-12511.146859333268	20792.72032816673	321.046330194429	0.74103809324545	148
861000	-11792.619375072769	21761.45484367723	323.45830381657356	0.7409340068179873	148
862000	-12042.980272171902	21653.761915328098	324.8336104002088	0.7414784507659129	148
863000	-12152.722136925731	21502.52786307427	324.4336293873847	0.7396396989180296	148
864000	-11931.640878362465	21297.070059137535	320.32183060049806	0.7409518972973176	148
865000	-11790.593835982785	21535.078039017215	321.25652545083875	0.7394880648611334	148
866000	-11531.057003238879	21895.59534051112	322.22996822644734	0.7406954852617229	148
867000	-11742.142407301231	22065.00993644877	325.8979545281952	0.7404148966732407	148
868000	-11714.016693985148	21909.198149764852	324.1248133182669	0.7388200889895067	148
869000	-11635.583641826874	22039.982764423126	324.62947774435116	0.7392783704956656	148
870000	-12319.760110371746	21495.071920878254	325.9719860355584	0.7391862389635665	148
871000	-12545.477522868081	21120.17482088192	324.5339070598711	0.7393982892603393	148
872000	-12306.211732453841	21348.45233004616	324.42798100177714	0.7401666367416875	148
873000	-11411.29057588795	22341.42036161205	325.37314419344386	0.74071435872527	148
874000	-12417.470067452989	21236.98305754701	324.42594758295843	0.7421999791007952	148
875000	-11719.885269553459	21921.35691794654	324.29859531545975	0.7416891211936918	148
876000	-11815.417531537998	21855.711374712002	324.58670063734985	0.7413435968359916	148
877000	-11906.034717395494	21660.371532604506	323.5771835056609	0.7416579770802181	148
878000	-11503.25146358565	21892.10400516435	321.928269123195	0.7421733674211856	148
879000	-11645.970971820061	21894.98605942994	323.3318552907721	0.7411498556221473	148
880000	-12565.370158496546	21049.161091503454	324.04110424356264	0.7414244523481731	148
881000	-11658.898770852538	21750.22622914746	322.0610061849729	0.7394618965976091	148
882000	-12375.85832296143	20829.77448953857	320.0993595193679	0.7415061107816322	148
883000	-11711.6384112683	21583.2678387317	320.95994755053727	0.7405732263492304	148
884000	-12071.680603626533	21096.374083873467	319.7371097224024	0.7402091069839011	148
885000	-12053.047691058891	21747.89762144111	325.838119296659	0.740002733657558	148
886000	-11904.40631103405	21376.89056396595	320.82875438082544	0.7400072495479098	148
887000	-11952.669357786013	21581.666579713987	323.2680285334066	0.7400826133908976	148
888000	-11722.032664030266	21575.057179719734	320.98099720090147	0.7398966959975569	148
889000	-12172.621252744924	21632.952966005076	325.8827415429588	0.7398347471195309	148
890000	-12245.026502003893	21052.985216746107	320.98988399425735	0.740830051234013	148
891000	-11976.344830107235	21610.569232392765	323.77487700192586	0.7402627593775511	148
892000	-11615.011123736214	21626.457626263786	320.44481478312684	0.7407923631576535	148
893000	-11746.581648639985	21892.644913860015	324.2791648689697	0.7404952577310463	148
894000	-12096.114512721193	21548.260487278807	324.32879535050824	0.7401128149765716	148
895000	-11882.32814216963	21653.92185783037	323.28647992639134	0.7405345594424206	148
896000	-12121.315342319082	21093.80965768092	320.1908633662106	0.7409235635066975	148
897000	-11797.325598501018	21098.51033899898	317.11294508093346	0.7407160678065705	148
898000	-12413.238425695105	21359.472511804895	325.5659424221823	0.740440220075024	148
899000	-11810.545057746407	22071.244004753593	326.61744588688754	0.7409304323975627	148
900000	-12215.55680729443	21377.32209895557	323.8323775674109	0.7409171506517157	148
901000	-12327.241110435512	21264.618264564488	323.82254937645376	0.7401763792134833	148
902000	-12197.931362803269	21031.16238719673	320.325520879095	0.7390219796566913	148
903000	-12465.706774299731	21078.31666320027	323.3614151754517	0.7397509158861246	148
904000	-12301.458677367715	21463.424135132285	325.4904799904651	0.7393419664959787	148
905000	-12551.01646312006	21391.96791187994	327.2073632797421	0.740644377809958	148
906000	-11984.842794844706	21439.516580155294	322.20786421076974	0.7402766020947716	148
907000	-12134.981834130595	21632.440040869405	325.5149563280979	0.7397390505592952	148
908000	-11781.373828930082	22109.89179606992	326.7087991101139	0.7399444681449711	148
909000	-11283.079409932892	22124.022152567108	322.0415004266748	0.7399483265497211	148
910000	-11650.271506073594	21950.841775176406	323.9117562131493	0.7389374214091639	148
911000	-11906.642752374173	21735.322091375827	324.30556165770906	0.7401634106689977	148
912000	-12059.213265220344	21175.802359779656	320.38260722963554	0.7407920407884478	148
913000	-12318.796960466949	20667.17178953305	317.981817410994	0.7398880945856181	148
914000	-12231.464869019808	21756.52731848019	327.6412346062116	0.74152966991659	148
915000	-11996.859176975617	21777.418166774383	325.5810424397065	0.7408422399550724	148
916000	-12939.340944146505	20419.315305853495	321.57449190464087	0.7417609599538838	148
917000	-12787.19397178432	20386.75915321568	319.7939701375186	0.7423448244669585	148
918000	-12098.8726317634	21233.1351807366	321.3176033272086	0.7412591525835471	148
919000	-12319.659656380652	21092.699718619348	322.0921852735267	0.7411020093111638	148
920000	-12187.24731688993	21971.13549561007	329.283785140893	0.7410960719186553	148
921000	-12808.822485021374	20729.548608728626	323.3069270822907	0.7412731317671386	148
922000	-12818.230949813791	21214.87842518621	328.0761602979945	0.7400621709983803	148
923000	-12011.83235827752	21562.62076672248	323.65475466800484	0.7386967764896667	148
924000	-12441.831218794687	21161.715656205313	323.9352158413727	0.7389888520130434	148
925000	-12540.250916082063	20803.803771417937	321.43373413530026	0.7397050137871275	148
926000	-12029.243027555407	21808.194472444593	326.18990075229846	0.7385726852182121	148
927000	-11879.353250777232	22220.845967972768	328.7229004500613	0.7389944134150539	148
928000	-12065.150048488518	21487.49057651148	323.444484099787	0.7391071533169493	148
929000	-11934.538912848686	21773.695462151314	324.94439406992524	0.7392417103491851	148
930000	-12234.724942552042	21515.685213697958	325.35096486595813	0.7395100097234436	148
931000	-11414.14751732623	21800.18060767377	320.18318156178424	0.7391457481732419	148
932000	-11737.46922352456	21995.05421397544	325.1785384813111	0.7407471888687368	148
933000	-11766.40121716389	22410.93472033611	329.4664915873458	0.7409366476314097	148
934000	-12220.977610882022	21448.002857867978	324.5659898901221	0.7405513987536011	148
935000	-12300.236744615424	20893.786692884576	319.98744617252987	0.7399457227428328	148
936000	-11926.748867486021	21370.28628876398	320.9804700182448	0.7416213541284868	148
937000	-11718.256617649808	21815.352757350192	323.26102453525317	0.7419833779990855	148
938000	-12142.53061078908	21047.66079546092	319.9505057306564	0.7412714809132754	148
939000	-12250.720624006237	21539.287188493763	325.73268276531775	0.7417878904870497	148
940000	-12160.403864422173	21373.381291827827	323.26271905093546	0.7401086413603062	148
941000	-13018.793562839855	19699.071671535145	315.3973232644422	0.7405337329162113	148
942000	-12153.815160382946	21010.950464617054	319.7054034511919	0.7399297187013331	148
943000	-11950.426769919985	21997.096667580015	327.2511194402488	0.7390748534243041	148
944000	-12920.463798947865	20630.036201052135	323.4238486643674	0.7406961858748374	148
945000	-12704.891377372202	21170.1594038778	326.55248945240044	0.7408644607456901	148
946000	-12424.694930304599	20903.2894446954	321.2788177460366	0.7404295137982306	148
947000	-12098.75199165463	20911.36910209537	318.214643865738	0.7410509826048413	148
948000	-12411.761708635895	21009.910166364105	322.181956948783	0.7395302561599245	148
949000	-12093.021270402707	20850.236542097293	317.57008775610615	0.7401532739052276	148
950000	-12396.509464616072	21082.459285383928	322.73429374939525	0.7411477920742048	148
951000	-11839.741432891984	21936.188254608016	325.5969708871199	0.7401706027219799	148
952000	-12077.884274382784	21519.912600617216	323.87978635061046	0.7399690841811148	148
953000	-12006.064922945923	21754.692889554077	325.45071535578785	0.7407987453271911	148
954000	-12723.68687664863	20960.28577960137	324.7105132498678	0.7395851048097685	148
955000	-12246.02456828684	21187.59652546316	322.29714635927337	0.7402526375770913	148
956000	-12424.42065806361	21537.19652943639	327.38698194206285	0.7399372784528124	148
957000	-12025.231965955056	21210.353971544944	320.3881049916269	0.7394930110911582	148
958000	-12073.309164057195	21185.331460942805	320.6103501373327	0.7407846127251293	148
959000	-12126.239285473304	21280.409152026696	322.0371323418049	0.7395403348024572	148
960000	-12152.638490571	21758.330259429	326.8987354901445	0.7397231950253785	148
961000	-12172.263040155172	21571.443991094828	325.2863473346075	0.7398407060387432	148
962000	-12312.630008406355	21312.612179093645	324.1443567324691	0.7410587737126565	148
963000	-12299.98894759576	21088.75323990424	321.8645176776376	0.7396727220743349	148
964000	-11752.891566768638	21593.963901981362	321.4607334185044	0.7385597295989783	148
965000	-12016.374141339678	21917.98913991032	327.1242566995027	0.7383847899066367	148
966000	-12143.718618549523	21584.179818950477	325.13395389091534	0.7405611679285228	148
967000	-12225.987701629638	21381.352142120362	323.97177972420576	0.7399813516761283	148
968000	-11466.104311844276	22763.868344405724	329.97390489442586	0.740624028644042	148
969000	-12077.028144136886	21382.682793363114	322.5486501424264	0.7414683684544662	148
970000	-11851.316697551112	22063.206739948888	326.9330023628304	0.7400581660655865	148
971000	-12276.896885358787	21569.474208391213	326.2760198048619	0.7413020448451727	148
972000	-12288.679959883157	20731.874727616843	318.31522278545674	0.7403494861415741	148
973000	-11853.43733267748	22188.62907357252	328.16250528598215	0.7416088802091153	148
974000	-11737.349459557445	22347.103665442555	328.5711095008338	0.7406735133143633	148
975000	-12055.545115038985	21628.169728711015	324.70802796020047	0.7416985172794531	148
976000	-12338.527034188039	21299.83624706196	324.2708429141746	0.7407657736230978	148
977000	-12141.70713312627	21315.29677312373	322.5225546009195	0.7404464342632076	148
978000	-11908.356239727931	21431.69844777207	321.3951744895526	0.7408433272959941	148
979000	-12467.338326758589	21028.93511074141	322.9011094043388	0.7415462613114483	148
980000	-12348.997060969996	20683.229501530004	318.4277386267596	0.7411628199474114	148
981000	-11869.116378681734	21526.563308818266	321.9313945632312	0.7397592971844827	148
982000	-12503.691038966528	20900.012086033472	322.00873979015086	0.741736899637009	148
983000	-12022.38935446972	20828.73564553028	316.68193560317184	0.7406029605108483	148
984000	-12325.285270997614	21557.484260252386	326.6268975188041	0.7404964447914235	148
985000	-11984.981996537244	21747.518003462756	325.17831254588674	0.7417346310093367	148
986000	-12374.445295645564	21294.000016854436	324.5608310312672	0.7414637146489178	148
987000	-12343.525502655306	21143.579966094694	322.81273099753236	0.7405832647442584	148
988000	-12290.36004108435	21756.40949016565	328.20784299445893	0.7399770739468029	148
989000	-12144.12781428732	20879.86046696268	318.3483223251171	0.7408462640582346	148
990000	-11414.997339506052	22000.47922299395	322.122234684959	0.740337884691615	148
991000	-12122.859120647248	21364.62525435275	322.8163836202253	0.7410454347918877	148
992000	-12216.112304917071	21173.58300758293	321.8737057182259	0.7394698534890877	148
993000	-12006.022849140572	21563.184182109428	323.6041827888651	0.741211443690772	148
994000	-11657.404541989497	22112.814208010503	325.54191795539805	0.7405405724083511	148
995000	-12224.885451075854	21071.723923924146	320.9763655247033	0.7411085461670295	148
996000	-11630.313022378308	21870.52682137169	322.94512915617383	0.7404150030415598	148
997000	-11923.05064599315	21921.88294775685	326.2621624321713	0.7420271314011896	148
998000	-12381.612663569336	21678.731086430664	328.3386972610343	0.742318326564259	148
999000	-12423.743771538022	20988.107790961978	322.0872900060001	0.7411748957674624	148
1000000	-11788.905959273921	21959.25810322608	325.32931272112916	0.7409388178045329	148
#   HarmonicBondForce 8630.025948524475 kJ/mol
#   RBTorsionForce 2631.8585891723633 kJ/mol
#   NonbondedForce -14853.95922122919 kJ/mol
#   LennardJones -25932.260519783023 kJ/mol
#   CMMotionRemover 0.0 kJ/mol
#   HarmonicAngleForce 17380.23860168457 kJ/mol
#   LennardJones14 355.1758728027344 kJ/mol
#   MonteCarloAnisotropicBarostat 0.0 kJ/mol
# state saved to state-eq.xml

# 2026-01-08 14:02:53.488270
