nohup: ignoring input
# 2025-12-04 11:09:07.832768

# field.xml config.pdb
#   401 molecules 6160 atoms 6640 bonds
#   box 4.1888 4.2678 10.0 nm
# Langevin integrator 300.0 K
#   barostat (1.0, 1.0, 0.0)
# coordinates and velocities from state-eq.xml
# platform CUDA
#   DeviceIndex 0
#   DeviceName NVIDIA GeForce RTX 2080 SUPER
#   UseBlockingSync false
#   Precision single
#   UseCpuPme false
#   CudaCompiler 
#   TempDirectory /tmp
#   CudaHostCompiler 
#   DisablePmeStream false
#   DeterministicForces false
# PotentielEnergy -52281.459065598094 kJ/mol
#   HarmonicBondForce 5267.388977050781 kJ/mol
#   RBTorsionForce 3166.138906478882 kJ/mol
#   NonbondedForce -58521.8818012274 kJ/mol
#   LennardJones -17531.879869045984 kJ/mol
#   CMMotionRemover 0.0 kJ/mol
#   HarmonicAngleForce 8187.794769287109 kJ/mol
#   LennardJones14 7150.980196177959 kJ/mol
#   MonteCarloAnisotropicBarostat 0.0 kJ/mol
#"Step"	"Potential Energy (kJ/mole)"	"Total Energy (kJ/mole)"	"Temperature (K)"	"Density (g/mL)"	"Speed (ns/day)"
1000	-52613.36155742413	-32158.697494924127	302.28305196346855	0.5101741257853389	0
2000	-52268.05805754583	-32410.41743254583	293.4601220815704	0.5104265737301378	126
3000	-52532.76686900117	-32419.35280650117	297.23999228928653	0.5104097851402412	128
4000	-52455.07966425327	-32194.456617378273	299.41547563808905	0.5105600589460744	130
5000	-52226.64027873329	-31765.96645060829	302.3718654628817	0.5106975587356098	131
6000	-52626.9187551665	-32468.2918020415	297.9081572869837	0.5113272762891101	132
7000	-52090.15896437029	-31676.46755812029	301.6775499840444	0.5103945684222149	132
8000	-52598.864389658236	-32127.684702158236	302.5271231207767	0.5105882804719956	133
9000	-52094.87338566466	-31395.264010664658	305.90290200844635	0.5112283476266515	133
10000	-51854.63547372456	-31264.985083099557	304.2779064922102	0.5105406124657539	133
11000	-52558.550729569244	-32123.283151444244	301.9964068992269	0.5107793522881038	133
12000	-52598.368222088066	-32007.516659588066	304.2956576466266	0.5113425691804329	134
13000	-52651.540155209805	-32350.817498959805	300.00807555893743	0.511007847576913	134
14000	-52667.213318253496	-32315.666443253496	300.7591658682413	0.5106232272168497	134
15000	-52482.77931325632	-32064.853532006317	301.7401264113202	0.5108716208497035	134
16000	-52703.643164733476	-32097.248633483476	304.52535469840734	0.5111919108032026	134
17000	-52471.01330243699	-31996.192989936993	302.5809249936744	0.5107644564540386	134
18000	-52514.320154408604	-32422.542810658604	296.9202406004668	0.5106612840807062	134
19000	-52935.63416212973	-32603.341193379732	300.474627851597	0.5109853283302863	134
20000	-52735.67503200614	-32473.57932888114	299.43723884204013	0.5102391495045295	134
21000	-52696.329808369774	-32083.458714619774	304.621066613927	0.5106009750631095	134
22000	-52732.97388189601	-32184.91138189601	303.66331245808504	0.5108332265109506	134
23000	-52154.32912332104	-31834.95802957104	300.2836658392093	0.5111363091720021	135
24000	-52685.61193046333	-33147.05333671333	288.7446650132833	0.5107558911085409	135
25000	-52818.10147763683	-32214.515540136832	304.4838487471054	0.5108296550597315	135
26000	-52525.12771302792	-32280.31911927792	299.1817665367735	0.5107687349401332	135
27000	-52352.412994876264	-32290.955963626264	296.47216105386656	0.5105412469680365	135
28000	-52574.98702243785	-32358.334678687846	298.76566793178836	0.5103580046316221	135
29000	-52750.5194081803	-32493.5037831803	299.36216444750863	0.5107022901213882	135
30000	-52849.41745183514	-32406.444795585143	302.11027406048294	0.5111165775218094	135
31000	-52630.48085343282	-32343.19569718282	299.80949353880027	0.5111086038849691	135
32000	-52752.71397760662	-32042.407336981618	306.0609883055817	0.5110698549835218	135
33000	-52836.59761323249	-32597.956988232487	299.09061508043726	0.5105364220735752	135
34000	-52618.62610557774	-32554.891730577743	296.5058160880933	0.5110412196500497	135
35000	-52363.99031525958	-32064.92781525958	299.98354144307746	0.5109462480747639	135
36000	-52964.25149381062	-32777.25930631062	298.32734430420066	0.5100109877527134	135
37000	-52456.50043570617	-32275.05317008117	298.2454003572283	0.5105610067444669	135
38000	-52557.361702802235	-32261.631234052235	299.9343000293632	0.5109601267147127	135
39000	-52393.848325287276	-31849.820981537276	303.6036801247124	0.5103925803868821	135
40000	-52764.121654976734	-32583.338451851734	298.2355867108844	0.5111949080012091	135
41000	-52783.92898227457	-32668.13991977457	297.2750905067992	0.51112509487146	135
42000	-52753.92491718764	-32746.174917187644	295.6784679739635	0.511312928888968	135
43000	-52726.52972821926	-32607.221134469262	297.3271028324224	0.5108595897503946	135
44000	-52542.33683698879	-32604.86418073879	294.63989555411223	0.5110162903331887	135
45000	-52814.12657554216	-33217.36485679216	289.6048022516683	0.511162509527245	135
46000	-52669.99511455488	-32677.370114554877	295.45494774664627	0.5105988144262542	135
47000	-52273.135422686435	-31730.268235186435	303.5865351072762	0.5100185335745601	135
48000	-52672.47076538827	-32129.822327888272	303.5833023767158	0.5109302385993036	135
49000	-52722.36615765492	-32586.53803265492	297.57123171706195	0.5107894064600895	135
50000	-52482.061414976284	-31899.108289976284	304.1789329824645	0.5105605742173317	135
51000	-52418.09300002445	-32212.964093774448	298.5953723040544	0.5114456805767177	135
52000	-52561.83751001158	-32320.38438501158	299.13217875907065	0.5110111451922307	135
53000	-52347.95360885876	-32035.408686983763	300.18278732752617	0.5113396660717654	135
54000	-52912.58828988137	-32306.820711756372	304.516089461712	0.510908560407926	135
55000	-52303.18241054575	-31690.31717617075	304.6209800229298	0.5104275772243707	135
56000	-52143.757832518895	-32562.429707518895	289.37672156516766	0.5101538020750002	135
57000	-52674.24282155204	-32294.58657155204	301.1745717452492	0.5107594754045736	135
58000	-52528.119445069526	-32193.662413819526	300.50660879321214	0.5111886625644712	135
59000	-52845.25628501472	-32514.500425639722	300.4519121466773	0.5105871639275571	135
60000	-52628.51630703475	-32542.852244534748	296.82989732677066	0.5104053089455026	135
61000	-52596.283262562254	-32441.435606312254	297.85230609382006	0.5118310901102426	135
62000	-52680.55326345903	-32490.678263459027	298.3699470747999	0.5114415931396061	135
63000	-52866.821884638055	-33110.517197138055	291.96255964947756	0.5107905455596538	135
64000	-52269.06081650299	-31788.56862900299	302.6647450789183	0.5110637911826384	135
65000	-52558.72118398262	-31989.89501210762	303.970162088329	0.5103549377532961	135
66000	-52974.64080109322	-32799.36736359322	298.15416230989496	0.5106822657732875	135
67000	-52209.7916029753	-31978.037696725303	298.98884179511697	0.5101454685979412	135
68000	-52876.48907634847	-32317.242982598473	303.8285858079841	0.5107511092602783	135
69000	-52390.10081116607	-32194.24729554107	298.45829875556143	0.5103903880891847	135
70000	-52642.764499300014	-32153.717624300014	302.7911679347615	0.5104480692523459	135
71000	-52369.859724521724	-32140.285505771724	298.9566299441761	0.5107845162942091	135
72000	-52880.129406060565	-32682.061046685565	298.4910301524852	0.5102013528750915	135
73000	-52683.082274456705	-32373.215086956705	300.14321524182736	0.5109923325461541	135
74000	-52835.46431126669	-32594.58931126669	299.1236351140182	0.5109774146374942	135
75000	-52945.31936203136	-32600.92873703136	300.6534093970519	0.5107357399916965	135
76000	-52477.79659912541	-32027.67550537541	302.2159150770094	0.5104265682471596	135
77000	-53007.41043369225	-32446.529574317246	303.85274469618975	0.5101517535206498	135
78000	-52810.16698976446	-32521.30761476446	299.8327576533686	0.5096793227241396	135
79000	-53012.81995059969	-32777.52698184969	299.04114275739727	0.5102770691982587	135
80000	-52745.54855429958	-32209.30636679958	303.48862955316196	0.5103992864128688	135
81000	-52703.015463294716	-32222.179525794716	302.6698250840846	0.5107280304467705	135
82000	-52825.60062850341	-32579.07719100341	299.2071088352736	0.5103921146825698	135
83000	-52827.77763035629	-32550.127239731293	299.66710907581523	0.5108084557120252	135
84000	-52684.60003663015	-32318.969177255152	300.96730176173105	0.510709282057697	135
85000	-53011.05625266632	-32477.81211204132	303.4443238262854	0.5114473113435442	135
86000	-52621.158405553564	-32564.338093053564	296.4036387114529	0.5102976472312557	135
87000	-52697.09238913934	-32589.19395163934	297.15848129730006	0.5104891055539558	135
88000	-52849.925294608176	-32053.097169608176	307.3396198332065	0.5097142732923	135
89000	-52555.14369096337	-32026.56165971337	303.3754262562175	0.5098745237960169	135
90000	-53094.96298844142	-32728.132910316417	300.9850240524816	0.5105186491426137	135
91000	-52631.40377536223	-32507.165494112232	297.3999547246936	0.5107123948364901	135
92000	-52627.59886185517	-31979.25901810517	305.1452307833589	0.5097539845237302	135
93000	-52730.094051955704	-32237.461239455704	302.844161625019	0.509531167602116	135
94000	-52531.357301395175	-32132.408082645175	301.4596870352079	0.510261720790083	135
95000	-52372.28286242913	-32075.20473742913	299.95421595870835	0.5103680232631577	135
96000	-52677.93963332195	-32477.14080519695	298.53138155715845	0.5110774997142805	135
97000	-52475.76830695724	-32007.358150707238	302.48619444278916	0.5105860942522708	135
98000	-53096.696699413755	-32847.634199413755	299.24463160070644	0.5105736696531289	135
99000	-53048.6286362334	-32646.0407456084	301.51346004443974	0.510388272045342	135
100000	-52624.32726249721	-32227.60851249721	301.42672472895833	0.5107245737961608	135
101000	-52681.957711362964	-32358.369820737964	300.3459824934936	0.5104452513683511	135
102000	-53061.23125606421	-32500.14727168921	303.85574651742434	0.5108149037698495	135
103000	-52863.99516851884	-32946.05571539384	294.3512300332703	0.511184164355701	135
104000	-52795.20447132192	-32417.309940071922	301.14853671877194	0.5109196709680507	135
105000	-52626.739482514626	-32159.727763764626	302.46552805813536	0.5112431984641513	135
106000	-52452.52448145455	-31798.69830957955	305.2263088203597	0.5104408889790848	135
107000	-52429.22123067433	-32230.97904317433	298.49359901873413	0.510209845832457	135
108000	-53231.512776500174	-32708.942464000174	303.2865838931387	0.5105405882385946	135
109000	-52519.00519763235	-31989.684885132352	303.38633672185875	0.5109109522814396	135
110000	-52733.05333721621	-32955.06700909121	292.2829752026088	0.5104104516847269	135
111000	-52437.52973788113	-31984.43598788113	302.2598455762316	0.5111057670161675	135
112000	-52555.21616826621	-32618.84507451621	294.6236164466475	0.5106644358013512	135
113000	-52585.84827776871	-32289.99671526871	299.9360895766377	0.5105038663059085	135
114000	-52189.576902164394	-32110.131589664394	296.7379954151258	0.5113501119474728	135
115000	-52623.73982392042	-32421.29451142042	298.55571362735844	0.5105031953974198	135
116000	-52508.52183703674	-32225.910508911737	299.740422786738	0.5110093775561335	135
117000	-52578.73602564886	-32016.96063502386	303.8659642550884	0.5109925424825132	135
118000	-52033.54997406532	-31857.299974065318	298.16859414275376	0.5108932732841083	136
119000	-52470.546431584335	-31987.841353459335	302.6974476121764	0.5112892488929784	136
120000	-52461.11079512762	-31784.21235762762	305.5672753034819	0.5099848889086293	136
121000	-52632.30460964507	-32404.76945339507	298.92649627716696	0.5112776314629373	136
122000	-52755.51453411086	-32445.92078411086	300.13917432862684	0.5117039170671491	136
123000	-52723.68664613973	-32564.07141176473	297.92276230183677	0.5110208466806575	136
124000	-53266.20805735396	-33024.41508860396	299.1372010369055	0.5111039860105819	136
125000	-52675.43524405837	-32323.560244058368	300.76401496408187	0.5107095475628651	136
126000	-52543.32347042661	-32499.202376676607	296.215967156957	0.510311995377889	136
127000	-52612.72285160056	-32204.677929725563	301.5941051264548	0.5103163270035066	136
128000	-52899.10083357906	-32743.69458357906	297.86056110221534	0.5109242245417934	136
129000	-52771.92106948097	-32650.296069480974	297.36133513996344	0.5111605649320902	136
130000	-53095.91417664375	-32608.890739143753	302.7612651770781	0.5097079756932628	136
131000	-52986.7704153003	-32385.5008840503	304.4496164395643	0.5100481432952343	136
132000	-52610.20726959909	-32411.742425849086	298.4968894766259	0.5105345060437416	136
133000	-52369.01126182967	-31580.78079307967	307.2125619767175	0.5103682519067954	136
134000	-52583.24935598659	-32298.20248098659	299.7764157778879	0.5104738922349636	136
135000	-53002.37934631325	-32668.477002563253	300.4984115121483	0.510568824415441	136
136000	-52699.74142468867	-32735.19454968867	295.0400036882898	0.5112328521424448	136
137000	-52872.33105783713	-32854.91308908713	295.82134311926575	0.5113269041016778	136
138000	-53141.844685062206	-33005.618122562206	297.57711990486837	0.5111252325803711	136
139000	-52887.959367595664	-32408.490617595664	302.6496205180823	0.5108923020602106	136
140000	-52325.529019576396	-31749.056363326396	304.0831633396135	0.5102629019213522	136
141000	-52811.5524839761	-32607.9001402261	298.57355137277193	0.5107535596038704	136
142000	-53099.26779390313	-32521.912325153127	304.0962097165179	0.5099932732122009	136
143000	-52664.01254798104	-32151.873876106038	303.13242305454094	0.5102732279355876	136
144000	-52477.7152202099	-31956.986704584902	303.25936545636694	0.5103490689849263	136
145000	-52694.32405206232	-32408.011552062322	299.7951194332729	0.5102995849922043	136
146000	-52639.60154182618	-32076.05661995118	303.89211473622856	0.5103267784639287	136
147000	-52488.41877701007	-32146.16096451007	300.6218902740883	0.5104862676494583	136
148000	-52303.01231447161	-32267.516220721613	296.08850520914797	0.5107220595991208	136
149000	-52392.88608121684	-32295.815768716842	296.9984611345616	0.5101014322306751	136
150000	-53153.53555039687	-32602.637112896868	303.70522250070695	0.5104882794025001	136
151000	-52720.38150764885	-32227.401038898854	302.8492993575168	0.5101850881640226	136
152000	-52496.88512920329	-32196.961301078292	299.99627031965895	0.5107619342159125	136
153000	-52958.92019544892	-32913.51980482392	296.234872858002	0.5110133168207607	136
154000	-52384.11019034045	-31529.96565909045	308.1866529673556	0.5110400298677756	136
155000	-53044.456074947695	-32506.758809322695	303.5101329841216	0.5103852852935613	136
156000	-52846.88954249755	-32398.39735499755	302.19184277980094	0.510357962709854	136
157000	-52645.580792852474	-32265.147199102474	301.18605948420486	0.5101874333040646	136
158000	-52748.24210094111	-32812.37100719111	294.6162273482238	0.5102613864595568	136
159000	-52715.49098080453	-32281.348402679527	301.9797814277736	0.5105176777187016	136
160000	-52662.62874411877	-32238.648275368767	301.8296037750448	0.5101513965398473	136
161000	-52505.42259899189	-31693.086661491892	307.56879733900433	0.5100855590539638	136
162000	-52854.573547656284	-32293.436828906284	303.8565258363987	0.5105069490887197	136
163000	-52752.060914864276	-32026.117555489276	306.29207081331697	0.5108772996743006	136
164000	-52580.30496701752	-32110.461217017517	302.5073803734259	0.5104695278095988	136
165000	-52705.25950884562	-32299.738024470622	301.5568132703476	0.5104444784005011	136
166000	-52951.6065934012	-32663.1573746512	299.82669628356797	0.5103592649424051	136
167000	-52799.02493956445	-32743.39408018945	296.3860607390309	0.5096715814398073	136
168000	-52482.698963327726	-32101.361072702726	301.1994233614321	0.5101386748807633	136
169000	-52803.450471959666	-32516.938753209666	299.7980635271761	0.5105548455472776	136
170000	-52579.423538080795	-32136.230178705795	302.113535654709	0.5107209560012569	136
171000	-52719.80458936855	-32422.14052686855	299.96287505842366	0.511029722771031	136
172000	-53044.953097950005	-32879.546847950005	298.00834307068953	0.5110266094104056	136
173000	-53244.66671282106	-33058.40890032106	298.3164915658908	0.5102367506773938	136
174000	-52639.4349377851	-32515.849000285103	297.3903142603439	0.5100473499008757	136
175000	-52781.19219187659	-32671.897270001587	297.17911881828815	0.5105679440453788	136
176000	-52475.0927216581	-32012.155221658097	302.4053184514484	0.5112660430805456	136
177000	-52852.230821801946	-32562.902696801946	299.8396849331409	0.5104303088452502	136
178000	-52714.80760881679	-32167.784171316787	303.64795698792324	0.5105239000951095	136
179000	-53163.91056804134	-32552.93009929134	304.5931265855123	0.5105192024464641	136
180000	-53021.57653439201	-32577.723018767007	302.1232915737216	0.5099861125515753	136
181000	-52815.08413091234	-32587.072412162343	298.933539011602	0.5103314469369441	136
182000	-52612.59584584216	-32352.99818959216	299.4003222135873	0.5108109666105939	136
183000	-52677.87410003923	-32297.682693789233	301.18248038965584	0.5109129213245928	136
184000	-52738.78088651694	-32244.989870891943	302.8612777787896	0.5101336547743539	136
185000	-52752.560128199635	-32406.056221949635	300.68463988335844	0.5099674498893018	136
186000	-52818.697349249735	-32299.920005499735	303.23053065431503	0.5101047463063133	136
187000	-52886.96453179646	-32215.33367242146	305.4894299970415	0.5101848146697189	136
188000	-52628.335199964604	-32477.319574964604	297.79567558168213	0.5105365593818003	136
189000	-53025.49193900642	-32982.21459525642	296.20349805336696	0.5110571650034094	136
190000	-52564.642372313865	-32555.755653563865	295.6952666274111	0.5105264252191772	136
191000	-52709.02409586135	-32344.62761148635	300.94905992499747	0.5112515203662762	136
192000	-52808.78570592814	-32942.04156530314	293.59465562748017	0.5107050336083693	136
193000	-52621.65920193917	-32010.14357693917	304.6010352299189	0.510305744978131	136
194000	-53280.95367512699	-33225.80523762699	296.3789314135986	0.5102802675127335	136
195000	-52751.62091289384	-32490.238100393843	299.4267036040532	0.5110257949762488	136
196000	-52847.31995749855	-32694.23597312355	297.8262422036771	0.5108011307399948	136
197000	-52634.45354544267	-32418.508232942673	298.7552192847986	0.5110252266882545	136
198000	-53114.022487675	-32996.596706425	297.2992782586706	0.510912405980265	136
199000	-52776.3983968783	-32302.9237875033	302.56103792799496	0.5108911012290166	136
200000	-53102.945153455665	-32735.335778455665	300.99654065510293	0.5111365455826558	136
201000	-53122.31923349303	-32824.60634286803	299.9635966500666	0.511034775810885	136
202000	-52679.769498515954	-32213.279264140954	302.45782145938875	0.5099324140280629	136
203000	-52454.29194765472	-31854.331010154718	304.43027778353354	0.5108008942648753	136
204000	-52607.616204825325	-31971.733392325325	304.96113832341194	0.5104478262928128	136
205000	-52338.158069530684	-31938.103382030684	301.476023870004	0.5110966406317251	136
206000	-52898.06430678905	-32676.60336928905	298.83673027678515	0.5104784057511199	136
207000	-52670.4669993152	-31929.6427805652	306.5119830824195	0.5110338906285197	136
208000	-52578.31532177904	-32058.39539990404	303.24741589875987	0.510031132053006	136
209000	-52716.60280051552	-32413.969988015517	300.0363042240093	0.5099012280952974	136
210000	-52573.51741920563	-32229.72054420563	300.6446348426738	0.5104272183705212	136
211000	-52715.67597956859	-32463.345901443587	299.2929205134521	0.5105808657252008	136
212000	-52964.96520589807	-32921.17614339807	296.211060333785	0.5100167113129819	136
213000	-52798.7176242554	-32470.176608630398	300.4191807497535	0.5103939980317067	136
214000	-53019.123197677596	-32471.441557052596	303.6576840432701	0.5108928391677708	136
215000	-52946.37573308488	-32530.051514334882	301.71645820543176	0.5106112345011157	136
216000	-52899.178722418525	-32760.608409918525	297.61175630372946	0.5101937826792624	136
217000	-52810.240123465555	-32540.810435965555	299.5456219068098	0.510435836872439	136
218000	-52516.79165958521	-32274.115878335208	299.1502474138099	0.5103487798388519	136
219000	-52941.623424361045	-32246.029674361045	305.84355831173093	0.5102847105490019	136
220000	-52615.43022376422	-32073.25834876422	303.57625964228066	0.5100645802096705	136
221000	-52692.06449343348	-32988.11722780848	291.18881136258534	0.5113612722360151	136
222000	-52973.37247057803	-32777.19668932803	298.4630612604049	0.5110571437455639	136
223000	-52190.17981414102	-31465.625126641018	306.27154874699175	0.5110962216593298	136
224000	-52680.773941578125	-32266.590347828125	301.68482362780526	0.5104225907515312	136
225000	-52791.498524534814	-32348.201649534814	302.115065428992	0.5104711516245759	136
226000	-53043.62010141744	-32600.479476417437	302.1127563357346	0.5107791015013821	136
227000	-52870.653692952474	-33191.167364827474	290.8273228131379	0.5114285266551675	136
228000	-52779.89731704806	-32214.36020767306	303.92155567526055	0.5106822086238305	136
229000	-52498.95012158371	-31897.598559083708	304.45082871352446	0.5109174937816687	136
230000	-52330.863672289044	-32051.137109789044	299.6977911524731	0.5105782446166364	136
231000	-52575.82054917399	-32043.549064798986	303.4299497207581	0.5105437334558813	136
232000	-52837.56591594941	-32332.67919719941	303.0252522637314	0.5101898777017098	136
233000	-52558.492659159805	-32041.103987284805	303.2100085879899	0.5099731955984382	136
234000	-52796.05547430662	-32615.867974306617	298.2267832928405	0.5111046840672612	136
235000	-52678.40545595304	-32363.83904970304	300.21266122154395	0.5103338791698218	136
236000	-52725.1911089582	-32479.3082964582	299.19764155291824	0.511039974253119	136
237000	-52528.04129058812	-32645.431915588117	293.82911518410435	0.5104387311623183	136
238000	-52730.82981784045	-31980.01341159045	306.6596495962308	0.5107206500161634	136
239000	-53051.73217491657	-33124.59350304157	294.4871778988003	0.5112190767845612	136
240000	-52170.93389218279	-31884.418267182788	299.7981212545075	0.510343540384657	136
241000	-52439.15361635209	-32707.950491352087	291.5916038176747	0.5113389175039866	136
242000	-52531.90781105591	-32130.837498555913	301.49103297617717	0.5106592586004154	136
243000	-52601.71771312835	-32106.522400628353	302.88203075444056	0.509865405347697	136
244000	-52711.41597430596	-32392.738239930957	300.2734192378795	0.510200744845783	136
245000	-52707.865680123185	-32703.008258248185	295.6357208850357	0.5098168280473185	136
246000	-52304.04684727806	-31822.410128528063	302.68165918702886	0.5106800583416796	136
247000	-52280.00149030982	-32125.21828718482	297.8513535928514	0.5100823024999598	136
248000	-52325.01283635656	-32061.31557073156	299.46090704792863	0.5103891694150771	136
249000	-52776.8559240021	-32632.8949865021	297.6914200211101	0.5107742467417019	136
250000	-52262.58277493508	-31806.33668118508	302.3064315326999	0.5107713434978641	136
251000	-52746.90067168235	-31899.42020293235	308.0881701399271	0.5108017451873408	136
252000	-52270.94883683741	-32049.382430587408	298.8382889147339	0.5101715572759865	136
253000	-52376.94115930764	-32076.007565557637	300.01119283483496	0.5103258552959667	136
254000	-52653.963056516804	-32556.709150266804	297.001174319139	0.5106636981771198	136
255000	-52621.88235891322	-32448.058140163223	298.13274546993244	0.5102511391624208	136
256000	-52855.52953611284	-32443.502192362837	301.652958140853	0.5101083195769963	136
257000	-52577.89269223674	-32307.90050473674	299.5539346425365	0.5099439032905494	136
258000	-52549.58802742677	-32192.68958992677	300.83825231230753	0.5099646336873144	136
259000	-52760.137452441886	-32567.541749316886	298.4101541611445	0.5100132626953955	136
260000	-52633.45930792576	-32276.68587042576	300.83640503770164	0.51005018133843	136
261000	-53105.644665229185	-32915.781383979185	298.36977389280554	0.5106215451280955	136
262000	-52693.205907529344	-32265.309423154344	301.88747542480866	0.5106757272162298	136
263000	-52844.48623433779	-32680.98232808779	297.98022986028053	0.510868249977956	136
264000	-52741.88733703073	-32350.121712030726	301.3535264726985	0.5108587269055304	136
265000	-53142.37583254222	-32693.200051292217	302.20194506280205	0.5109241181557115	136
266000	-53077.18237956173	-32610.43237956173	302.4616603269292	0.5110151585318687	136
267000	-52912.701776272086	-32766.231073147086	297.72850983155723	0.5110894726714713	136
268000	-52727.777167592394	-32360.320136342394	300.994289289177	0.5096408374211894	136
269000	-52458.703782641336	-32178.711595141336	299.7017166110107	0.5096102131264615	136
270000	-52707.932429696135	-32379.262507821135	300.42108575169084	0.5102872041482357	136
271000	-52549.963332034386	-32225.201613284386	300.3633295565899	0.5104906750763741	136
272000	-52877.936268717756	-32553.082753092756	300.3646861488786	0.5110173303607618	136
273000	-52830.136278074795	-32695.409715574795	297.5549526095972	0.5106467959047699	136
274000	-52686.23272159745	-32399.01006534745	299.80856990149726	0.5106099321868096	136
275000	-52660.86651984636	-32442.190738596357	298.79557068947184	0.5100972998826959	136
276000	-52821.45287668311	-32434.761470433114	301.2785386691641	0.5109747788238683	136
277000	-52617.59975957685	-32563.50600957685	296.3633450341111	0.510167202947851	136
278000	-52764.98376334625	-32623.788450846252	297.65054907045396	0.5108039638741968	136
279000	-53005.762141382525	-32584.086360132525	301.795544649498	0.5099837288311108	136
280000	-52649.56990109552	-32573.51326047052	296.6879169551057	0.5107264754056806	136
281000	-52742.732186236826	-32563.325936236826	298.2152378265534	0.5104995541126349	136
282000	-52842.41710898357	-32555.962030858573	299.7972264808703	0.5102743970921013	136
283000	-52639.831224851856	-32459.942552976856	298.2223671519856	0.5108040867718285	136
284000	-52511.09885205219	-32191.610570802193	300.2853976591523	0.5108957609116022	136
285000	-52638.31432219759	-32738.15416594759	294.08848408424285	0.5105241312044261	136
286000	-52823.02428182023	-32618.61021932023	298.5848082024018	0.5098341760810915	136
287000	-52740.40268911256	-32641.42026723756	297.0267186632991	0.5102679575536183	136
288000	-52586.219269241396	-32434.184112991396	297.8107424151867	0.5108305278143156	136
289000	-52853.36539673553	-33011.59195923553	293.2256336612804	0.5105405540061865	136
290000	-52827.70154670232	-32260.330452952323	303.9486586573694	0.5109121249993129	136
291000	-52613.16279824777	-32765.904985747773	293.30668283461546	0.5105644971577904	136
292000	-52344.210934087896	-31827.699215337896	303.19704880208263	0.510771794172521	136
293000	-52373.593012401245	-31957.026606151245	301.72003729998073	0.5110896626770348	136
294000	-52774.12636725997	-31826.940820384967	309.56163141114575	0.5103338398229997	136
295000	-52643.70114034243	-32305.185515342433	300.56658749057334	0.5111029690275116	136
296000	-53009.35142172356	-32685.009624848557	300.3571238684606	0.5102057185479847	136
297000	-52471.982632706895	-32450.205288956895	295.8857668211474	0.510348551126081	136
298000	-52583.47712767482	-32187.06306517482	301.42222199710636	0.5105036431893291	136
299000	-53351.22591314857	-33130.74544439857	298.82224071659493	0.5105312669574571	136
300000	-52893.043577873876	-32870.234984123876	295.90100683664633	0.5113076224703265	136
301000	-52701.27097643041	-32422.64988268041	299.6814543176769	0.510909874174171	136
302000	-52823.92074370194	-32557.524259326943	299.50079663395036	0.5109377877844563	136
303000	-52148.382337731164	-31929.741712731164	298.79505114348893	0.5107398636815006	136
304000	-53100.70324366997	-33017.11535304497	296.7992152501128	0.5108006969100928	136
305000	-52561.62524371445	-32564.35571246445	295.5235855437228	0.5110688176658864	136
306000	-52794.69526920995	-32492.95308170995	300.023142392442	0.5113299337828846	136
307000	-52645.68910289997	-32636.249649774967	295.7034350448092	0.5106003290324836	136
308000	-52995.77839990171	-32717.399493651712	299.67787522312796	0.5101623990448093	136
309000	-52686.84484469805	-31885.489375948047	307.4065258103399	0.5110461079356182	136
310000	-52917.46781008948	-32533.05960696448	301.2447970439402	0.5102764635761047	136
311000	-53179.24897283299	-33234.05366033299	294.7540224883597	0.5112946652377922	136
312000	-52533.95572401077	-31945.895177135768	304.2544114683161	0.5105851534716522	136
313000	-53108.96095794317	-32824.43361419317	299.76873804280694	0.5111566386369699	136
314000	-52375.93332161545	-31902.60519661545	302.55887315306614	0.5112300142813874	136
315000	-52619.78482675355	-32695.476233003552	294.4453544471755	0.5108335624432813	136
316000	-52875.07138550895	-32185.68076050895	305.75188730941176	0.5106337933317842	136
317000	-53169.7806933071	-33055.3705370571	297.25471275880255	0.5108337976807231	136
318000	-52208.19357450673	-31418.57248075673	307.2331129067084	0.5108888210921257	136
319000	-53045.30987398566	-32575.989561485658	302.49964491101355	0.510644831785126	136
320000	-52486.25626172718	-32197.846105477183	299.8261190102536	0.5104982289481138	136
321000	-52960.55685857455	-32392.65451482455	303.95650957444457	0.510233156824177	136
322000	-52698.30512295227	-32912.51996670227	292.3982278198192	0.5104638783465297	136
323000	-52440.50805224027	-32192.02758349027	299.23603022832265	0.5104704093397664	136
324000	-52802.43934280134	-32378.027233426343	301.83598264516843	0.5105986749843769	136
325000	-52722.52377131685	-32384.371427566854	300.5612188487499	0.5104988382825824	136
326000	-52429.05619134844	-31652.84916009844	307.0348772505598	0.511484392714243	136
327000	-52625.66081813971	-32468.60417751471	297.8849508997467	0.5110240323947942	136
328000	-52167.60318435727	-31876.66959060727	299.86341086636077	0.5105208644724036	136
329000	-53030.808357559275	-32845.124763809275	298.30800564816985	0.5108688349191192	136
330000	-52870.16508837075	-32678.762744620748	298.39251846139103	0.5104717586120974	136
331000	-52970.20851389231	-32691.724138892307	299.67943386107663	0.5107064299514649	136
332000	-52617.4546177425	-32105.5464146175	303.1290171419862	0.511167507641787	136
333000	-52984.25803819089	-33006.04710069089	295.2419338936503	0.510978435229774	136
334000	-52564.811017975146	-32411.584455475146	297.8283492512745	0.5106903821306342	136
335000	-52785.27448894124	-32147.731520191242	304.9856724392719	0.5104036472764587	136
336000	-53304.281075824016	-32836.591622699016	302.47554375013937	0.510782984260233	136
337000	-52694.04177686119	-32386.307401861188	300.1116961188637	0.510613724367036	136
338000	-52690.9473367209	-32604.1387429709	296.84681143488115	0.5103790299967754	136
339000	-52760.36398542554	-32699.172579175538	296.4682355953289	0.5096816519855268	136
340000	-52429.82671165172	-32415.561086651724	295.77475716279747	0.5098437559299086	136
341000	-52834.85577568274	-32652.929994432743	298.2524719553291	0.5104999400988338	136
342000	-52957.65636121369	-32204.16222058869	306.69922168192966	0.5106246850692	136
343000	-52524.42863217243	-31959.13956967243	303.9178899897144	0.5109650946521972	136
344000	-53033.636792886515	-32576.949292886515	302.31295472115204	0.5105777292542739	136
345000	-52913.04376244449	-32689.77813744449	298.86340030390824	0.5110556075005498	136
346000	-52848.66992563963	-32654.24805063963	298.43714168859043	0.5110362103751783	136
347000	-52565.338767565336	-31997.315330065336	303.95829912171905	0.5106301866687544	136
348000	-52657.84583691	-32359.496227534997	299.97300620509054	0.5111470506497648	136
349000	-52802.801070975154	-32588.687789725154	298.7281451663555	0.5108603357058344	136
350000	-52402.39611754858	-32020.173461298582	301.21249860200214	0.5114278461675021	136
351000	-53215.37675954788	-32599.69707204788	304.66257256522886	0.51074782325957	136
352000	-53174.8689679715	-32833.5115460965	300.6085841241925	0.5100696571207912	136
353000	-52904.27446971694	-32538.44243846694	300.97027471929994	0.5103791746706989	136
354000	-52580.22653527949	-32073.736300904493	303.0489493332855	0.5109215412630045	136
355000	-52880.06701007385	-32335.51622882385	303.6114155871247	0.5107653348091187	136
356000	-53227.46636671307	-32983.56402296307	299.1683737958806	0.5108617009778763	136
357000	-52927.81986131234	-32470.43900193734	302.3232013224818	0.5105272349883835	136
358000	-52951.576092049836	-32284.546795174836	305.42142720061076	0.5110038712927042	136
359000	-52812.20843317483	-32493.716245674826	300.27067718963633	0.5110640727036538	136
360000	-53032.30474179315	-32612.074273043152	301.774185536867	0.5116195814868243	136
361000	-52682.88401689866	-32472.280501273657	298.67627715906093	0.5108532860549441	136
362000	-52564.098181082896	-32401.059118582896	297.97336030783976	0.5107059145173699	136
363000	-52596.28104082843	-32537.866978328428	296.4271914626785	0.5112828999082304	136
364000	-52899.06102366218	-32683.53758616218	298.7489847330036	0.5107325505890247	136
365000	-52944.70804157714	-32609.31351032714	300.5204633527566	0.5109138115406436	136
366000	-52535.91155564325	-31914.16155564325	304.75228083827926	0.5106013344056353	136
367000	-53050.17171214622	-32461.05452464622	304.2700267114693	0.5112374295557606	136
368000	-52911.56695772655	-32748.83844210155	297.96877098499067	0.5106488993396006	136
369000	-53054.51834267458	-32846.09842079958	298.64400758078864	0.5101317383705241	136
370000	-52828.41542819039	-32799.11855319039	295.99689193416026	0.5108887602706098	136
371000	-53187.05216826983	-32797.52482451983	301.320448711786	0.5105230357201719	136
372000	-52927.13023545795	-32299.356797957953	304.8412963833524	0.5102045391460073	136
373000	-52924.740735387764	-32364.607922887764	303.84168991221986	0.5105154057119863	136
374000	-53053.26032086557	-32937.81891461557	297.2699527743015	0.5106584053796708	136
375000	-52824.26533529886	-32312.159866548856	303.1319323722237	0.5101832617348923	136
376000	-52977.29395925027	-32764.752943625273	298.7049099154528	0.5107124119863162	136
377000	-53073.83084001585	-32752.12185564085	300.3182156470732	0.5106612635444562	136
378000	-52815.021747541294	-32556.687763166294	299.381647421868	0.5112180959059902	136
379000	-52932.49282575819	-32820.61977888319	297.2172188570354	0.510830688784445	136
380000	-53206.62828118321	-32466.143906183213	306.5069608045846	0.5098379089908351	136
381000	-53024.44657488933	-32796.24540301433	298.9363387871766	0.5100041379273762	136
382000	-52752.007518161896	-32294.253611911896	302.3287142826339	0.511165611689954	136
383000	-52704.5658640734	-32527.815864073396	298.17598324117745	0.5110070385353694	136
384000	-53115.87270140705	-33192.07582640705	294.43779216675745	0.5109539721495104	136
385000	-52344.482226233005	-32226.933398108005	297.30109666961073	0.5103562477270567	136
386000	-52766.481148160674	-32310.418648160674	302.3037183481224	0.5103605359285553	136
387000	-53109.39769225455	-32720.702379754548	301.3081527901904	0.5110869652507511	136
388000	-52691.5454929775	-32271.4673679775	301.771934170941	0.5104573201993133	136
389000	-52700.267140558746	-32341.913624933746	300.85975574326716	0.5109220084509929	136
390000	-52986.11863458519	-32781.72996271019	298.5844329747475	0.5110192744994465	136
391000	-52815.61017866726	-32715.43830366726	297.04429663572114	0.5108877644756903	136
392000	-52606.885957745726	-32567.567598370726	296.1449914029574	0.510463141320741	136
393000	-52776.163778460985	-32621.032919085985	297.8564913253491	0.5107574547374264	136
394000	-52888.94717943618	-32631.37686693618	299.37036172857245	0.5101617358796567	136
395000	-52701.027631955425	-32673.248335080425	295.9744648658977	0.5105305692237558	136
396000	-52691.504346243564	-32074.355908743564	304.68427804184853	0.5107593240658326	136
397000	-52952.134111151645	-32814.286454901645	297.60107674741397	0.5101829889294685	136
398000	-52662.53880543893	-32293.913805438933	301.0115497612761	0.5105067064406004	136
399000	-52961.666924177174	-32789.731377302174	298.10483430518354	0.5106254755613717	136
400000	-52910.00698309932	-32617.952295599323	299.8799786104827	0.5105295687682702	136
401000	-53020.923342621405	-32536.165530121405	302.72778332484563	0.5106426065954653	136
402000	-52859.47368620594	-32625.838920580944	299.016637505203	0.5110361016810673	136
403000	-52954.48971635897	-32644.66940385897	300.1425225138501	0.5105348520890195	136
404000	-52911.00171753477	-33009.91187378477	294.10222318912446	0.5116602744854369	136
405000	-53064.744180896836	-32871.314493396836	298.4224789464059	0.5108989157354129	136
406000	-52917.69597209256	-32657.27019084256	299.4125604078516	0.51083361525815	136
407000	-53091.028239165134	-32921.268473540134	298.0726801815741	0.5108643584329854	136
408000	-52779.73453708337	-32399.433755833372	301.18409675493604	0.5105767435073897	136
409000	-53073.80406927981	-32450.42516302981	304.77635313548774	0.5106752161175733	136
410000	-52819.507948429906	-32663.732557804906	297.86601633503597	0.5105258566301285	136
411000	-52472.71687001367	-31884.429760638668	304.2577596535393	0.5103943046068179	136
412000	-52693.78265384997	-32350.423278849972	300.63816938155304	0.5100115853657056	136
413000	-52919.530099024625	-32464.850411524625	302.2832828727943	0.5104800201251382	136
414000	-52775.28056636126	-32678.17314448626	296.9990095442102	0.5106499305990451	136
415000	-52946.59495638298	-32555.563706382978	301.3426737343886	0.5112333975124118	136
416000	-52869.498894868724	-32403.889519868724	302.4448039461501	0.5114604067353271	136
417000	-52593.8689724976	-32162.1267849976	301.94430798260663	0.510249810996812	136
418000	-52628.949552869584	-32019.601896619584	304.56899656097244	0.5105798041661529	136
419000	-52932.49739470076	-32667.60481657576	299.4785716113478	0.5106336755280375	136
420000	-52750.1389644495	-32070.6077144495	305.6061835248692	0.5107013834392441	136
421000	-52409.44793435799	-32284.375668732988	297.412279509955	0.510303565826518	136
422000	-52804.2506271194	-32429.8209396194	301.09733257578887	0.5104784692463148	136
423000	-53031.86920700342	-32711.369207003423	300.300349037994	0.5105348462555417	136
424000	-52796.14295969782	-32281.74452219782	303.16581831577616	0.5101115340597067	136
425000	-52131.32865829422	-31749.066939544216	301.2130758753165	0.5108703048234774	136
426000	-52822.71761029079	-32487.03596966579	300.5247063116171	0.5117761318144034	136
427000	-52733.80378137062	-32051.872140745618	305.6416569700362	0.5111247564953189	136
428000	-52929.34879536393	-32640.907389113927	299.82658082890504	0.510671929028991	136
429000	-52878.7804700794	-32524.0070325794	300.80684864400683	0.5108651765030181	136
430000	-52933.34200888484	-33097.19357138484	293.1425063040137	0.5104537662095927	136
431000	-52471.25446805369	-32378.21149930369	296.9389442558518	0.5112812836949295	136
432000	-52623.49443314548	-32667.433886270483	294.9145910607468	0.5107215122722107	136
433000	-53146.15850467796	-32848.45733280296	299.96342346807234	0.5102779097429756	136
434000	-52960.46165120688	-33059.12766683188	294.10583114733913	0.5102018464664312	136
435000	-53174.21184565412	-32865.83293940412	300.1212211285505	0.5111938416964577	136
436000	-53217.042164475984	-32730.819508225984	302.74943107413384	0.510974360141827	136
437000	-53277.897777581056	-33372.618480706056	294.1641357520887	0.5114380278671807	136
438000	-53112.20927000967	-32966.61552000967	297.71555004565005	0.5110285017073422	136
439000	-52584.67469099434	-32218.87586286934	300.96978403698273	0.511186098501452	136
440000	-53139.987259390255	-32875.653275015255	299.47031660295255	0.5106697066793295	136
441000	-52969.426589919836	-33062.998855544836	294.1811075875307	0.5109015727471302	136
442000	-52975.60506497414	-32879.63631497414	296.9821820270968	0.5102755828951707	136
443000	-53006.400420479076	-32415.599639229076	304.2949071913179	0.5106754690981172	136
444000	-53182.647679648566	-32389.975804648566	307.27819795255937	0.5105133971422549	136
445000	-52700.87016769168	-32651.887745816683	296.2878088209281	0.5101237536313116	136
446000	-52882.33377935246	-32409.392373102462	302.553158147254	0.510694005908233	136
447000	-52832.138721718715	-32596.455127968715	299.0469154905408	0.5108201294368488	136
448000	-52580.13398585667	-32407.95625148167	298.1084133997325	0.5115302872934447	136
449000	-53100.3597212459	-32668.7776899959	301.94194116201777	0.5109629440906136	136
450000	-52534.97480953896	-32056.56855953896	302.63391868393194	0.5106185457277366	136
451000	-52894.1033130863	-32569.0466724613	300.36768797011325	0.5110936381619987	136
452000	-52970.20441435738	-32151.95246123238	307.65622538246294	0.5099518909365466	136
453000	-52908.69245309873	-32641.25495309873	299.5161809677778	0.5104133549639758	136
454000	-52903.056239305086	-32478.435145555086	301.8390710574002	0.5099768439941581	136
455000	-52922.895754018245	-32442.130129018245	302.66878599211884	0.5106648369833757	136
456000	-52428.057603525885	-32337.534166025885	296.9017101270761	0.5109797205172427	136
457000	-52565.691319360136	-32244.451084985136	300.311288367301	0.5103727403205782	136
458000	-52492.04302101233	-32145.48052101233	300.6855057933299	0.5103599094141632	136
459000	-52647.16396709217	-32483.671779592172	297.98005667828625	0.5108977151951616	136
460000	-52789.86534173618	-32725.18174798618	296.519843829632	0.5104478244536443	136
461000	-52487.97392014318	-32221.42899826818	299.5029902725449	0.510832363825564	136
462000	-53243.42967515613	-32686.031237656127	303.8012807802152	0.5106389523233807	136
463000	-52913.58225180115	-32449.09787680115	302.4281784746968	0.510393381136053	136
464000	-53296.31054262649	-32968.88476137649	300.40269959662874	0.5104670451377009	136
465000	-52797.20745581745	-32558.53167456745	299.0911346264202	0.5105863425198628	136
466000	-52815.516115081686	-32690.773927581686	297.40740155044875	0.5103557311497485	136
467000	-52891.12106834202	-32678.91403709202	298.6999742286151	0.5106101045372632	136
468000	-52974.52462765874	-32807.92501828374	298.02597877044303	0.5104151355906488	136
469000	-52930.48092241416	-32403.844203664157	303.3466780451627	0.511206268980697	136
470000	-53009.08921793867	-32483.905624188672	303.32520347786885	0.5112833478813867	136
471000	-52691.41721380157	-32491.45041692657	298.51908563556276	0.5117887766633439	136
472000	-52688.24060472282	-32467.09216722282	298.83211209027036	0.5114341346167013	136
473000	-52516.00466346994	-32668.35036659494	293.3125421587562	0.5105089679561079	136
474000	-52330.51103852119	-31833.70244477119	302.90587214232335	0.5098525165333673	136
475000	-52259.44460762794	-32400.089138877942	293.48546438007037	0.5110147779542336	136
476000	-52370.6559135005	-32141.9215385005	298.9442185679175	0.5111725360702382	136
477000	-53063.96348317974	-32864.77598317974	298.50756903294143	0.511332926170286	136
478000	-52795.94069345667	-32611.823505956672	298.28485698826427	0.5108101090502002	136
479000	-52338.47502470147	-32184.383227826467	297.8411358551874	0.5106838081715467	136
480000	-52953.80976228911	-32650.239449789107	300.05015878355374	0.5099864409799414	136
481000	-52431.79713576803	-32144.32057326803	299.8123221780406	0.5110352631833036	136
482000	-52710.99212438069	-32720.13274938069	295.42885499283756	0.5105809053567523	136
483000	-52456.807096595294	-32103.643034095294	300.78306498345546	0.5099085008446138	136
484000	-52535.19079702064	-32569.026734520638	295.06390280350405	0.5097771752330309	136
485000	-52840.83188131624	-32900.54672506624	294.68145923274557	0.5102603596130664	136
486000	-52556.95087170743	-32033.681340457428	303.29691708546557	0.5102960392906873	136
487000	-52788.60588803924	-32711.078544289237	296.70965129539104	0.5104705330985148	136
488000	-52742.90587408552	-32443.987905335518	299.9814055318144	0.5101475386727335	136
489000	-52929.660889316496	-32519.213623691496	301.6296074352874	0.5096503388273057	136
490000	-52690.733264743154	-32725.803577243154	295.04566096677047	0.5109421494103148	136
491000	-52946.282945926316	-32741.282945926316	298.59346730211706	0.5105757434975525	136
492000	-52542.8571419193	-32780.6422981693	292.049901101939	0.5104633015980977	136
493000	-52658.93212523698	-32464.752437736977	298.43356259404146	0.5108761799075675	136
494000	-53073.063512238834	-32633.784215363834	302.0556928686109	0.5107861168006506	136
495000	-52722.80313090603	-32553.50625590603	298.065839492799	0.5114743987512388	136
496000	-53052.376009616935	-32708.758822116935	300.64197938542776	0.51074056067363	136
497000	-52402.46796731788	-31820.635936067883	304.1623652383426	0.51140309820616	136
498000	-53077.47938081121	-32565.625865186208	303.1282089593461	0.5110853204570988	136
499000	-52836.911338253005	-32827.942588253005	295.6964789013713	0.5106640198880856	136
500000	-52291.74444067971	-31941.404596929708	300.7413281228278	0.5102495987665637	136
501000	-52872.39305644567	-32718.643056445668	297.8360847136868	0.5101611846743852	136
502000	-52619.285961075155	-32245.961742325155	301.0809957409927	0.5108145019915762	136
503000	-52382.130398458015	-31843.565945333015	303.52294845170024	0.5113799916150417	136
504000	-52654.50574020176	-32207.208865201763	302.17417821638173	0.5112043462476116	136
505000	-52767.71140861432	-32461.90086173932	300.08326540813187	0.5109212413265168	136
506000	-53025.88488012134	-32900.80284887134	297.4124238282836	0.511048443109713	136
507000	-52840.328374227494	-32360.711186727494	302.65181415667683	0.5109815544170262	136
508000	-52777.315173516035	-32322.848376641035	302.28013673323113	0.5105078828028942	136
509000	-52840.70615768914	-32625.483501439143	298.74453972848306	0.5107795375458296	136
510000	-52624.848017335324	-31910.656611085324	306.11839813669405	0.5108008821581663	136
511000	-52972.44232724222	-33124.40717099222	293.31817057357114	0.511474061463618	136
512000	-52555.063419733575	-32408.942325983575	297.72334323539377	0.5108732074418023	136
513000	-52648.908229469256	-32481.802760719256	298.03345445986383	0.5110588475902035	136
514000	-53114.092280754965	-33058.324702629965	296.3880811956311	0.5112382600728169	136
515000	-52354.64323979755	-31979.59831792255	301.1064246304899	0.5111167802586021	136
516000	-52966.98864511419	-32162.967160739187	307.4459247140444	0.5110798501247379	136
517000	-52467.22136206156	-32502.64714331156	295.0404077796099	0.5106683479084955	136
518000	-52962.42643046237	-32523.682289837372	302.0477842242043	0.510428652969678	136
519000	-52945.43587038151	-33116.34407350651	293.03822187977596	0.5107945168096389	136
520000	-52887.12811223453	-32450.89178410953	302.01072327742287	0.5114046863982532	136
521000	-52645.0539876099	-32106.9094563599	303.51674276357096	0.5105592179829193	136
522000	-52711.6778577067	-32461.4083264567	299.26246934612	0.5105272683925927	136
523000	-52582.783827673426	-32529.381483923426	296.3531272964471	0.5106761716933672	136
524000	-52974.4043042959	-32772.9941480459	298.54041588452804	0.5109192650185571	136
525000	-52823.19503933951	-32531.59738308951	299.8732245127048	0.5111916179817438	136
526000	-52936.75054773238	-32631.41070398238	300.0763092646939	0.5109001921226562	136
527000	-52851.39136188198	-32848.76831500698	295.60270085145476	0.5108296943282631	136
528000	-52925.814310634545	-32855.212748134545	296.6073007367564	0.5109034265455121	136
529000	-52937.061865244905	-32713.177099619905	298.8725500859407	0.5107506536942176	136
530000	-52868.11082464226	-32259.39207464226	304.55970246061133	0.5110782304575271	136
531000	-52874.100384101985	-32702.512493476985	298.0996965726858	0.5113283997365201	136
532000	-52726.114611242716	-32401.825548742716	300.3563445494862	0.5106068873167127	136
533000	-53128.77642088333	-32314.960014633332	307.59067599761823	0.5111236660263252	136
534000	-53117.206995913286	-33144.617152163286	295.158864263715	0.510586077413099	136
535000	-52717.7205863387	-31942.5838675887	307.01905996174656	0.5112032341219006	136
536000	-52876.98471196851	-32519.824555718507	300.8421200435137	0.5100633312572516	136
537000	-52870.17582506482	-32862.11137193982	295.683115024144	0.5113367268202224	136
538000	-53239.93362610097	-33185.69143860097	296.36553867270567	0.5107287908701159	136
539000	-52880.04429683945	-32460.42320308945	301.7651800731631	0.5102456795202314	136
540000	-52962.75539439378	-32814.28664439378	297.75803736158633	0.5107118351955798	136
541000	-52789.359331272935	-32069.611284397935	306.20051526566067	0.5110974060400233	136
542000	-53310.682849369914	-33133.239489994914	298.1862298425072	0.5107171774648621	136
543000	-52807.944337994064	-32379.788087994064	301.89131429234914	0.510686488624842	136
544000	-53175.78253779272	-32787.03644404272	301.30890324549904	0.5105794996194912	136
545000	-52975.99842240209	-32307.11170365209	305.4488765467082	0.5108283911173334	136
546000	-52680.138016067205	-32334.860672317205	300.66651350128774	0.5112633939616602	136
547000	-52896.4342247913	-32781.6529747913	297.26019685528894	0.5104430190299319	136
548000	-52888.862132790986	-32385.576976540986	303.00158405784293	0.5103987550557436	136
549000	-53423.46471858942	-33117.96471858942	300.0786760852828	0.5106058035757945	136
550000	-53091.2543226155	-32771.4847913655	300.2895540270157	0.5103212645222235	136
551000	-52633.19670683259	-32618.04826933259	295.7878035397018	0.5105992074774319	136
552000	-53449.15462280201	-33085.34602905201	300.9403719616165	0.5110660445100211	136
553000	-52983.04211755415	-32884.94055505415	297.01370115006046	0.5113883353397448	136
554000	-52521.52336800228	-32273.27532112728	299.23259545210226	0.511235649223401	136
555000	-53032.53270703414	-32526.544425784137	303.04153137119613	0.5101352154749992	136
556000	-52964.365164037605	-32943.169851537605	295.8771654487636	0.5101487141068549	136
557000	-52518.93485925777	-31964.624312382773	303.75564732471565	0.5106519243285331	136
558000	-52862.89946578228	-32281.270559532277	304.15936341710795	0.5103443331113405	136
559000	-52489.1330560607	-32048.556884185702	302.0748583426474	0.5103626151297437	136
560000	-53382.0722871669	-33346.4218965419	296.09078543873966	0.5105018702324658	136
561000	-52792.556756560334	-32790.349725310334	295.5965528906569	0.5104560054423436	136
562000	-53199.6777345793	-32927.9941408293	299.5789305770479	0.5112101709793702	136
563000	-52701.4201648833	-32634.338133633297	296.5552884111333	0.5111578593098132	136
564000	-53222.17933741864	-33241.85902491864	295.2731066526253	0.5109911758073787	136
565000	-52785.14372030111	-32363.09489217611	301.8010576096501	0.5110302531074673	136
566000	-52844.27410495496	-32742.95379245496	297.0612684711631	0.5111689988639875	136
567000	-52355.52106913881	-32154.567944138813	298.53366178675014	0.5101024928705318	136
568000	-53052.96243573645	-32731.603060736452	300.3130490509098	0.5109420029452494	136
569000	-52691.159011939744	-32579.891433814744	297.2082711206629	0.5103102420317315	136
570000	-52887.95729622703	-32640.605733727032	299.21934702953786	0.5104150302267451	136
571000	-52521.035583429475	-32061.867614679475	302.34961157661337	0.5114016853953003	136
572000	-52486.97297857985	-32268.914384829848	298.786449771105	0.5108918092626625	136
573000	-52914.416268576475	-32220.131112326475	305.8242196557001	0.5105528499715328	136
574000	-52676.37641016252	-32481.63422266252	298.44187532976815	0.5106421275724563	136
575000	-52680.989508993225	-32282.612555868225	301.4512299811526	0.5109367901007108	136
576000	-52603.28993446939	-32478.332903219387	297.4105765536777	0.5109135195430613	136
577000	-53015.49673399955	-32691.88149962455	300.3463865848137	0.5108100560599971	136
578000	-52504.90527433663	-32165.706055586626	300.5766897735745	0.5105540966167754	136
579000	-52914.682093041076	-32399.863733666076	303.17202400390545	0.5102260178969612	136
580000	-52606.44664529582	-32539.770864045822	296.549284768664	0.510447963966459	136
581000	-52865.53320037	-32323.498044120002	303.5742391856804	0.5101302798616935	136
582000	-52745.73773491332	-32405.727969288317	300.5886681948473	0.5110276018779568	136
583000	-52973.145612659115	-32693.368268909115	299.69854160778175	0.5102091148607362	136
584000	-52885.32451987401	-32614.26201987401	299.56975193134974	0.5100609572869931	136
585000	-52855.12276322038	-32770.66573197038	296.8120595813572	0.509785603481339	136
586000	-53150.074771223815	-32825.023989973815	300.36760137911614	0.5100759661772717	136
587000	-53277.800469037975	-32739.175469037975	303.5238432253375	0.5103812453262871	136
588000	-53143.284719264906	-32926.739797389906	298.76408043017386	0.5100009657288688	136
589000	-52974.051710985834	-33082.741164110834	293.9577028148763	0.5107392994221339	136
590000	-52999.86327369129	-32449.95702369129	303.69055975852245	0.5097651799851594	136
591000	-53332.98298247215	-32952.78766997215	301.1825381169873	0.509725828051216	136
592000	-52954.33401721424	-32698.74417346424	299.34109397153475	0.5108349327780455	136
593000	-53171.96678996502	-33116.61913371502	296.38187550750183	0.5107421306984788	136
594000	-53387.03452692929	-33310.90952692929	296.68892718340584	0.5107375831162614	136
595000	-53321.19033860301	-32747.76651047801	304.03810715742827	0.5113317282091469	136
596000	-53327.8601761742	-33055.9617386742	299.58210558027685	0.5108121312070193	136
597000	-53341.661561854475	-33036.911561854475	300.0675924376472	0.5115330200891768	136
598000	-52912.2835223077	-32783.7444598077	297.4635125166038	0.5116030595114687	136
599000	-52737.835857735474	-32297.433513985474	302.0722894763985	0.5100961405227549	136
600000	-52858.51045202533	-32362.37178015033	302.89597190498216	0.5102081102326521	136
601000	-53142.553132960726	-33190.463289210726	294.85591122834285	0.5098828970486141	136
602000	-52729.462261253866	-32699.745464378866	296.00309762228954	0.5093641167114557	136
603000	-52670.903155315726	-32584.961749065726	296.8339959673026	0.5105010805923451	136
604000	-53317.714997122166	-32707.943512747166	304.57525997643313	0.509971002608943	136
605000	-53391.00518062293	-32735.80400874793	305.24662884102486	0.5106725631871654	136
606000	-52526.13558790871	-31905.713712908713	304.73265354559123	0.5109354248079545	136
607000	-53558.6266767628	-33083.9704267628	302.5785004457541	0.510286846693176	136
608000	-52917.95074347455	-32435.456602849546	302.6943303362789	0.5102110016764009	136
609000	-52912.39125550924	-33046.63344300924	293.5800794762928	0.5109941273934236	136
610000	-52845.05608707629	-32716.597102701293	297.46232910630937	0.5106182442196724	136
611000	-52706.711817630196	-32510.653223880196	298.46132944046184	0.510563424994568	136
612000	-53077.30223090338	-32715.731918403377	300.9072942007041	0.5105329799582785	136
613000	-52843.158380217275	-32223.513848967275	304.72116580663567	0.510040201032081	136
614000	-52898.44143475909	-32584.513700384086	300.20322280285427	0.5100220955026437	136
615000	-52937.37034364798	-32524.229718647977	301.66941043031204	0.5100948518288967	136
616000	-53182.32484822482	-32765.477191974816	301.7241936678441	0.5104130111763528	136
617000	-52954.56338924148	-32779.22940486648	298.1550570835322	0.509988063649165	136
618000	-53058.32968789681	-32744.49960977181	300.2017796195684	0.5104500328352393	136
619000	-53179.97591652765	-33090.99154152765	296.8789655584906	0.5106418447564148	136
620000	-53043.49289728852	-32592.453834788517	302.2294809998967	0.5107466399731367	136
621000	-53073.049515647006	-33062.069046897006	295.7262084770604	0.5102529746575643	136
622000	-52804.87584686253	-32527.56334686253	299.66211566164606	0.5102080164344507	136
623000	-53115.474294641106	-32616.075857141106	302.9441453630649	0.5106195827929549	136
624000	-53097.44726446498	-32994.66210821498	297.0829162204513	0.5111062172256008	136
625000	-52997.505388907884	-32730.534685782884	299.50928255167133	0.511236540293389	136
626000	-53199.69693294184	-32958.46255794184	299.1289460285103	0.5096031534415887	136
627000	-53075.77726097164	-32977.04288597164	297.02305297775297	0.5104556567273641	136
628000	-52654.98591531304	-32119.92341531304	303.47119589906856	0.5104932134613241	136
629000	-52931.56244875876	-32449.298776883763	302.69092442372425	0.5103795080593795	136
630000	-52688.16803121973	-32403.355531219728	299.77295213800176	0.5104843279592128	136
631000	-52871.084102696615	-32193.695430821615	305.574520083577	0.5107218627507092	136
632000	-52956.848360416465	-32812.028047916465	297.70412003402583	0.510760950125204	136
633000	-53264.189226236296	-32938.892351236296	300.3712382009965	0.5105259935973773	136
634000	-53201.325381443465	-32512.575381443465	305.74242002705637	0.5110412702083558	136
635000	-53289.00754123885	-32642.991916238847	305.1108830211549	0.5102531824782862	136
636000	-53582.0869432117	-33114.9424119617	302.46749078740413	0.5107735528131959	136
637000	-53547.75657549695	-32948.78001299695	304.41573049601186	0.5106897167082985	136
638000	-52483.86004337717	-32243.81902775217	299.1113103287568	0.5108385336710114	136
639000	-53195.62590981004	-33219.28606606004	295.2142825018928	0.5103928096445562	136
640000	-53353.83797671301	-33356.73055483801	295.5211898594682	0.5108197487652069	136
641000	-53099.79805563666	-32805.13789938666	299.91848274055	0.5102713435226081	136
642000	-52660.00923242872	-32593.665482428718	296.544377945492	0.5101939220163898	136
643000	-52934.70821985664	-32586.434782356642	300.71079036449856	0.5097700205560052	136
644000	-52843.01005415111	-32792.93192915111	296.30400133739573	0.5100398037590573	136
645000	-53145.58836439837	-32798.55516127337	300.69246193676787	0.5106403404130293	136
646000	-53125.21816101256	-32452.761129762563	305.50163932764	0.5100362649898404	136
647000	-53236.6891512933	-32799.2750887933	302.02812806785056	0.510266669344566	136
648000	-52791.16951588493	-33046.63240650993	291.7886560635289	0.5105658095141825	136
649000	-52886.261109357605	-32243.089234357605	305.06885752387007	0.5101823350124575	136
650000	-53209.440699921826	-33014.887965546826	298.43907555419355	0.5096742866869968	136
651000	-53225.35010735359	-33184.07276360359	296.1739416596721	0.5101163815009446	136
652000	-52585.98878005283	-32087.89503005283	302.92486443436553	0.5095239716692698	136
653000	-52985.14305822414	-32689.217276974137	299.937186395935	0.5107414466809623	136
654000	-52813.273731169356	-32417.336231169356	301.41517926267124	0.5098012464923704	136
655000	-52669.54748567313	-32233.47717317313	302.00826986583684	0.510141720627387	136
656000	-52826.857336132474	-32514.326086132474	300.1825852818661	0.511037258415746	136
657000	-52451.3624860447	-32293.3273297947	297.89941159627125	0.5093059670557016	136
658000	-53120.52188846949	-32773.43985721949	300.69318352841077	0.5100176176661866	136
659000	-53054.009999120564	-32910.334217870564	297.68720592591535	0.5100928711605275	136
660000	-52892.27308480669	-32422.378553556693	302.5081308287346	0.5102307089353177	136
661000	-52967.971809295945	-32521.452278045945	302.1626904774261	0.50958082879124	136
662000	-53515.509315612086	-33512.642128112086	295.6063088096695	0.5102412990195957	136
663000	-53137.657183433985	-32548.233355308985	304.274558306987	0.5111935271960787	136
664000	-53290.95548078971	-33096.45548078971	298.4382962352192	0.5106822903859642	136
665000	-53059.617690427316	-32787.133315427316	299.5907646799921	0.5099928691429367	136
666000	-52690.00259744902	-32601.15103494902	296.8770028292218	0.5101327860293424	136
667000	-52793.10071549462	-32645.93665299462	297.738756432887	0.5103316031880784	136
668000	-52850.39874306892	-32612.672180568923	299.0771068848814	0.5102836239588655	136
669000	-52937.72276187259	-32587.91026187259	300.733534933084	0.5104945759677136	136
670000	-52767.14157108057	-32724.024383580567	296.20113123277815	0.5107764704071083	136
671000	-52669.503834549905	-32537.363209549905	297.5167371161871	0.5100714877541527	136
672000	-52933.406197563454	-32406.673775688454	303.34809236478293	0.5105642337283931	136
673000	-52673.374386721414	-32025.628292971414	305.1364562289807	0.5104796064812177	136
674000	-52666.34169219928	-32153.277239074283	303.1461044320911	0.5113206227587846	136
675000	-53059.16480924879	-32978.22340299879	296.7601049830655	0.5100142809091118	136
676000	-52626.75416608156	-32472.123306706562	297.8491022269255	0.5108495763225874	136
677000	-52795.697590241456	-32997.560871491456	292.58076164181745	0.5106198989525322	136
678000	-52850.841744143654	-32398.728462893654	302.24535601604134	0.5104715755296598	136
679000	-52874.435077700386	-32467.208515200386	301.5820112505191	0.5106571832552999	136
680000	-53082.83688539596	-32661.737276020962	301.78702986811135	0.5109690982005451	136
681000	-52373.64378543187	-32457.514879181872	294.3244734151501	0.5105949219018088	136
682000	-52750.94270456712	-32378.68879831712	301.06517845217945	0.5104444904315699	136
683000	-52815.22278571967	-32358.12708259467	302.318987227287	0.5107821112248356	136
684000	-53541.661216429864	-33232.710044554864	300.1296781826058	0.5109794848658619	136
685000	-53249.08175128151	-32434.581751281512	307.6007782806194	0.5108338306124462	136
686000	-52707.561118042904	-32639.100180542904	296.57566615912987	0.5105386626867623	136
687000	-53502.12804448825	-33220.64952886325	299.72368186062175	0.5106469163788275	136
688000	-53057.56078453009	-32986.11937828009	296.61971211301494	0.5105327934750015	136
689000	-52735.91947142355	-32131.27884642355	304.49943512659297	0.5099629445903898	136
690000	-52801.63547758293	-32315.78000883293	302.7440047049789	0.5096614508301442	136
691000	-53012.1824646397	-32281.2605896397	306.3656442972312	0.5105014523063911	136
692000	-52880.96566583408	-32616.309415834083	299.475079107796	0.5110185505517711	136
693000	-52995.06036117304	-32543.19317367304	302.2417191941609	0.5106059857908056	136
694000	-53346.07838546979	-33020.27760421979	300.3786850267516	0.5108843463564827	136
695000	-52696.03392765892	-32722.889396408922	295.1670615447788	0.5103904162950866	136
696000	-53315.05052194106	-33231.58567819106	296.7973968391726	0.5104263822037806	136
697000	-52867.8375980086	-32326.4743167586	303.5643100846736	0.5100929950296529	136
698000	-53045.92176369638	-32680.06043557138	300.9707076742857	0.5108448102687507	136
699000	-52576.72652420328	-32305.64449295328	299.5700405680069	0.5107939160990742	136
700000	-53086.84650810467	-32575.141429979667	303.12601532075155	0.5103867188965264	136
701000	-52982.84181819456	-32720.15431819456	299.44598453275256	0.5103745412400056	136
702000	-52619.922144390985	-32079.709253765985	303.5473093855659	0.5099163688899281	136
703000	-52949.94439337727	-32705.17095587727	299.1812469907906	0.5104772993744997	136
704000	-53237.8345022368	-32679.6743459868	303.8125376098451	0.5099454538614547	136
705000	-53303.58610340335	-33355.77360340335	294.7926998004213	0.5096815352085268	136
706000	-53015.96422319558	-32819.37828569558	298.46912263020556	0.5104566067988604	136
707000	-52636.03152357733	-32282.99636732733	300.7811599815181	0.510090474738195	136
708000	-53269.018474363744	-32950.971599363744	300.2640962738527	0.5111283710023817	136
709000	-52184.33609297652	-31937.75015547652	299.2080324725765	0.5110247012817978	136
710000	-52707.44579252628	-32563.059073776283	297.69771230023656	0.5108200335037619	136
711000	-52690.16425728949	-32876.16816353949	292.81513460744446	0.510535322375874	136
712000	-53418.53422790992	-32863.40922790992	303.7676834733199	0.5105625180349688	136
713000	-53281.12037154592	-33054.90748092092	298.9069555754761	0.5112899806500553	136
714000	-52932.37078995554	-32662.005555580537	299.5594476026885	0.5109765151395278	136
715000	-53356.377006628485	-33094.664116003485	299.43158156355946	0.5113497971401634	136
716000	-53014.31954551166	-33059.68673301166	294.8934917211072	0.5100810862281054	136
717000	-53067.74243575495	-32687.144779504953	301.18848403212513	0.5104343007561399	136
718000	-53014.222279837784	-32541.491811087784	302.55004087135654	0.5106975304386218	136
719000	-53400.39667737842	-33322.65448987842	296.71282629862003	0.510001945692675	136
720000	-53204.402735120086	-33278.180078870086	294.4736408395787	0.5105691089134282	136
721000	-52575.338841908226	-32155.573216908226	301.7673159844262	0.5098927214073379	136
722000	-53234.86809958463	-32978.48724020963	299.3527837561504	0.5093877557635188	136
723000	-53030.294396100115	-32971.243614850115	296.4366010177024	0.5106402677169982	136
724000	-52915.950836303164	-32505.478180053164	301.62998266294176	0.5100082935379298	136
725000	-53067.924091472654	-32570.349872722654	302.9171866992846	0.5108206657887063	136
726000	-52800.2889275813	-32061.4998650813	306.4819071427417	0.5099447713738439	136
727000	-53094.93350317	-32942.48037817	297.8169192396503	0.5107561039678107	136
728000	-53081.447165670965	-32552.865134420965	303.3754262562175	0.5109603411883842	136
729000	-53341.95021042852	-32972.58302292852	301.0225179542488	0.5108696026506034	136
730000	-52979.529418116035	-32525.068480616035	302.28005014223396	0.5104311444002729	136
731000	-52901.51712505356	-32561.315953178557	300.59149683408765	0.5101254793153551	136
732000	-52775.99919521208	-32557.395679587084	298.79450273384026	0.5106455527112304	136
733000	-53188.20501885583	-32489.183534480828	305.8942140450653	0.5104509012140566	136
734000	-52937.339715158516	-32794.540887033516	297.6742461400081	0.5102735100928831	136
735000	-53096.44336329313	-32984.16601954313	297.2231936358389	0.5104326616442123	136
736000	-53321.14643169694	-33125.73822857194	298.45171783977787	0.5104569901287721	136
737000	-53167.70645822343	-32501.66153634843	305.4068799130891	0.5101530228523685	136
738000	-53130.63579867662	-32577.807673676623	303.733739802436	0.5102507527777554	136
739000	-53308.06409036807	-33095.51330911807	298.70505423378137	0.5113820272194242	136
740000	-53053.22427275854	-33000.83950713354	296.3380893266082	0.5116070917243691	136
741000	-53262.56197091447	-33083.48970528947	298.21030213971574	0.5114991274327065	136
742000	-52771.47244920789	-32681.94705858289	296.88696079389445	0.5100680690321054	136
743000	-53213.786538325374	-32844.485757075374	301.02153658961447	0.5104801943249485	136
744000	-53169.89961608419	-32430.444537959193	306.4917496527514	0.5097423169675522	136
745000	-53046.225708288424	-33074.546020788424	295.1454137954905	0.510486066019542	136
746000	-53190.74827151395	-33098.75608401395	296.92341560369573	0.5106991079928774	136
747000	-52918.29972602584	-32650.92472602584	299.51525733047487	0.510223231904048	136
748000	-52780.62851969399	-32649.587504068993	297.5004868723881	0.510284099364327	136
749000	-53116.69856165008	-32661.757155400082	302.2871506040005	0.510687411003465	136
750000	-53171.323334639266	-33066.628022139266	297.1111448855232	0.5111235076605894	136
751000	-52726.665517883055	-32409.835439758055	300.24611421011065	0.5105697827151671	136
752000	-53096.63053203048	-32590.943032030482	303.03708636667557	0.5112258777491302	136
753000	-52822.62146428765	-32405.21912053765	301.7323909489079	0.5103390730215903	136
754000	-52863.39216919183	-32517.98201294183	300.66847623055656	0.5107628441566026	136
755000	-52988.479062469676	-32257.709531219676	306.3633929313052	0.5102663682474545	136
756000	-52831.25695601298	-32342.163206012978	302.7918606627387	0.5102728624759416	136
757000	-53119.30554939372	-32879.88562751872	299.1021316830586	0.5102843406331559	136
758000	-52839.063384662535	-32391.651275287535	302.1758811726591	0.5107663617051637	136
759000	-53052.68190884898	-32692.92019009898	300.88056644624953	0.5104209967678794	136
760000	-52788.04274166484	-32739.792741664838	296.276984946284	0.5107856535933107	136
761000	-52692.850553083124	-32139.901334333124	303.7355293497105	0.51046883253167	136
762000	-52948.27626295929	-32989.83095045929	294.949833596588	0.5108327362049715	136
763000	-52995.11633174094	-32730.397581740937	299.47600274509887	0.5107946100771341	136
764000	-52913.88103388115	-32679.236502631153	299.03156002037906	0.5103289187241788	136
765000	-52651.524872271	-32512.642059771002	297.6163744902443	0.5102591952443813	136
766000	-52890.135754795825	-32457.920911045825	301.9512929897103	0.5107662268080967	136
767000	-53129.95711719014	-33047.59383594014	296.7811177317079	0.5110152659987804	136
768000	-52683.164299953	-32296.945549953	301.27155366206046	0.5105415813725712	136
769000	-52975.111226034605	-32802.935444784605	298.1083845360668	0.5106748919976891	136
770000	-52920.69906598083	-32767.43344098083	297.82892652458884	0.5103585480442315	136
771000	-53136.68616488489	-33107.19397738489	295.99977830073203	0.5106349877602486	136
772000	-53097.264386098796	-33085.551495473796	295.73703235170456	0.5105791199711454	136
773000	-53045.953242197334	-32607.785273447334	302.0392694428176	0.5102216391603912	136
774000	-52888.937790053555	-32901.926071303555	295.3719935713738	0.5107231753262438	136
775000	-52968.32567648021	-32566.188957730214	301.506792537659	0.5110616989180479	136
776000	-53211.044260653245	-32775.882151278245	301.99484826127815	0.5108786715635416	136
777000	-53333.14603690345	-33259.58549002845	296.6510291903186	0.5105659191927944	136
778000	-53050.15856914381	-32731.20935039381	300.27743128741423	0.510120452299276	136
779000	-52544.92985853391	-32426.918139783913	297.30793735838586	0.5101194073194949	136
780000	-52965.301508488636	-32765.473383488636	298.5170363152968	0.5099870523581413	136
781000	-53466.74424978085	-33040.68174978085	301.8603724426998	0.5105589793255451	136
782000	-52965.89468132634	-32702.62905632634	299.454528177805	0.5110634334172806	136
783000	-52722.066177371045	-32281.296646121045	302.0777158455534	0.5105687420493306	136
784000	-52487.982158636114	-32539.259502386114	294.8061502686457	0.5110709284866103	136
785000	-52681.98646928898	-32639.754047413982	296.18805599220804	0.5109847642556884	136
786000	-53460.5755872662	-33024.9564466412	302.0016023590561	0.5100248166419746	136
787000	-53008.03219877353	-33029.38376127353	295.24839935477104	0.5109159858723968	136
788000	-52841.70912885055	-32414.033347600547	301.88421383058255	0.5105244806708256	136
789000	-52983.32654614404	-32650.80115551904	300.4780626278174	0.5103755601846153	136
790000	-53084.634025097606	-33060.891837597606	295.91480366885935	0.5100129330787205	136
791000	-53169.052143023466	-32882.893939898466	299.79283920368124	0.5104803877684941	136
792000	-53510.61028623085	-32959.19231748085	303.7129002357879	0.510428034357101	136
793000	-53258.92344029363	-32426.942971543627	307.8591080887921	0.5113525982723658	136
794000	-52667.72200015169	-31879.55207827669	307.21166720308025	0.5105891248228205	136
795000	-52828.47479356411	-32508.609559189113	300.29096834663585	0.5109704019322211	136
796000	-52999.07047092956	-33144.10562717956	293.4205788595372	0.5104059088983139	136
797000	-52940.1875810304	-32619.273518530397	300.3064681351262	0.5104036589696564	136
798000	-52911.97408656338	-32729.48971156338	298.2607269637244	0.5107645274710898	136
799000	-52804.21032679137	-32445.04626429137	300.87173416454	0.5103102411649759	136
800000	-53099.05378386734	-32331.32526824234	306.90958007767966	0.5104355482249907	136
801000	-53057.8156400607	-32770.0011869357	299.81731559220975	0.5109000221819053	136
802000	-53147.06681798865	-32689.22697423865	302.32998428392546	0.5106157284238634	136
803000	-52794.33696936137	-32985.15337561137	292.74401453511626	0.5107971757069976	136
804000	-52942.92394848094	-32663.115354730937	299.69900342643325	0.5106091996860302	136
805000	-52857.633436005046	-32571.965467255046	299.785594423586	0.510347827324007	136
806000	-52949.0959677127	-32558.338155212703	301.3386328211882	0.5108020039237866	136
807000	-53201.91198630747	-32505.753783182467	305.8518999111233	0.5103491708759129	136
808000	-53202.638082813944	-33255.222067188944	294.78684047628064	0.5106523437000315	136
809000	-52971.58970383446	-33002.90220383446	295.10119465961117	0.5109554215222976	136
810000	-53104.69092774228	-32775.73975586728	300.4252421195542	0.5103493218682271	136
811000	-53357.898772527566	-33135.717131902566	298.84738096943494	0.5107013263648411	136
812000	-52869.967093338055	-32277.463187088055	304.3200763078236	0.5107437660107728	136
813000	-53063.2142954144	-32606.5131235394	302.313156766812	0.5108664433252502	136
814000	-52770.52116099383	-32502.630535993827	299.5228773382243	0.5108736289089962	136
815000	-52985.72904286934	-32564.494667869338	301.7890214610459	0.5114970964879171	136
816000	-52625.50962078269	-32310.892433282686	300.21341167685256	0.5106894868743252	136
817000	-53122.03166805713	-32859.06291805713	299.45014090061596	0.5111746519468869	136
818000	-52388.990244652465	-32408.710947777465	295.2725005156452	0.5105916676701456	136
819000	-53000.072121747704	-32673.357277997704	300.39219322230747	0.5105507034679417	136
820000	-52946.285540257915	-32335.494524632915	304.5903268099377	0.5109695998296685	136
821000	-52828.712126512204	-32560.114470262204	299.5333259852141	0.5113273164458212	136
822000	-52843.75667038156	-32920.58870163156	294.42849806639634	0.5107817969698566	136
823000	-52988.84116487033	-32413.751321120333	304.0627278642854	0.5105971975411813	136
824000	-53154.948387373646	-33203.339012373646	294.8488107665763	0.5109113984501805	136
825000	-52360.117259923114	-32098.144603673114	299.43542043109994	0.5107801465188065	136
826000	-52878.7311488557	-32482.254586355702	301.42314563440937	0.5106332640246797	136
827000	-53433.41122938704	-33456.87607313704	295.21716886846457	0.5108386939583279	136
828000	-53230.17482442527	-32519.590840050267	306.06508694611364	0.5100817115268813	136
829000	-53180.27059674261	-32986.89169049261	298.4217284910972	0.5109253150627349	136
830000	-53202.416006343396	-32979.345693843396	298.8605139373364	0.5110717157584108	136
831000	-53131.53705566662	-33282.95111816662	293.3263101273035	0.511014521982112	136
832000	-52584.978706721246	-32637.150581721246	294.79293070974705	0.5111562306611438	136
833000	-52771.98365769479	-32525.928970194793	299.2001815555014	0.510696708436614	136
834000	-52830.18013160174	-32330.680131601737	302.9456462736822	0.5105880836495732	136
835000	-53087.50602560971	-32705.316572484713	301.212007919685	0.510740487527942	136
836000	-52729.450472452576	-32211.372347452576	303.22019746198816	0.5106861848888502	136
837000	-53006.64408109461	-32715.233924844608	299.8704536007958	0.5099301558710989	136
838000	-53524.17871236562	-33000.79980611562	303.29853345074577	0.5099535505373461	136
839000	-52938.41444237924	-32875.66248925424	296.4912976642373	0.510653663406157	136
840000	-52747.35743785991	-32634.912125359908	297.2256759110906	0.5105862039705553	136
841000	-52535.50191518499	-32321.216758934992	298.73068516893863	0.5106460242081794	136
842000	-52779.76867301015	-32614.55382926015	298.00551443144917	0.510957717900244	136
843000	-53168.714284402035	-32576.518971902035	304.3155158486403	0.5111325507053737	136
844000	-53375.979456208384	-33233.916956208384	297.66336453803257	0.5102292661541522	136
845000	-53178.21358893729	-32426.529995187288	306.67246506380945	0.5102191109762135	136
846000	-52990.96992193023	-33117.41328130523	293.69533209350317	0.5097943959166906	136
847000	-53392.44219007909	-33131.01250257909	299.42739633203047	0.5101928216705914	136
848000	-53057.57543122283	-32784.58519684783	299.598240369413	0.5105847222323986	136
849000	-52805.122332515835	-32274.046160640835	303.41228515733894	0.5111279126733503	136
850000	-53000.23392185553	-32641.017124980528	300.87251348351435	0.5100210639484298	136
851000	-53493.10154739472	-33378.38279739472	297.25927321798594	0.5094841110259373	136
852000	-53060.030550847856	-32485.614535222856	304.0527698996128	0.5099374702085482	136
853000	-53175.82226756769	-32949.86718944269	298.9031455716014	0.5102943004609392	136
854000	-52917.90557310597	-32330.92119810597	304.2385075885057	0.5106205766366301	136
855000	-52795.291681167706	-32189.471368667706	304.5168687806864	0.5110403252136488	136
856000	-53047.34361306045	-32867.11705056045	298.2273605661548	0.5112146089787015	136
857000	-52772.69812550316	-32627.477422378157	297.71003708549796	0.5100635566029207	136
858000	-52634.26673308742	-32210.323373712417	301.8290553653962	0.5104305331060989	136
859000	-52600.5675868261	-32337.094930576102	299.45758772637106	0.510329960956386	136
860000	-52894.40383349231	-32815.98977099231	296.7227553996269	0.510711417672752	136
861000	-53072.0113515776	-32201.042601577603	308.4352845838472	0.510844381916412	136
862000	-53198.94340963714	-32644.02153463714	303.7646816520853	0.5102286759733797	136
863000	-52927.88505161103	-32816.19364536103	297.2145345361236	0.5101986841029401	136
864000	-52685.5581930804	-32505.495693080396	298.22493601823453	0.5110384580579324	136
865000	-53296.75690327188	-32687.659247021882	304.56530201176054	0.5102942579845345	136
866000	-53145.51684440596	-32833.89575065596	300.1691348136418	0.5103259306664562	136
867000	-52798.951239667695	-32409.169989667695	301.3242009883293	0.5107363558319772	136
868000	-52743.00746085758	-32608.34730460758	297.5539712449628	0.5108618284762575	136
869000	-52609.248937570905	-32261.577062570905	300.7019003554575	0.5106652499255045	136
870000	-52645.18298386517	-32283.81579636517	300.9042923794695	0.5106728971210698	136
871000	-52958.99853976316	-32259.84619601316	305.89614791066845	0.5107068544420658	136
872000	-52597.403528540264	-32332.438684790264	299.4796395669793	0.5105558974165978	136
873000	-52914.216351609095	-32749.237835984095	298.0020219278974	0.5110427674291912	136
874000	-53013.615852961324	-32418.322884211324	304.36129362246845	0.5111963149708315	136
875000	-52807.86705102518	-32371.683457275183	302.0099439584485	0.5107615637889604	136
876000	-53406.20307729641	-33759.67182729641	290.3403061814846	0.5108788661101792	136
877000	-53256.58860235257	-33075.84836797757	298.23495171023853	0.5108171674442535	136
878000	-53177.35743408845	-32656.43555908845	303.262222959273	0.5097344005740935	136
879000	-53071.041362896656	-33250.189800396656	292.9164460741133	0.5104963042344495	136
880000	-52906.19435374296	-32678.28419749296	298.93203810098476	0.5105838435863553	136
881000	-52691.92368825411	-32135.277203879108	303.79016826891393	0.5111897322794783	136
882000	-53219.135346893156	-32976.295503143156	299.15267196173016	0.5107762990400775	136
883000	-52957.198878381474	-33002.792628381474	294.89014353588396	0.5106275247314792	136
884000	-52929.885778258125	-32488.286168883125	302.0899829034834	0.5101359514786568	136
885000	-52997.34684589625	-32799.26481464625	298.49123219814527	0.511024685426568	136
886000	-52826.350805230875	-32710.423070855875	297.2771398270652	0.5107593106134464	136
887000	-52562.105350498445	-32302.314334873445	299.4031797164934	0.5109562675690372	136
888000	-52985.569429062125	-32905.413179062125	296.748501789447	0.5106404434883831	136
889000	-52502.86465411703	-31949.95449786703	303.7349520763961	0.5097587401058242	136
890000	-53221.412087220495	-33062.849587220495	297.90720478601503	0.5105978781875147	136
891000	-53279.83917080796	-32814.76495205796	302.4368953017435	0.5110069785011406	136
892000	-52868.48105278388	-32991.80917778388	293.74136964032283	0.5108675951112488	136
893000	-52817.13162518425	-32583.20584393425	299.020938191395	0.5106857143074958	136
894000	-52582.01743167808	-31916.642431678083	305.39697967574796	0.5101910896374942	136
895000	-52800.44055226402	-32817.43469288902	295.312794192987	0.5105040780752189	136
896000	-52855.05376515102	-32346.907280776017	303.07342572181403	0.5107525288828527	136
897000	-52501.41373180349	-32213.546544303492	299.8180949111841	0.5108006983695499	136
898000	-52832.24919286551	-32715.108567865507	297.2950641634758	0.5109446543730093	136
899000	-52806.70841726357	-32351.716229763573	302.28790105930915	0.5107601506390307	136
900000	-52810.79938472427	-32797.84625972427	295.75536077943525	0.5112668006914702	136
901000	-53008.17068912769	-32916.59842350269	296.91720991556645	0.5101016516199922	136
902000	-52901.66564754482	-32294.665647544818	304.5343024347798	0.5102031981796628	136
903000	-53153.704550913404	-32814.368613413404	300.57871023017475	0.5104986228286981	136
904000	-52986.659386111656	-32851.257042361656	297.5649394379355	0.5104316398668081	136
905000	-52826.04110432418	-32368.252041824177	302.32923382861674	0.5114293211290446	136
906000	-53170.14449549157	-32913.04488611657	299.36340558513444	0.5108132957495659	136
907000	-53376.96616271232	-32917.14780333732	302.35922317729734	0.5110850590904544	136
908000	-53304.53285293017	-33106.81410293017	298.48586355632176	0.5108955631473963	136
909000	-53387.01221213694	-32688.463384011942	305.8872290379617	0.5106264121581695	136
910000	-52911.20315977753	-32836.70901915253	296.66482602253166	0.5096968467311985	136
911000	-52960.88329404604	-32797.08251279604	297.9846171374696	0.5098395048899489	136
912000	-52965.01096403506	-32007.087135910057	309.72032384526113	0.5097391786897841	136
913000	-52994.64493437304	-33055.81485624804	294.65995580178594	0.5100780171286745	136
914000	-53382.33144244408	-33583.22206744408	292.5951357473448	0.5101002486663269	136
915000	-52988.296995028766	-32692.070432528766	299.9416314004555	0.5104478050261173	136
916000	-53294.2362230698	-32676.478410569798	304.6932835055525	0.5104294815718143	136
917000	-53076.37757518735	-33003.18030956235	296.64566054849513	0.5109818570502003	136
918000	-53050.17428543157	-33127.44381668157	294.42203260527566	0.510712819687676	136
919000	-53178.32382034072	-33016.80819534072	297.95084664858	0.5101418835956366	136
920000	-53274.98877024274	-32798.76611399274	302.60164910565965	0.5108828882117504	136
921000	-52672.24527246612	-32469.28042871612	298.5633913624393	0.509903259602476	136
922000	-52973.118923269234	-32586.540798269234	301.27686457655244	0.5101283927282663	136
923000	-52896.95499942466	-32611.140546299663	299.7877591985149	0.5109375697609472	136
924000	-52605.930319504645	-32424.830710129645	298.2402626247306	0.5106110568677655	136
925000	-53130.7936356581	-32495.844416908098	304.94734149119887	0.5109431672639357	136
926000	-52747.76788555328	-32478.70147930328	299.54025326498635	0.5108543074722458	136
927000	-52730.2252733601	-32755.643242110098	295.1883052027469	0.5109330066018001	136
928000	-52818.757105649056	-32247.358668149056	304.00817553607914	0.5107279948682697	136
929000	-52903.53369714764	-32495.291509647643	301.59702035669227	0.5111477644013531	136
930000	-53594.37481942187	-33401.93536629687	298.4078450678871	0.5112096243146746	136
931000	-52799.070419164746	-32801.668075414746	295.52554827299156	0.5099491389007886	136
932000	-52848.47909404553	-32763.772062795528	296.815754130569	0.5106457020815147	136
933000	-52631.51239676893	-32312.90692801893	300.27235128224794	0.5111052023870777	136
934000	-53175.56252997326	-32939.83987372326	299.0474927638552	0.5103797639484184	136
935000	-52655.83022026834	-31895.56264214334	306.79932087463834	0.5107322625416679	136
936000	-52567.86125241917	-32505.95304929417	296.4788285606473	0.5105641822465904	136
937000	-52899.16833281399	-32221.50036406399	305.57864758777464	0.5106547065007128	136
938000	-52895.87780905097	-32225.393434050973	305.47248702526525	0.5098958393814153	136
939000	-52838.2522444843	-32388.720994484298	302.2071982499627	0.5103070686220669	136
940000	-53232.98346870552	-33231.66315620552	295.5834487864211	0.5107090095482054	136
941000	-53074.59067590393	-32869.05942590393	298.60131821919225	0.5104240264834117	136
942000	-52905.64314889044	-32807.42049264044	297.01549069733494	0.5100193121787843	136
943000	-52730.89059943286	-32343.14841193286	301.29406732132014	0.509932485659536	136
944000	-52636.90084669624	-32438.45162794624	298.4966585673002	0.5112780517744066	136
945000	-52759.517758047696	-32723.287289297696	296.0993579474578	0.5107494468491949	136
946000	-53102.29597681143	-32788.39167993643	300.2028764388657	0.5101452697369403	136
947000	-52927.73587260072	-32787.46634135072	297.6368676929038	0.5103116890608194	136
948000	-52771.394354165415	-32608.136541665415	297.97659303840015	0.5102901533569053	136
949000	-53049.26948421963	-32678.35346859463	301.0454068411629	0.5109754369737353	136
950000	-52457.92288477172	-32161.831087896717	299.93963980752096	0.5104832064347602	136
951000	-52865.60149024442	-32534.814380869422	300.4523739653288	0.5104571994513635	136
952000	-52988.028340846045	-32856.510762721045	297.50752960682314	0.5099742378651264	136
953000	-52876.47342910371	-32806.04374160371	296.6047607341732	0.5100292967125892	136
954000	-52963.58822641209	-32427.48861703709	303.4865225055646	0.5109978960606459	136
955000	-53132.43382810479	-32455.21312497979	305.5720378083253	0.5102783040874104	136
956000	-52712.72561843488	-32329.13382155988	301.23273203167025	0.510522933625777	136
957000	-52860.623965834624	-32796.571231459624	296.51052086560526	0.5102809903507978	136
958000	-52663.76305111765	-32125.782582367647	303.5143182156507	0.5102673610632178	136
959000	-52988.467110233825	-32669.193672733825	300.28222265592336	0.5103678743011518	136
960000	-53072.68534987051	-32692.58378737051	301.18115266103285	0.5108785315584575	136
961000	-52919.59921799449	-32779.56992111949	297.63331746202056	0.5104387697525682	136
962000	-53069.189827569564	-32495.244515069564	304.0458137561749	0.5103808102838913	136
963000	-52480.69140789434	-32285.195314144337	298.4530167047351	0.5106482312618513	136
964000	-53550.38952651517	-33060.71374526517	302.80046203512256	0.5102651405472818	136
965000	-52565.09794406815	-31966.578412818148	304.40897639823396	0.5106677874998843	136
966000	-52925.54974161108	-32848.59466348608	296.7011942413358	0.5099818955775292	136
967000	-53269.85286252175	-33158.60286252175	297.20801134767146	0.5103160049327378	136
968000	-53135.05370583616	-32442.50683083616	305.79853099321144	0.5106279009763814	136
969000	-53320.02072116071	-32751.567596160712	303.964649128177	0.510232607874063	136
970000	-53232.59859100444	-32947.03218475444	299.78409351296875	0.5104759360507949	136
971000	-52896.801727534665	-32674.204071284665	298.8535289302328	0.5097241973294733	136
972000	-53012.68174967864	-32468.03331217864	303.6128587704106	0.510385678856813	136
973000	-53143.354526774194	-32290.475620524194	308.16794931197063	0.5102630451939738	136
974000	-52928.664945064855	-32474.485257564855	302.27589377437056	0.5104783602157353	136
975000	-53597.3198578716	-33504.4956391216	296.9357115252915	0.5105771302259231	136
976000	-52935.712260289925	-32773.636088414925	297.959130520641	0.5111836517439231	136
977000	-52897.22275838797	-32552.351664637972	300.6605098588185	0.5097735241854725	136
978000	-53281.28907239604	-33062.90040052104	298.79132773061133	0.5107324462266434	136
979000	-52942.85347636313	-32640.658163863132	300.0298387628885	0.5102004949690965	136
980000	-53121.48274460489	-33000.81477585489	297.3471919437618	0.510249728880718	136
981000	-52747.05971274874	-32547.63588462374	298.5110615364933	0.5106665975216366	136
982000	-52993.91137253936	-32111.42113816436	308.6055513479154	0.5110654310933936	136
983000	-53094.23578206304	-32984.32953206304	297.18815314565774	0.5104043087478122	136
984000	-53071.98034951158	-33053.14441201158	295.8422981405767	0.5101852679994002	136
985000	-53230.03905367732	-32864.95311617732	300.9592487989958	0.5104549996875577	136
986000	-53429.822542913964	-33212.793246038964	298.77123861927186	0.510205679343974	136
987000	-52869.3245540335	-33027.3401790335	293.22875093717795	0.510320523064169	136
988000	-53315.95692326316	-33103.25379826316	298.7073055997073	0.5104677615829395	136
989000	-53162.78702376554	-33251.03311751554	294.25981880394266	0.5103395329110092	136
990000	-53131.80569727922	-32865.22757227922	299.5034809548621	0.510398883901261	136
991000	-52961.24842643923	-32951.68592643923	295.7052534557494	0.5103680146479169	136
992000	-53262.89281454548	-32599.830314545477	305.3628050955383	0.510464573179192	136
993000	-52941.2577600326	-32841.8788537826	297.03257798743977	0.5099537961423511	136
994000	-52959.76805193891	-32573.39305193891	301.2738627553178	0.5103793604282705	136
995000	-52822.30264146417	-32469.95107896417	300.7710576985169	0.5109136722680229	136
996000	-52781.13271911391	-32277.714750363913	303.0035467871117	0.5109448944182811	136
997000	-53538.03882140741	-33241.00171203241	299.9536098217283	0.5109219613509721	136
998000	-52953.499266261875	-32764.635985011875	298.3549956959581	0.5108044714214853	136
999000	-53105.105251307104	-32665.034938807104	302.0673826532265	0.5100608272087885	136
1000000	-52773.679175309546	-32578.642065934546	298.4462337432915	0.5105388149887435	136
#   HarmonicBondForce 5409.0352783203125 kJ/mol
#   RBTorsionForce 3196.347499847412 kJ/mol
#   NonbondedForce -59095.60345039732 kJ/mol
#   LennardJones -17837.39345104748 kJ/mol
#   CMMotionRemover 0.0 kJ/mol
#   HarmonicAngleForce 8370.890144348145 kJ/mol
#   LennardJones14 7183.046676419675 kJ/mol
#   MonteCarloAnisotropicBarostat 0.0 kJ/mol
# state saved to state.xml

# 2025-12-04 11:19:45.319934
